[2026-01-27T13:13:51.339+0000] {local_task_job_runner.py:120} INFO - ::group::Pre task execution logs
[2026-01-27T13:13:51.424+0000] {taskinstance.py:2073} INFO - Dependencies all met for dep_context=non-requeueable deps ti=<TaskInstance: ml_retraining_pipeline.model_retraining_task manual__2026-01-27T13:13:46.494447+00:00 [queued]>
[2026-01-27T13:13:51.462+0000] {taskinstance.py:2073} INFO - Dependencies all met for dep_context=requeueable deps ti=<TaskInstance: ml_retraining_pipeline.model_retraining_task manual__2026-01-27T13:13:46.494447+00:00 [queued]>
[2026-01-27T13:13:51.464+0000] {taskinstance.py:2303} INFO - Starting attempt 1 of 1
[2026-01-27T13:13:51.523+0000] {taskinstance.py:2327} INFO - Executing <Task(PythonOperator): model_retraining_task> on 2026-01-27 13:13:46.494447+00:00
[2026-01-27T13:13:51.573+0000] {warnings.py:110} WARNING - /home/***/.local/lib/python3.12/site-packages/***/task/task_runner/standard_task_runner.py:61: DeprecationWarning: This process (pid=307) is multi-threaded, use of fork() may lead to deadlocks in the child.
  pid = os.fork()

[2026-01-27T13:13:51.579+0000] {standard_task_runner.py:63} INFO - Started process 317 to run task
[2026-01-27T13:13:51.579+0000] {standard_task_runner.py:90} INFO - Running: ['***', 'tasks', 'run', 'ml_retraining_pipeline', 'model_retraining_task', 'manual__2026-01-27T13:13:46.494447+00:00', '--job-id', '380', '--raw', '--subdir', 'DAGS_FOLDER/retraining.py', '--cfg-path', '/tmp/tmp6lbup0uf']
[2026-01-27T13:13:51.610+0000] {standard_task_runner.py:91} INFO - Job 380: Subtask model_retraining_task
[2026-01-27T13:13:51.764+0000] {task_command.py:426} INFO - Running <TaskInstance: ml_retraining_pipeline.model_retraining_task manual__2026-01-27T13:13:46.494447+00:00 [running]> on host 406e58cacf5a
[2026-01-27T13:13:52.130+0000] {taskinstance.py:2644} INFO - Exporting env vars: AIRFLOW_CTX_DAG_OWNER='***' AIRFLOW_CTX_DAG_ID='ml_retraining_pipeline' AIRFLOW_CTX_TASK_ID='model_retraining_task' AIRFLOW_CTX_EXECUTION_DATE='2026-01-27T13:13:46.494447+00:00' AIRFLOW_CTX_TRY_NUMBER='1' AIRFLOW_CTX_DAG_RUN_ID='manual__2026-01-27T13:13:46.494447+00:00'
[2026-01-27T13:13:52.133+0000] {taskinstance.py:430} INFO - ::endgroup::
[2026-01-27T13:13:52.165+0000] {logging_mixin.py:188} INFO - Connexion à RDS en cours...
[2026-01-27T13:13:53.737+0000] {logging_mixin.py:188} INFO - Extraction réussie : 5834 lignes de réf
[2026-01-27T13:13:53.781+0000] {warnings.py:110} WARNING - /opt/***/src/train_finetune.py:89: SettingWithCopyWarning: 
A value is trying to be set on a copy of a slice from a DataFrame

See the caveats in the documentation: https://pandas.pydata.org/pandas-docs/stable/user_guide/indexing.html#returning-a-view-versus-a-copy
  new_customers.drop(columns=["ct_Last_training"], inplace=True)

[2026-01-27T13:13:53.786+0000] {warnings.py:110} WARNING - /opt/***/src/train_finetune.py:90: SettingWithCopyWarning: 
A value is trying to be set on a copy of a slice from a DataFrame

See the caveats in the documentation: https://pandas.pydata.org/pandas-docs/stable/user_guide/indexing.html#returning-a-view-versus-a-copy
  old_customers.drop(columns=["ct_Last_training"], inplace=True)

[2026-01-27T13:13:54.721+0000] {logging_mixin.py:188} WARNING - 2026/01/27 13:13:54 WARNING mlflow.utils.git_utils: Failed to import Git (the Git executable is probably not on your PATH), so Git SHA is not available. Error: Failed to initialize: Bad git executable.
The git executable must be specified in one of the following ways:
    - be included in your $PATH
    - be set via $GIT_PYTHON_GIT_EXECUTABLE
    - explicitly set via git.refresh(<full-path-to-git-executable>)

All git commands will error until this is rectified.

This initial message can be silenced or aggravated in the future by setting the
$GIT_PYTHON_REFRESH environment variable. Use one of the following values:
    - quiet|q|silence|s|silent|none|n|0: for no message or exception
    - warn|w|warning|log|l|1: for a warning message (logging level CRITICAL, displayed by default)
    - error|e|exception|raise|r|2: for a raised exception

Example:
    export GIT_PYTHON_REFRESH=quiet
[2026-01-27T13:13:55.057+0000] {logging_mixin.py:188} WARNING - 2026/01/27 13:13:55 WARNING mlflow.utils.autologging_utils: MLflow autologging encountered a warning: "/home/***/.local/lib/python3.12/site-packages/mlflow/types/utils.py:452: UserWarning: Hint: Inferred schema contains integer column(s). Integer columns in Python cannot represent missing values. If your input data contains missing values at inference time, it will be encoded as floats and will cause a schema enforcement error. The best way to avoid this problem is to infer the model schema based on a realistic data sample (training dataset) that includes missing values. Alternatively, you can declare integer columns as doubles (float64) whenever these columns may have missing values. See `Handling Integers With Missing Values <https://www.mlflow.org/docs/latest/models.html#handling-integers-with-missing-values>`_ for more details."
[2026-01-27T13:13:55.071+0000] {logging_and_warnings.py:73} WARNING - /home/***/.local/lib/python3.12/site-packages/joblib/parallel.py:1379: UserWarning: Loky-backed parallel loops cannot be called in a multiprocessing, setting n_jobs=1
  n_jobs = self._backend.configure(

[2026-01-27T13:13:55.154+0000] {logging_and_warnings.py:73} WARNING - /home/***/.local/lib/python3.12/site-packages/sklearn/linear_model/_logistic.py:1135: FutureWarning: 'penalty' was deprecated in version 1.8 and will be removed in 1.10. To avoid this warning, leave 'penalty' set to its default value and use 'l1_ratio' or 'C' instead. Use l1_ratio=0 instead of penalty='l2', l1_ratio=1 instead of penalty='l1', and C=np.inf instead of penalty=None.
  warnings.warn(

[2026-01-27T13:13:55.261+0000] {logging_and_warnings.py:73} WARNING - /home/***/.local/lib/python3.12/site-packages/sklearn/linear_model/_logistic.py:1135: FutureWarning: 'penalty' was deprecated in version 1.8 and will be removed in 1.10. To avoid this warning, leave 'penalty' set to its default value and use 'l1_ratio' or 'C' instead. Use l1_ratio=0 instead of penalty='l2', l1_ratio=1 instead of penalty='l1', and C=np.inf instead of penalty=None.
  warnings.warn(

[2026-01-27T13:13:55.401+0000] {logging_and_warnings.py:73} WARNING - /home/***/.local/lib/python3.12/site-packages/sklearn/linear_model/_logistic.py:1135: FutureWarning: 'penalty' was deprecated in version 1.8 and will be removed in 1.10. To avoid this warning, leave 'penalty' set to its default value and use 'l1_ratio' or 'C' instead. Use l1_ratio=0 instead of penalty='l2', l1_ratio=1 instead of penalty='l1', and C=np.inf instead of penalty=None.
  warnings.warn(

[2026-01-27T13:13:55.555+0000] {logging_and_warnings.py:73} WARNING - /home/***/.local/lib/python3.12/site-packages/sklearn/linear_model/_logistic.py:1135: FutureWarning: 'penalty' was deprecated in version 1.8 and will be removed in 1.10. To avoid this warning, leave 'penalty' set to its default value and use 'l1_ratio' or 'C' instead. Use l1_ratio=0 instead of penalty='l2', l1_ratio=1 instead of penalty='l1', and C=np.inf instead of penalty=None.
  warnings.warn(

[2026-01-27T13:13:55.838+0000] {logging_and_warnings.py:73} WARNING - /home/***/.local/lib/python3.12/site-packages/sklearn/linear_model/_logistic.py:1135: FutureWarning: 'penalty' was deprecated in version 1.8 and will be removed in 1.10. To avoid this warning, leave 'penalty' set to its default value and use 'l1_ratio' or 'C' instead. Use l1_ratio=0 instead of penalty='l2', l1_ratio=1 instead of penalty='l1', and C=np.inf instead of penalty=None.
  warnings.warn(

[2026-01-27T13:13:56.064+0000] {logging_and_warnings.py:73} WARNING - /home/***/.local/lib/python3.12/site-packages/sklearn/linear_model/_logistic.py:1135: FutureWarning: 'penalty' was deprecated in version 1.8 and will be removed in 1.10. To avoid this warning, leave 'penalty' set to its default value and use 'l1_ratio' or 'C' instead. Use l1_ratio=0 instead of penalty='l2', l1_ratio=1 instead of penalty='l1', and C=np.inf instead of penalty=None.
  warnings.warn(

[2026-01-27T13:13:56.195+0000] {logging_and_warnings.py:73} WARNING - /home/***/.local/lib/python3.12/site-packages/sklearn/linear_model/_logistic.py:1135: FutureWarning: 'penalty' was deprecated in version 1.8 and will be removed in 1.10. To avoid this warning, leave 'penalty' set to its default value and use 'l1_ratio' or 'C' instead. Use l1_ratio=0 instead of penalty='l2', l1_ratio=1 instead of penalty='l1', and C=np.inf instead of penalty=None.
  warnings.warn(

[2026-01-27T13:13:56.305+0000] {logging_and_warnings.py:73} WARNING - /home/***/.local/lib/python3.12/site-packages/sklearn/linear_model/_logistic.py:1135: FutureWarning: 'penalty' was deprecated in version 1.8 and will be removed in 1.10. To avoid this warning, leave 'penalty' set to its default value and use 'l1_ratio' or 'C' instead. Use l1_ratio=0 instead of penalty='l2', l1_ratio=1 instead of penalty='l1', and C=np.inf instead of penalty=None.
  warnings.warn(

[2026-01-27T13:13:56.477+0000] {logging_and_warnings.py:73} WARNING - /home/***/.local/lib/python3.12/site-packages/sklearn/linear_model/_logistic.py:1135: FutureWarning: 'penalty' was deprecated in version 1.8 and will be removed in 1.10. To avoid this warning, leave 'penalty' set to its default value and use 'l1_ratio' or 'C' instead. Use l1_ratio=0 instead of penalty='l2', l1_ratio=1 instead of penalty='l1', and C=np.inf instead of penalty=None.
  warnings.warn(

[2026-01-27T13:13:56.684+0000] {logging_and_warnings.py:73} WARNING - /home/***/.local/lib/python3.12/site-packages/sklearn/linear_model/_logistic.py:1135: FutureWarning: 'penalty' was deprecated in version 1.8 and will be removed in 1.10. To avoid this warning, leave 'penalty' set to its default value and use 'l1_ratio' or 'C' instead. Use l1_ratio=0 instead of penalty='l2', l1_ratio=1 instead of penalty='l1', and C=np.inf instead of penalty=None.
  warnings.warn(

[2026-01-27T13:13:56.837+0000] {logging_and_warnings.py:73} WARNING - /home/***/.local/lib/python3.12/site-packages/sklearn/linear_model/_logistic.py:1135: FutureWarning: 'penalty' was deprecated in version 1.8 and will be removed in 1.10. To avoid this warning, leave 'penalty' set to its default value and use 'l1_ratio' or 'C' instead. Use l1_ratio=0 instead of penalty='l2', l1_ratio=1 instead of penalty='l1', and C=np.inf instead of penalty=None.
  warnings.warn(

[2026-01-27T13:13:56.840+0000] {logging_and_warnings.py:73} WARNING - /home/***/.local/lib/python3.12/site-packages/sklearn/linear_model/_logistic.py:1160: UserWarning: Inconsistent values: penalty=l2 with l1_ratio=1.0. penalty is deprecated. Please use l1_ratio only.
  warnings.warn(

[2026-01-27T13:13:56.982+0000] {logging_and_warnings.py:73} WARNING - /home/***/.local/lib/python3.12/site-packages/sklearn/linear_model/_logistic.py:1135: FutureWarning: 'penalty' was deprecated in version 1.8 and will be removed in 1.10. To avoid this warning, leave 'penalty' set to its default value and use 'l1_ratio' or 'C' instead. Use l1_ratio=0 instead of penalty='l2', l1_ratio=1 instead of penalty='l1', and C=np.inf instead of penalty=None.
  warnings.warn(

[2026-01-27T13:13:56.984+0000] {logging_and_warnings.py:73} WARNING - /home/***/.local/lib/python3.12/site-packages/sklearn/linear_model/_logistic.py:1160: UserWarning: Inconsistent values: penalty=l2 with l1_ratio=1.0. penalty is deprecated. Please use l1_ratio only.
  warnings.warn(

[2026-01-27T13:13:57.107+0000] {logging_and_warnings.py:73} WARNING - /home/***/.local/lib/python3.12/site-packages/sklearn/linear_model/_logistic.py:1135: FutureWarning: 'penalty' was deprecated in version 1.8 and will be removed in 1.10. To avoid this warning, leave 'penalty' set to its default value and use 'l1_ratio' or 'C' instead. Use l1_ratio=0 instead of penalty='l2', l1_ratio=1 instead of penalty='l1', and C=np.inf instead of penalty=None.
  warnings.warn(

[2026-01-27T13:13:57.108+0000] {logging_and_warnings.py:73} WARNING - /home/***/.local/lib/python3.12/site-packages/sklearn/linear_model/_logistic.py:1160: UserWarning: Inconsistent values: penalty=l2 with l1_ratio=1.0. penalty is deprecated. Please use l1_ratio only.
  warnings.warn(

[2026-01-27T13:13:57.241+0000] {logging_and_warnings.py:73} WARNING - /home/***/.local/lib/python3.12/site-packages/sklearn/linear_model/_logistic.py:1135: FutureWarning: 'penalty' was deprecated in version 1.8 and will be removed in 1.10. To avoid this warning, leave 'penalty' set to its default value and use 'l1_ratio' or 'C' instead. Use l1_ratio=0 instead of penalty='l2', l1_ratio=1 instead of penalty='l1', and C=np.inf instead of penalty=None.
  warnings.warn(

[2026-01-27T13:13:57.242+0000] {logging_and_warnings.py:73} WARNING - /home/***/.local/lib/python3.12/site-packages/sklearn/linear_model/_logistic.py:1160: UserWarning: Inconsistent values: penalty=l2 with l1_ratio=1.0. penalty is deprecated. Please use l1_ratio only.
  warnings.warn(

[2026-01-27T13:13:57.344+0000] {logging_and_warnings.py:73} WARNING - /home/***/.local/lib/python3.12/site-packages/sklearn/linear_model/_logistic.py:1135: FutureWarning: 'penalty' was deprecated in version 1.8 and will be removed in 1.10. To avoid this warning, leave 'penalty' set to its default value and use 'l1_ratio' or 'C' instead. Use l1_ratio=0 instead of penalty='l2', l1_ratio=1 instead of penalty='l1', and C=np.inf instead of penalty=None.
  warnings.warn(

[2026-01-27T13:13:57.346+0000] {logging_and_warnings.py:73} WARNING - /home/***/.local/lib/python3.12/site-packages/sklearn/linear_model/_logistic.py:1160: UserWarning: Inconsistent values: penalty=l2 with l1_ratio=1.0. penalty is deprecated. Please use l1_ratio only.
  warnings.warn(

[2026-01-27T13:13:57.426+0000] {logging_and_warnings.py:73} WARNING - /home/***/.local/lib/python3.12/site-packages/sklearn/linear_model/_logistic.py:1135: FutureWarning: 'penalty' was deprecated in version 1.8 and will be removed in 1.10. To avoid this warning, leave 'penalty' set to its default value and use 'l1_ratio' or 'C' instead. Use l1_ratio=0 instead of penalty='l2', l1_ratio=1 instead of penalty='l1', and C=np.inf instead of penalty=None.
  warnings.warn(

[2026-01-27T13:13:57.427+0000] {logging_and_warnings.py:73} WARNING - /home/***/.local/lib/python3.12/site-packages/sklearn/linear_model/_logistic.py:1160: UserWarning: Inconsistent values: penalty=l2 with l1_ratio=1.0. penalty is deprecated. Please use l1_ratio only.
  warnings.warn(

[2026-01-27T13:13:57.516+0000] {logging_and_warnings.py:73} WARNING - /home/***/.local/lib/python3.12/site-packages/sklearn/linear_model/_logistic.py:1135: FutureWarning: 'penalty' was deprecated in version 1.8 and will be removed in 1.10. To avoid this warning, leave 'penalty' set to its default value and use 'l1_ratio' or 'C' instead. Use l1_ratio=0 instead of penalty='l2', l1_ratio=1 instead of penalty='l1', and C=np.inf instead of penalty=None.
  warnings.warn(

[2026-01-27T13:13:57.517+0000] {logging_and_warnings.py:73} WARNING - /home/***/.local/lib/python3.12/site-packages/sklearn/linear_model/_logistic.py:1160: UserWarning: Inconsistent values: penalty=l2 with l1_ratio=1.0. penalty is deprecated. Please use l1_ratio only.
  warnings.warn(

[2026-01-27T13:13:57.611+0000] {logging_and_warnings.py:73} WARNING - /home/***/.local/lib/python3.12/site-packages/sklearn/linear_model/_logistic.py:1135: FutureWarning: 'penalty' was deprecated in version 1.8 and will be removed in 1.10. To avoid this warning, leave 'penalty' set to its default value and use 'l1_ratio' or 'C' instead. Use l1_ratio=0 instead of penalty='l2', l1_ratio=1 instead of penalty='l1', and C=np.inf instead of penalty=None.
  warnings.warn(

[2026-01-27T13:13:57.612+0000] {logging_and_warnings.py:73} WARNING - /home/***/.local/lib/python3.12/site-packages/sklearn/linear_model/_logistic.py:1160: UserWarning: Inconsistent values: penalty=l2 with l1_ratio=1.0. penalty is deprecated. Please use l1_ratio only.
  warnings.warn(

[2026-01-27T13:13:57.701+0000] {logging_and_warnings.py:73} WARNING - /home/***/.local/lib/python3.12/site-packages/sklearn/linear_model/_logistic.py:1135: FutureWarning: 'penalty' was deprecated in version 1.8 and will be removed in 1.10. To avoid this warning, leave 'penalty' set to its default value and use 'l1_ratio' or 'C' instead. Use l1_ratio=0 instead of penalty='l2', l1_ratio=1 instead of penalty='l1', and C=np.inf instead of penalty=None.
  warnings.warn(

[2026-01-27T13:13:57.702+0000] {logging_and_warnings.py:73} WARNING - /home/***/.local/lib/python3.12/site-packages/sklearn/linear_model/_logistic.py:1160: UserWarning: Inconsistent values: penalty=l2 with l1_ratio=1.0. penalty is deprecated. Please use l1_ratio only.
  warnings.warn(

[2026-01-27T13:13:57.791+0000] {logging_and_warnings.py:73} WARNING - /home/***/.local/lib/python3.12/site-packages/sklearn/linear_model/_logistic.py:1135: FutureWarning: 'penalty' was deprecated in version 1.8 and will be removed in 1.10. To avoid this warning, leave 'penalty' set to its default value and use 'l1_ratio' or 'C' instead. Use l1_ratio=0 instead of penalty='l2', l1_ratio=1 instead of penalty='l1', and C=np.inf instead of penalty=None.
  warnings.warn(

[2026-01-27T13:13:57.792+0000] {logging_and_warnings.py:73} WARNING - /home/***/.local/lib/python3.12/site-packages/sklearn/linear_model/_logistic.py:1160: UserWarning: Inconsistent values: penalty=l2 with l1_ratio=1.0. penalty is deprecated. Please use l1_ratio only.
  warnings.warn(

[2026-01-27T13:13:57.878+0000] {logging_and_warnings.py:73} WARNING - /home/***/.local/lib/python3.12/site-packages/sklearn/linear_model/_logistic.py:1135: FutureWarning: 'penalty' was deprecated in version 1.8 and will be removed in 1.10. To avoid this warning, leave 'penalty' set to its default value and use 'l1_ratio' or 'C' instead. Use l1_ratio=0 instead of penalty='l2', l1_ratio=1 instead of penalty='l1', and C=np.inf instead of penalty=None.
  warnings.warn(

[2026-01-27T13:13:57.958+0000] {logging_and_warnings.py:73} WARNING - /home/***/.local/lib/python3.12/site-packages/sklearn/linear_model/_logistic.py:1135: FutureWarning: 'penalty' was deprecated in version 1.8 and will be removed in 1.10. To avoid this warning, leave 'penalty' set to its default value and use 'l1_ratio' or 'C' instead. Use l1_ratio=0 instead of penalty='l2', l1_ratio=1 instead of penalty='l1', and C=np.inf instead of penalty=None.
  warnings.warn(

[2026-01-27T13:13:58.031+0000] {logging_and_warnings.py:73} WARNING - /home/***/.local/lib/python3.12/site-packages/sklearn/linear_model/_logistic.py:1135: FutureWarning: 'penalty' was deprecated in version 1.8 and will be removed in 1.10. To avoid this warning, leave 'penalty' set to its default value and use 'l1_ratio' or 'C' instead. Use l1_ratio=0 instead of penalty='l2', l1_ratio=1 instead of penalty='l1', and C=np.inf instead of penalty=None.
  warnings.warn(

[2026-01-27T13:13:58.102+0000] {logging_and_warnings.py:73} WARNING - /home/***/.local/lib/python3.12/site-packages/sklearn/linear_model/_logistic.py:1135: FutureWarning: 'penalty' was deprecated in version 1.8 and will be removed in 1.10. To avoid this warning, leave 'penalty' set to its default value and use 'l1_ratio' or 'C' instead. Use l1_ratio=0 instead of penalty='l2', l1_ratio=1 instead of penalty='l1', and C=np.inf instead of penalty=None.
  warnings.warn(

[2026-01-27T13:13:58.178+0000] {logging_and_warnings.py:73} WARNING - /home/***/.local/lib/python3.12/site-packages/sklearn/linear_model/_logistic.py:1135: FutureWarning: 'penalty' was deprecated in version 1.8 and will be removed in 1.10. To avoid this warning, leave 'penalty' set to its default value and use 'l1_ratio' or 'C' instead. Use l1_ratio=0 instead of penalty='l2', l1_ratio=1 instead of penalty='l1', and C=np.inf instead of penalty=None.
  warnings.warn(

[2026-01-27T13:13:58.261+0000] {logging_and_warnings.py:73} WARNING - /home/***/.local/lib/python3.12/site-packages/sklearn/linear_model/_logistic.py:1135: FutureWarning: 'penalty' was deprecated in version 1.8 and will be removed in 1.10. To avoid this warning, leave 'penalty' set to its default value and use 'l1_ratio' or 'C' instead. Use l1_ratio=0 instead of penalty='l2', l1_ratio=1 instead of penalty='l1', and C=np.inf instead of penalty=None.
  warnings.warn(

[2026-01-27T13:13:58.355+0000] {logging_and_warnings.py:73} WARNING - /home/***/.local/lib/python3.12/site-packages/sklearn/linear_model/_logistic.py:1135: FutureWarning: 'penalty' was deprecated in version 1.8 and will be removed in 1.10. To avoid this warning, leave 'penalty' set to its default value and use 'l1_ratio' or 'C' instead. Use l1_ratio=0 instead of penalty='l2', l1_ratio=1 instead of penalty='l1', and C=np.inf instead of penalty=None.
  warnings.warn(

[2026-01-27T13:13:58.445+0000] {logging_and_warnings.py:73} WARNING - /home/***/.local/lib/python3.12/site-packages/sklearn/linear_model/_logistic.py:1135: FutureWarning: 'penalty' was deprecated in version 1.8 and will be removed in 1.10. To avoid this warning, leave 'penalty' set to its default value and use 'l1_ratio' or 'C' instead. Use l1_ratio=0 instead of penalty='l2', l1_ratio=1 instead of penalty='l1', and C=np.inf instead of penalty=None.
  warnings.warn(

[2026-01-27T13:13:58.539+0000] {logging_and_warnings.py:73} WARNING - /home/***/.local/lib/python3.12/site-packages/sklearn/linear_model/_logistic.py:1135: FutureWarning: 'penalty' was deprecated in version 1.8 and will be removed in 1.10. To avoid this warning, leave 'penalty' set to its default value and use 'l1_ratio' or 'C' instead. Use l1_ratio=0 instead of penalty='l2', l1_ratio=1 instead of penalty='l1', and C=np.inf instead of penalty=None.
  warnings.warn(

[2026-01-27T13:13:58.642+0000] {logging_and_warnings.py:73} WARNING - /home/***/.local/lib/python3.12/site-packages/sklearn/linear_model/_logistic.py:1135: FutureWarning: 'penalty' was deprecated in version 1.8 and will be removed in 1.10. To avoid this warning, leave 'penalty' set to its default value and use 'l1_ratio' or 'C' instead. Use l1_ratio=0 instead of penalty='l2', l1_ratio=1 instead of penalty='l1', and C=np.inf instead of penalty=None.
  warnings.warn(

[2026-01-27T13:13:58.741+0000] {logging_and_warnings.py:73} WARNING - /home/***/.local/lib/python3.12/site-packages/sklearn/linear_model/_logistic.py:1135: FutureWarning: 'penalty' was deprecated in version 1.8 and will be removed in 1.10. To avoid this warning, leave 'penalty' set to its default value and use 'l1_ratio' or 'C' instead. Use l1_ratio=0 instead of penalty='l2', l1_ratio=1 instead of penalty='l1', and C=np.inf instead of penalty=None.
  warnings.warn(

[2026-01-27T13:13:58.742+0000] {logging_and_warnings.py:73} WARNING - /home/***/.local/lib/python3.12/site-packages/sklearn/linear_model/_logistic.py:1160: UserWarning: Inconsistent values: penalty=l2 with l1_ratio=1.0. penalty is deprecated. Please use l1_ratio only.
  warnings.warn(

[2026-01-27T13:13:58.833+0000] {logging_and_warnings.py:73} WARNING - /home/***/.local/lib/python3.12/site-packages/sklearn/linear_model/_logistic.py:1135: FutureWarning: 'penalty' was deprecated in version 1.8 and will be removed in 1.10. To avoid this warning, leave 'penalty' set to its default value and use 'l1_ratio' or 'C' instead. Use l1_ratio=0 instead of penalty='l2', l1_ratio=1 instead of penalty='l1', and C=np.inf instead of penalty=None.
  warnings.warn(

[2026-01-27T13:13:58.834+0000] {logging_and_warnings.py:73} WARNING - /home/***/.local/lib/python3.12/site-packages/sklearn/linear_model/_logistic.py:1160: UserWarning: Inconsistent values: penalty=l2 with l1_ratio=1.0. penalty is deprecated. Please use l1_ratio only.
  warnings.warn(

[2026-01-27T13:13:58.919+0000] {logging_and_warnings.py:73} WARNING - /home/***/.local/lib/python3.12/site-packages/sklearn/linear_model/_logistic.py:1135: FutureWarning: 'penalty' was deprecated in version 1.8 and will be removed in 1.10. To avoid this warning, leave 'penalty' set to its default value and use 'l1_ratio' or 'C' instead. Use l1_ratio=0 instead of penalty='l2', l1_ratio=1 instead of penalty='l1', and C=np.inf instead of penalty=None.
  warnings.warn(

[2026-01-27T13:13:58.920+0000] {logging_and_warnings.py:73} WARNING - /home/***/.local/lib/python3.12/site-packages/sklearn/linear_model/_logistic.py:1160: UserWarning: Inconsistent values: penalty=l2 with l1_ratio=1.0. penalty is deprecated. Please use l1_ratio only.
  warnings.warn(

[2026-01-27T13:13:59.004+0000] {logging_and_warnings.py:73} WARNING - /home/***/.local/lib/python3.12/site-packages/sklearn/linear_model/_logistic.py:1135: FutureWarning: 'penalty' was deprecated in version 1.8 and will be removed in 1.10. To avoid this warning, leave 'penalty' set to its default value and use 'l1_ratio' or 'C' instead. Use l1_ratio=0 instead of penalty='l2', l1_ratio=1 instead of penalty='l1', and C=np.inf instead of penalty=None.
  warnings.warn(

[2026-01-27T13:13:59.005+0000] {logging_and_warnings.py:73} WARNING - /home/***/.local/lib/python3.12/site-packages/sklearn/linear_model/_logistic.py:1160: UserWarning: Inconsistent values: penalty=l2 with l1_ratio=1.0. penalty is deprecated. Please use l1_ratio only.
  warnings.warn(

[2026-01-27T13:13:59.102+0000] {logging_and_warnings.py:73} WARNING - /home/***/.local/lib/python3.12/site-packages/sklearn/linear_model/_logistic.py:1135: FutureWarning: 'penalty' was deprecated in version 1.8 and will be removed in 1.10. To avoid this warning, leave 'penalty' set to its default value and use 'l1_ratio' or 'C' instead. Use l1_ratio=0 instead of penalty='l2', l1_ratio=1 instead of penalty='l1', and C=np.inf instead of penalty=None.
  warnings.warn(

[2026-01-27T13:13:59.103+0000] {logging_and_warnings.py:73} WARNING - /home/***/.local/lib/python3.12/site-packages/sklearn/linear_model/_logistic.py:1160: UserWarning: Inconsistent values: penalty=l2 with l1_ratio=1.0. penalty is deprecated. Please use l1_ratio only.
  warnings.warn(

[2026-01-27T13:13:59.185+0000] {logging_and_warnings.py:73} WARNING - /home/***/.local/lib/python3.12/site-packages/sklearn/linear_model/_logistic.py:1135: FutureWarning: 'penalty' was deprecated in version 1.8 and will be removed in 1.10. To avoid this warning, leave 'penalty' set to its default value and use 'l1_ratio' or 'C' instead. Use l1_ratio=0 instead of penalty='l2', l1_ratio=1 instead of penalty='l1', and C=np.inf instead of penalty=None.
  warnings.warn(

[2026-01-27T13:13:59.186+0000] {logging_and_warnings.py:73} WARNING - /home/***/.local/lib/python3.12/site-packages/sklearn/linear_model/_logistic.py:1160: UserWarning: Inconsistent values: penalty=l2 with l1_ratio=1.0. penalty is deprecated. Please use l1_ratio only.
  warnings.warn(

[2026-01-27T13:13:59.295+0000] {logging_and_warnings.py:73} WARNING - /home/***/.local/lib/python3.12/site-packages/sklearn/linear_model/_logistic.py:1135: FutureWarning: 'penalty' was deprecated in version 1.8 and will be removed in 1.10. To avoid this warning, leave 'penalty' set to its default value and use 'l1_ratio' or 'C' instead. Use l1_ratio=0 instead of penalty='l2', l1_ratio=1 instead of penalty='l1', and C=np.inf instead of penalty=None.
  warnings.warn(

[2026-01-27T13:13:59.296+0000] {logging_and_warnings.py:73} WARNING - /home/***/.local/lib/python3.12/site-packages/sklearn/linear_model/_logistic.py:1160: UserWarning: Inconsistent values: penalty=l2 with l1_ratio=1.0. penalty is deprecated. Please use l1_ratio only.
  warnings.warn(

[2026-01-27T13:13:59.396+0000] {logging_and_warnings.py:73} WARNING - /home/***/.local/lib/python3.12/site-packages/sklearn/linear_model/_logistic.py:1135: FutureWarning: 'penalty' was deprecated in version 1.8 and will be removed in 1.10. To avoid this warning, leave 'penalty' set to its default value and use 'l1_ratio' or 'C' instead. Use l1_ratio=0 instead of penalty='l2', l1_ratio=1 instead of penalty='l1', and C=np.inf instead of penalty=None.
  warnings.warn(

[2026-01-27T13:13:59.397+0000] {logging_and_warnings.py:73} WARNING - /home/***/.local/lib/python3.12/site-packages/sklearn/linear_model/_logistic.py:1160: UserWarning: Inconsistent values: penalty=l2 with l1_ratio=1.0. penalty is deprecated. Please use l1_ratio only.
  warnings.warn(

[2026-01-27T13:13:59.487+0000] {logging_and_warnings.py:73} WARNING - /home/***/.local/lib/python3.12/site-packages/sklearn/linear_model/_logistic.py:1135: FutureWarning: 'penalty' was deprecated in version 1.8 and will be removed in 1.10. To avoid this warning, leave 'penalty' set to its default value and use 'l1_ratio' or 'C' instead. Use l1_ratio=0 instead of penalty='l2', l1_ratio=1 instead of penalty='l1', and C=np.inf instead of penalty=None.
  warnings.warn(

[2026-01-27T13:13:59.488+0000] {logging_and_warnings.py:73} WARNING - /home/***/.local/lib/python3.12/site-packages/sklearn/linear_model/_logistic.py:1160: UserWarning: Inconsistent values: penalty=l2 with l1_ratio=1.0. penalty is deprecated. Please use l1_ratio only.
  warnings.warn(

[2026-01-27T13:13:59.594+0000] {logging_and_warnings.py:73} WARNING - /home/***/.local/lib/python3.12/site-packages/sklearn/linear_model/_logistic.py:1135: FutureWarning: 'penalty' was deprecated in version 1.8 and will be removed in 1.10. To avoid this warning, leave 'penalty' set to its default value and use 'l1_ratio' or 'C' instead. Use l1_ratio=0 instead of penalty='l2', l1_ratio=1 instead of penalty='l1', and C=np.inf instead of penalty=None.
  warnings.warn(

[2026-01-27T13:13:59.595+0000] {logging_and_warnings.py:73} WARNING - /home/***/.local/lib/python3.12/site-packages/sklearn/linear_model/_logistic.py:1160: UserWarning: Inconsistent values: penalty=l2 with l1_ratio=1.0. penalty is deprecated. Please use l1_ratio only.
  warnings.warn(

[2026-01-27T13:13:59.683+0000] {logging_and_warnings.py:73} WARNING - /home/***/.local/lib/python3.12/site-packages/sklearn/linear_model/_logistic.py:1135: FutureWarning: 'penalty' was deprecated in version 1.8 and will be removed in 1.10. To avoid this warning, leave 'penalty' set to its default value and use 'l1_ratio' or 'C' instead. Use l1_ratio=0 instead of penalty='l2', l1_ratio=1 instead of penalty='l1', and C=np.inf instead of penalty=None.
  warnings.warn(

[2026-01-27T13:13:59.797+0000] {logging_and_warnings.py:73} WARNING - /home/***/.local/lib/python3.12/site-packages/sklearn/linear_model/_logistic.py:1135: FutureWarning: 'penalty' was deprecated in version 1.8 and will be removed in 1.10. To avoid this warning, leave 'penalty' set to its default value and use 'l1_ratio' or 'C' instead. Use l1_ratio=0 instead of penalty='l2', l1_ratio=1 instead of penalty='l1', and C=np.inf instead of penalty=None.
  warnings.warn(

[2026-01-27T13:13:59.893+0000] {logging_and_warnings.py:73} WARNING - /home/***/.local/lib/python3.12/site-packages/sklearn/linear_model/_logistic.py:1135: FutureWarning: 'penalty' was deprecated in version 1.8 and will be removed in 1.10. To avoid this warning, leave 'penalty' set to its default value and use 'l1_ratio' or 'C' instead. Use l1_ratio=0 instead of penalty='l2', l1_ratio=1 instead of penalty='l1', and C=np.inf instead of penalty=None.
  warnings.warn(

[2026-01-27T13:13:59.989+0000] {logging_and_warnings.py:73} WARNING - /home/***/.local/lib/python3.12/site-packages/sklearn/linear_model/_logistic.py:1135: FutureWarning: 'penalty' was deprecated in version 1.8 and will be removed in 1.10. To avoid this warning, leave 'penalty' set to its default value and use 'l1_ratio' or 'C' instead. Use l1_ratio=0 instead of penalty='l2', l1_ratio=1 instead of penalty='l1', and C=np.inf instead of penalty=None.
  warnings.warn(

[2026-01-27T13:14:00.166+0000] {logging_and_warnings.py:73} WARNING - /home/***/.local/lib/python3.12/site-packages/sklearn/linear_model/_logistic.py:1135: FutureWarning: 'penalty' was deprecated in version 1.8 and will be removed in 1.10. To avoid this warning, leave 'penalty' set to its default value and use 'l1_ratio' or 'C' instead. Use l1_ratio=0 instead of penalty='l2', l1_ratio=1 instead of penalty='l1', and C=np.inf instead of penalty=None.
  warnings.warn(

[2026-01-27T13:14:00.290+0000] {logging_and_warnings.py:73} WARNING - /home/***/.local/lib/python3.12/site-packages/sklearn/linear_model/_logistic.py:1135: FutureWarning: 'penalty' was deprecated in version 1.8 and will be removed in 1.10. To avoid this warning, leave 'penalty' set to its default value and use 'l1_ratio' or 'C' instead. Use l1_ratio=0 instead of penalty='l2', l1_ratio=1 instead of penalty='l1', and C=np.inf instead of penalty=None.
  warnings.warn(

[2026-01-27T13:14:00.429+0000] {logging_and_warnings.py:73} WARNING - /home/***/.local/lib/python3.12/site-packages/sklearn/linear_model/_logistic.py:1135: FutureWarning: 'penalty' was deprecated in version 1.8 and will be removed in 1.10. To avoid this warning, leave 'penalty' set to its default value and use 'l1_ratio' or 'C' instead. Use l1_ratio=0 instead of penalty='l2', l1_ratio=1 instead of penalty='l1', and C=np.inf instead of penalty=None.
  warnings.warn(

[2026-01-27T13:14:00.533+0000] {logging_and_warnings.py:73} WARNING - /home/***/.local/lib/python3.12/site-packages/sklearn/linear_model/_logistic.py:1135: FutureWarning: 'penalty' was deprecated in version 1.8 and will be removed in 1.10. To avoid this warning, leave 'penalty' set to its default value and use 'l1_ratio' or 'C' instead. Use l1_ratio=0 instead of penalty='l2', l1_ratio=1 instead of penalty='l1', and C=np.inf instead of penalty=None.
  warnings.warn(

[2026-01-27T13:14:00.648+0000] {logging_and_warnings.py:73} WARNING - /home/***/.local/lib/python3.12/site-packages/sklearn/linear_model/_logistic.py:1135: FutureWarning: 'penalty' was deprecated in version 1.8 and will be removed in 1.10. To avoid this warning, leave 'penalty' set to its default value and use 'l1_ratio' or 'C' instead. Use l1_ratio=0 instead of penalty='l2', l1_ratio=1 instead of penalty='l1', and C=np.inf instead of penalty=None.
  warnings.warn(

[2026-01-27T13:14:00.746+0000] {logging_and_warnings.py:73} WARNING - /home/***/.local/lib/python3.12/site-packages/sklearn/linear_model/_logistic.py:1135: FutureWarning: 'penalty' was deprecated in version 1.8 and will be removed in 1.10. To avoid this warning, leave 'penalty' set to its default value and use 'l1_ratio' or 'C' instead. Use l1_ratio=0 instead of penalty='l2', l1_ratio=1 instead of penalty='l1', and C=np.inf instead of penalty=None.
  warnings.warn(

[2026-01-27T13:14:00.865+0000] {logging_and_warnings.py:73} WARNING - /home/***/.local/lib/python3.12/site-packages/sklearn/linear_model/_logistic.py:1135: FutureWarning: 'penalty' was deprecated in version 1.8 and will be removed in 1.10. To avoid this warning, leave 'penalty' set to its default value and use 'l1_ratio' or 'C' instead. Use l1_ratio=0 instead of penalty='l2', l1_ratio=1 instead of penalty='l1', and C=np.inf instead of penalty=None.
  warnings.warn(

[2026-01-27T13:14:00.866+0000] {logging_and_warnings.py:73} WARNING - /home/***/.local/lib/python3.12/site-packages/sklearn/linear_model/_logistic.py:1160: UserWarning: Inconsistent values: penalty=l2 with l1_ratio=1.0. penalty is deprecated. Please use l1_ratio only.
  warnings.warn(

[2026-01-27T13:14:00.967+0000] {logging_and_warnings.py:73} WARNING - /home/***/.local/lib/python3.12/site-packages/sklearn/linear_model/_logistic.py:1135: FutureWarning: 'penalty' was deprecated in version 1.8 and will be removed in 1.10. To avoid this warning, leave 'penalty' set to its default value and use 'l1_ratio' or 'C' instead. Use l1_ratio=0 instead of penalty='l2', l1_ratio=1 instead of penalty='l1', and C=np.inf instead of penalty=None.
  warnings.warn(

[2026-01-27T13:14:00.968+0000] {logging_and_warnings.py:73} WARNING - /home/***/.local/lib/python3.12/site-packages/sklearn/linear_model/_logistic.py:1160: UserWarning: Inconsistent values: penalty=l2 with l1_ratio=1.0. penalty is deprecated. Please use l1_ratio only.
  warnings.warn(

[2026-01-27T13:14:01.056+0000] {logging_and_warnings.py:73} WARNING - /home/***/.local/lib/python3.12/site-packages/sklearn/linear_model/_logistic.py:1135: FutureWarning: 'penalty' was deprecated in version 1.8 and will be removed in 1.10. To avoid this warning, leave 'penalty' set to its default value and use 'l1_ratio' or 'C' instead. Use l1_ratio=0 instead of penalty='l2', l1_ratio=1 instead of penalty='l1', and C=np.inf instead of penalty=None.
  warnings.warn(

[2026-01-27T13:14:01.057+0000] {logging_and_warnings.py:73} WARNING - /home/***/.local/lib/python3.12/site-packages/sklearn/linear_model/_logistic.py:1160: UserWarning: Inconsistent values: penalty=l2 with l1_ratio=1.0. penalty is deprecated. Please use l1_ratio only.
  warnings.warn(

[2026-01-27T13:14:01.145+0000] {logging_and_warnings.py:73} WARNING - /home/***/.local/lib/python3.12/site-packages/sklearn/linear_model/_logistic.py:1135: FutureWarning: 'penalty' was deprecated in version 1.8 and will be removed in 1.10. To avoid this warning, leave 'penalty' set to its default value and use 'l1_ratio' or 'C' instead. Use l1_ratio=0 instead of penalty='l2', l1_ratio=1 instead of penalty='l1', and C=np.inf instead of penalty=None.
  warnings.warn(

[2026-01-27T13:14:01.146+0000] {logging_and_warnings.py:73} WARNING - /home/***/.local/lib/python3.12/site-packages/sklearn/linear_model/_logistic.py:1160: UserWarning: Inconsistent values: penalty=l2 with l1_ratio=1.0. penalty is deprecated. Please use l1_ratio only.
  warnings.warn(

[2026-01-27T13:14:01.238+0000] {logging_and_warnings.py:73} WARNING - /home/***/.local/lib/python3.12/site-packages/sklearn/linear_model/_logistic.py:1135: FutureWarning: 'penalty' was deprecated in version 1.8 and will be removed in 1.10. To avoid this warning, leave 'penalty' set to its default value and use 'l1_ratio' or 'C' instead. Use l1_ratio=0 instead of penalty='l2', l1_ratio=1 instead of penalty='l1', and C=np.inf instead of penalty=None.
  warnings.warn(

[2026-01-27T13:14:01.239+0000] {logging_and_warnings.py:73} WARNING - /home/***/.local/lib/python3.12/site-packages/sklearn/linear_model/_logistic.py:1160: UserWarning: Inconsistent values: penalty=l2 with l1_ratio=1.0. penalty is deprecated. Please use l1_ratio only.
  warnings.warn(

[2026-01-27T13:14:01.336+0000] {logging_and_warnings.py:73} WARNING - /home/***/.local/lib/python3.12/site-packages/sklearn/linear_model/_logistic.py:1135: FutureWarning: 'penalty' was deprecated in version 1.8 and will be removed in 1.10. To avoid this warning, leave 'penalty' set to its default value and use 'l1_ratio' or 'C' instead. Use l1_ratio=0 instead of penalty='l2', l1_ratio=1 instead of penalty='l1', and C=np.inf instead of penalty=None.
  warnings.warn(

[2026-01-27T13:14:01.338+0000] {logging_and_warnings.py:73} WARNING - /home/***/.local/lib/python3.12/site-packages/sklearn/linear_model/_logistic.py:1160: UserWarning: Inconsistent values: penalty=l2 with l1_ratio=1.0. penalty is deprecated. Please use l1_ratio only.
  warnings.warn(

[2026-01-27T13:14:01.453+0000] {logging_and_warnings.py:73} WARNING - /home/***/.local/lib/python3.12/site-packages/sklearn/linear_model/_logistic.py:1135: FutureWarning: 'penalty' was deprecated in version 1.8 and will be removed in 1.10. To avoid this warning, leave 'penalty' set to its default value and use 'l1_ratio' or 'C' instead. Use l1_ratio=0 instead of penalty='l2', l1_ratio=1 instead of penalty='l1', and C=np.inf instead of penalty=None.
  warnings.warn(

[2026-01-27T13:14:01.454+0000] {logging_and_warnings.py:73} WARNING - /home/***/.local/lib/python3.12/site-packages/sklearn/linear_model/_logistic.py:1160: UserWarning: Inconsistent values: penalty=l2 with l1_ratio=1.0. penalty is deprecated. Please use l1_ratio only.
  warnings.warn(

[2026-01-27T13:14:01.555+0000] {logging_and_warnings.py:73} WARNING - /home/***/.local/lib/python3.12/site-packages/sklearn/linear_model/_logistic.py:1135: FutureWarning: 'penalty' was deprecated in version 1.8 and will be removed in 1.10. To avoid this warning, leave 'penalty' set to its default value and use 'l1_ratio' or 'C' instead. Use l1_ratio=0 instead of penalty='l2', l1_ratio=1 instead of penalty='l1', and C=np.inf instead of penalty=None.
  warnings.warn(

[2026-01-27T13:14:01.556+0000] {logging_and_warnings.py:73} WARNING - /home/***/.local/lib/python3.12/site-packages/sklearn/linear_model/_logistic.py:1160: UserWarning: Inconsistent values: penalty=l2 with l1_ratio=1.0. penalty is deprecated. Please use l1_ratio only.
  warnings.warn(

[2026-01-27T13:14:01.669+0000] {logging_and_warnings.py:73} WARNING - /home/***/.local/lib/python3.12/site-packages/sklearn/linear_model/_logistic.py:1135: FutureWarning: 'penalty' was deprecated in version 1.8 and will be removed in 1.10. To avoid this warning, leave 'penalty' set to its default value and use 'l1_ratio' or 'C' instead. Use l1_ratio=0 instead of penalty='l2', l1_ratio=1 instead of penalty='l1', and C=np.inf instead of penalty=None.
  warnings.warn(

[2026-01-27T13:14:01.670+0000] {logging_and_warnings.py:73} WARNING - /home/***/.local/lib/python3.12/site-packages/sklearn/linear_model/_logistic.py:1160: UserWarning: Inconsistent values: penalty=l2 with l1_ratio=1.0. penalty is deprecated. Please use l1_ratio only.
  warnings.warn(

[2026-01-27T13:14:01.790+0000] {logging_and_warnings.py:73} WARNING - /home/***/.local/lib/python3.12/site-packages/sklearn/linear_model/_logistic.py:1135: FutureWarning: 'penalty' was deprecated in version 1.8 and will be removed in 1.10. To avoid this warning, leave 'penalty' set to its default value and use 'l1_ratio' or 'C' instead. Use l1_ratio=0 instead of penalty='l2', l1_ratio=1 instead of penalty='l1', and C=np.inf instead of penalty=None.
  warnings.warn(

[2026-01-27T13:14:01.791+0000] {logging_and_warnings.py:73} WARNING - /home/***/.local/lib/python3.12/site-packages/sklearn/linear_model/_logistic.py:1160: UserWarning: Inconsistent values: penalty=l2 with l1_ratio=1.0. penalty is deprecated. Please use l1_ratio only.
  warnings.warn(

[2026-01-27T13:14:01.884+0000] {logging_and_warnings.py:73} WARNING - /home/***/.local/lib/python3.12/site-packages/sklearn/linear_model/_logistic.py:1135: FutureWarning: 'penalty' was deprecated in version 1.8 and will be removed in 1.10. To avoid this warning, leave 'penalty' set to its default value and use 'l1_ratio' or 'C' instead. Use l1_ratio=0 instead of penalty='l2', l1_ratio=1 instead of penalty='l1', and C=np.inf instead of penalty=None.
  warnings.warn(

[2026-01-27T13:14:01.977+0000] {logging_and_warnings.py:73} WARNING - /home/***/.local/lib/python3.12/site-packages/sklearn/linear_model/_logistic.py:1135: FutureWarning: 'penalty' was deprecated in version 1.8 and will be removed in 1.10. To avoid this warning, leave 'penalty' set to its default value and use 'l1_ratio' or 'C' instead. Use l1_ratio=0 instead of penalty='l2', l1_ratio=1 instead of penalty='l1', and C=np.inf instead of penalty=None.
  warnings.warn(

[2026-01-27T13:14:02.086+0000] {logging_and_warnings.py:73} WARNING - /home/***/.local/lib/python3.12/site-packages/sklearn/linear_model/_logistic.py:1135: FutureWarning: 'penalty' was deprecated in version 1.8 and will be removed in 1.10. To avoid this warning, leave 'penalty' set to its default value and use 'l1_ratio' or 'C' instead. Use l1_ratio=0 instead of penalty='l2', l1_ratio=1 instead of penalty='l1', and C=np.inf instead of penalty=None.
  warnings.warn(

[2026-01-27T13:14:02.189+0000] {logging_and_warnings.py:73} WARNING - /home/***/.local/lib/python3.12/site-packages/sklearn/linear_model/_logistic.py:1135: FutureWarning: 'penalty' was deprecated in version 1.8 and will be removed in 1.10. To avoid this warning, leave 'penalty' set to its default value and use 'l1_ratio' or 'C' instead. Use l1_ratio=0 instead of penalty='l2', l1_ratio=1 instead of penalty='l1', and C=np.inf instead of penalty=None.
  warnings.warn(

[2026-01-27T13:14:02.278+0000] {logging_and_warnings.py:73} WARNING - /home/***/.local/lib/python3.12/site-packages/sklearn/linear_model/_logistic.py:1135: FutureWarning: 'penalty' was deprecated in version 1.8 and will be removed in 1.10. To avoid this warning, leave 'penalty' set to its default value and use 'l1_ratio' or 'C' instead. Use l1_ratio=0 instead of penalty='l2', l1_ratio=1 instead of penalty='l1', and C=np.inf instead of penalty=None.
  warnings.warn(

[2026-01-27T13:14:02.363+0000] {logging_and_warnings.py:73} WARNING - /home/***/.local/lib/python3.12/site-packages/sklearn/linear_model/_logistic.py:1135: FutureWarning: 'penalty' was deprecated in version 1.8 and will be removed in 1.10. To avoid this warning, leave 'penalty' set to its default value and use 'l1_ratio' or 'C' instead. Use l1_ratio=0 instead of penalty='l2', l1_ratio=1 instead of penalty='l1', and C=np.inf instead of penalty=None.
  warnings.warn(

[2026-01-27T13:14:02.451+0000] {logging_and_warnings.py:73} WARNING - /home/***/.local/lib/python3.12/site-packages/sklearn/linear_model/_logistic.py:1135: FutureWarning: 'penalty' was deprecated in version 1.8 and will be removed in 1.10. To avoid this warning, leave 'penalty' set to its default value and use 'l1_ratio' or 'C' instead. Use l1_ratio=0 instead of penalty='l2', l1_ratio=1 instead of penalty='l1', and C=np.inf instead of penalty=None.
  warnings.warn(

[2026-01-27T13:14:02.531+0000] {logging_and_warnings.py:73} WARNING - /home/***/.local/lib/python3.12/site-packages/sklearn/linear_model/_logistic.py:1135: FutureWarning: 'penalty' was deprecated in version 1.8 and will be removed in 1.10. To avoid this warning, leave 'penalty' set to its default value and use 'l1_ratio' or 'C' instead. Use l1_ratio=0 instead of penalty='l2', l1_ratio=1 instead of penalty='l1', and C=np.inf instead of penalty=None.
  warnings.warn(

[2026-01-27T13:14:02.616+0000] {logging_and_warnings.py:73} WARNING - /home/***/.local/lib/python3.12/site-packages/sklearn/linear_model/_logistic.py:1135: FutureWarning: 'penalty' was deprecated in version 1.8 and will be removed in 1.10. To avoid this warning, leave 'penalty' set to its default value and use 'l1_ratio' or 'C' instead. Use l1_ratio=0 instead of penalty='l2', l1_ratio=1 instead of penalty='l1', and C=np.inf instead of penalty=None.
  warnings.warn(

[2026-01-27T13:14:02.703+0000] {logging_and_warnings.py:73} WARNING - /home/***/.local/lib/python3.12/site-packages/sklearn/linear_model/_logistic.py:1135: FutureWarning: 'penalty' was deprecated in version 1.8 and will be removed in 1.10. To avoid this warning, leave 'penalty' set to its default value and use 'l1_ratio' or 'C' instead. Use l1_ratio=0 instead of penalty='l2', l1_ratio=1 instead of penalty='l1', and C=np.inf instead of penalty=None.
  warnings.warn(

[2026-01-27T13:14:02.791+0000] {logging_and_warnings.py:73} WARNING - /home/***/.local/lib/python3.12/site-packages/sklearn/linear_model/_logistic.py:1135: FutureWarning: 'penalty' was deprecated in version 1.8 and will be removed in 1.10. To avoid this warning, leave 'penalty' set to its default value and use 'l1_ratio' or 'C' instead. Use l1_ratio=0 instead of penalty='l2', l1_ratio=1 instead of penalty='l1', and C=np.inf instead of penalty=None.
  warnings.warn(

[2026-01-27T13:14:02.792+0000] {logging_and_warnings.py:73} WARNING - /home/***/.local/lib/python3.12/site-packages/sklearn/linear_model/_logistic.py:1160: UserWarning: Inconsistent values: penalty=l2 with l1_ratio=1.0. penalty is deprecated. Please use l1_ratio only.
  warnings.warn(

[2026-01-27T13:14:02.868+0000] {logging_and_warnings.py:73} WARNING - /home/***/.local/lib/python3.12/site-packages/sklearn/linear_model/_logistic.py:1135: FutureWarning: 'penalty' was deprecated in version 1.8 and will be removed in 1.10. To avoid this warning, leave 'penalty' set to its default value and use 'l1_ratio' or 'C' instead. Use l1_ratio=0 instead of penalty='l2', l1_ratio=1 instead of penalty='l1', and C=np.inf instead of penalty=None.
  warnings.warn(

[2026-01-27T13:14:02.869+0000] {logging_and_warnings.py:73} WARNING - /home/***/.local/lib/python3.12/site-packages/sklearn/linear_model/_logistic.py:1160: UserWarning: Inconsistent values: penalty=l2 with l1_ratio=1.0. penalty is deprecated. Please use l1_ratio only.
  warnings.warn(

[2026-01-27T13:14:02.947+0000] {logging_and_warnings.py:73} WARNING - /home/***/.local/lib/python3.12/site-packages/sklearn/linear_model/_logistic.py:1135: FutureWarning: 'penalty' was deprecated in version 1.8 and will be removed in 1.10. To avoid this warning, leave 'penalty' set to its default value and use 'l1_ratio' or 'C' instead. Use l1_ratio=0 instead of penalty='l2', l1_ratio=1 instead of penalty='l1', and C=np.inf instead of penalty=None.
  warnings.warn(

[2026-01-27T13:14:02.948+0000] {logging_and_warnings.py:73} WARNING - /home/***/.local/lib/python3.12/site-packages/sklearn/linear_model/_logistic.py:1160: UserWarning: Inconsistent values: penalty=l2 with l1_ratio=1.0. penalty is deprecated. Please use l1_ratio only.
  warnings.warn(

[2026-01-27T13:14:03.021+0000] {logging_and_warnings.py:73} WARNING - /home/***/.local/lib/python3.12/site-packages/sklearn/linear_model/_logistic.py:1135: FutureWarning: 'penalty' was deprecated in version 1.8 and will be removed in 1.10. To avoid this warning, leave 'penalty' set to its default value and use 'l1_ratio' or 'C' instead. Use l1_ratio=0 instead of penalty='l2', l1_ratio=1 instead of penalty='l1', and C=np.inf instead of penalty=None.
  warnings.warn(

[2026-01-27T13:14:03.022+0000] {logging_and_warnings.py:73} WARNING - /home/***/.local/lib/python3.12/site-packages/sklearn/linear_model/_logistic.py:1160: UserWarning: Inconsistent values: penalty=l2 with l1_ratio=1.0. penalty is deprecated. Please use l1_ratio only.
  warnings.warn(

[2026-01-27T13:14:03.092+0000] {logging_and_warnings.py:73} WARNING - /home/***/.local/lib/python3.12/site-packages/sklearn/linear_model/_logistic.py:1135: FutureWarning: 'penalty' was deprecated in version 1.8 and will be removed in 1.10. To avoid this warning, leave 'penalty' set to its default value and use 'l1_ratio' or 'C' instead. Use l1_ratio=0 instead of penalty='l2', l1_ratio=1 instead of penalty='l1', and C=np.inf instead of penalty=None.
  warnings.warn(

[2026-01-27T13:14:03.093+0000] {logging_and_warnings.py:73} WARNING - /home/***/.local/lib/python3.12/site-packages/sklearn/linear_model/_logistic.py:1160: UserWarning: Inconsistent values: penalty=l2 with l1_ratio=1.0. penalty is deprecated. Please use l1_ratio only.
  warnings.warn(

[2026-01-27T13:14:03.167+0000] {logging_and_warnings.py:73} WARNING - /home/***/.local/lib/python3.12/site-packages/sklearn/linear_model/_logistic.py:1135: FutureWarning: 'penalty' was deprecated in version 1.8 and will be removed in 1.10. To avoid this warning, leave 'penalty' set to its default value and use 'l1_ratio' or 'C' instead. Use l1_ratio=0 instead of penalty='l2', l1_ratio=1 instead of penalty='l1', and C=np.inf instead of penalty=None.
  warnings.warn(

[2026-01-27T13:14:03.168+0000] {logging_and_warnings.py:73} WARNING - /home/***/.local/lib/python3.12/site-packages/sklearn/linear_model/_logistic.py:1160: UserWarning: Inconsistent values: penalty=l2 with l1_ratio=1.0. penalty is deprecated. Please use l1_ratio only.
  warnings.warn(

[2026-01-27T13:14:03.252+0000] {logging_and_warnings.py:73} WARNING - /home/***/.local/lib/python3.12/site-packages/sklearn/linear_model/_logistic.py:1135: FutureWarning: 'penalty' was deprecated in version 1.8 and will be removed in 1.10. To avoid this warning, leave 'penalty' set to its default value and use 'l1_ratio' or 'C' instead. Use l1_ratio=0 instead of penalty='l2', l1_ratio=1 instead of penalty='l1', and C=np.inf instead of penalty=None.
  warnings.warn(

[2026-01-27T13:14:03.253+0000] {logging_and_warnings.py:73} WARNING - /home/***/.local/lib/python3.12/site-packages/sklearn/linear_model/_logistic.py:1160: UserWarning: Inconsistent values: penalty=l2 with l1_ratio=1.0. penalty is deprecated. Please use l1_ratio only.
  warnings.warn(

[2026-01-27T13:14:03.337+0000] {logging_and_warnings.py:73} WARNING - /home/***/.local/lib/python3.12/site-packages/sklearn/linear_model/_logistic.py:1135: FutureWarning: 'penalty' was deprecated in version 1.8 and will be removed in 1.10. To avoid this warning, leave 'penalty' set to its default value and use 'l1_ratio' or 'C' instead. Use l1_ratio=0 instead of penalty='l2', l1_ratio=1 instead of penalty='l1', and C=np.inf instead of penalty=None.
  warnings.warn(

[2026-01-27T13:14:03.338+0000] {logging_and_warnings.py:73} WARNING - /home/***/.local/lib/python3.12/site-packages/sklearn/linear_model/_logistic.py:1160: UserWarning: Inconsistent values: penalty=l2 with l1_ratio=1.0. penalty is deprecated. Please use l1_ratio only.
  warnings.warn(

[2026-01-27T13:14:03.423+0000] {logging_and_warnings.py:73} WARNING - /home/***/.local/lib/python3.12/site-packages/sklearn/linear_model/_logistic.py:1135: FutureWarning: 'penalty' was deprecated in version 1.8 and will be removed in 1.10. To avoid this warning, leave 'penalty' set to its default value and use 'l1_ratio' or 'C' instead. Use l1_ratio=0 instead of penalty='l2', l1_ratio=1 instead of penalty='l1', and C=np.inf instead of penalty=None.
  warnings.warn(

[2026-01-27T13:14:03.425+0000] {logging_and_warnings.py:73} WARNING - /home/***/.local/lib/python3.12/site-packages/sklearn/linear_model/_logistic.py:1160: UserWarning: Inconsistent values: penalty=l2 with l1_ratio=1.0. penalty is deprecated. Please use l1_ratio only.
  warnings.warn(

[2026-01-27T13:14:03.506+0000] {logging_and_warnings.py:73} WARNING - /home/***/.local/lib/python3.12/site-packages/sklearn/linear_model/_logistic.py:1135: FutureWarning: 'penalty' was deprecated in version 1.8 and will be removed in 1.10. To avoid this warning, leave 'penalty' set to its default value and use 'l1_ratio' or 'C' instead. Use l1_ratio=0 instead of penalty='l2', l1_ratio=1 instead of penalty='l1', and C=np.inf instead of penalty=None.
  warnings.warn(

[2026-01-27T13:14:03.507+0000] {logging_and_warnings.py:73} WARNING - /home/***/.local/lib/python3.12/site-packages/sklearn/linear_model/_logistic.py:1160: UserWarning: Inconsistent values: penalty=l2 with l1_ratio=1.0. penalty is deprecated. Please use l1_ratio only.
  warnings.warn(

[2026-01-27T13:14:03.603+0000] {logging_and_warnings.py:73} WARNING - /home/***/.local/lib/python3.12/site-packages/sklearn/linear_model/_logistic.py:1135: FutureWarning: 'penalty' was deprecated in version 1.8 and will be removed in 1.10. To avoid this warning, leave 'penalty' set to its default value and use 'l1_ratio' or 'C' instead. Use l1_ratio=0 instead of penalty='l2', l1_ratio=1 instead of penalty='l1', and C=np.inf instead of penalty=None.
  warnings.warn(

[2026-01-27T13:14:03.604+0000] {logging_and_warnings.py:73} WARNING - /home/***/.local/lib/python3.12/site-packages/sklearn/linear_model/_logistic.py:1160: UserWarning: Inconsistent values: penalty=l2 with l1_ratio=1.0. penalty is deprecated. Please use l1_ratio only.
  warnings.warn(

[2026-01-27T13:14:03.629+0000] {logging_mixin.py:188} WARNING - 2026/01/27 13:14:03 WARNING mlflow.utils.autologging_utils: MLflow autologging encountered a warning: "/home/***/.local/lib/python3.12/site-packages/mlflow/types/utils.py:452: UserWarning: Hint: Inferred schema contains integer column(s). Integer columns in Python cannot represent missing values. If your input data contains missing values at inference time, it will be encoded as floats and will cause a schema enforcement error. The best way to avoid this problem is to infer the model schema based on a realistic data sample (training dataset) that includes missing values. Alternatively, you can declare integer columns as doubles (float64) whenever these columns may have missing values. See `Handling Integers With Missing Values <https://www.mlflow.org/docs/latest/models.html#handling-integers-with-missing-values>`_ for more details."
[2026-01-27T13:14:23.261+0000] {logging_mixin.py:188} WARNING - 2026/01/27 13:14:23 INFO mlflow.sklearn.utils: Logging the 5 best runs, 11 runs will be omitted.
[2026-01-27T13:14:24.850+0000] {logging_mixin.py:188} WARNING - 2026/01/27 13:14:24 WARNING mlflow.utils.autologging_utils: MLflow autologging encountered a warning: "/home/***/.local/lib/python3.12/site-packages/mlflow/types/utils.py:452: UserWarning: Hint: Inferred schema contains integer column(s). Integer columns in Python cannot represent missing values. If your input data contains missing values at inference time, it will be encoded as floats and will cause a schema enforcement error. The best way to avoid this problem is to infer the model schema based on a realistic data sample (training dataset) that includes missing values. Alternatively, you can declare integer columns as doubles (float64) whenever these columns may have missing values. See `Handling Integers With Missing Values <https://www.mlflow.org/docs/latest/models.html#handling-integers-with-missing-values>`_ for more details."
[2026-01-27T13:14:25.841+0000] {logging_mixin.py:188} INFO - 🏃 View run puzzled-bird-193 at: http://mlflow:5000/#/experiments/1/runs/aa49bcb60d47448fb75d5c3dbeae63c2
[2026-01-27T13:14:25.843+0000] {logging_mixin.py:188} INFO - 🧪 View experiment at: http://mlflow:5000/#/experiments/1
[2026-01-27T13:14:26.086+0000] {logging_mixin.py:188} INFO - 🏃 View run flawless-hound-881 at: http://mlflow:5000/#/experiments/1/runs/594093e59cc14f1cb9b477b3a4311b75
[2026-01-27T13:14:26.087+0000] {logging_mixin.py:188} INFO - 🧪 View experiment at: http://mlflow:5000/#/experiments/1
[2026-01-27T13:14:26.110+0000] {logging_mixin.py:188} INFO - 🏃 View run brawny-cow-274 at: http://mlflow:5000/#/experiments/1/runs/8bfba95ec5a44bdca28d002a0e6ab7f8
[2026-01-27T13:14:26.112+0000] {logging_mixin.py:188} INFO - 🧪 View experiment at: http://mlflow:5000/#/experiments/1
[2026-01-27T13:14:26.373+0000] {logging_mixin.py:188} INFO - 🏃 View run handsome-deer-311 at: http://mlflow:5000/#/experiments/1/runs/b8ace023d7b1461981a4803a00ec5320
[2026-01-27T13:14:26.374+0000] {logging_mixin.py:188} INFO - 🧪 View experiment at: http://mlflow:5000/#/experiments/1
[2026-01-27T13:14:26.721+0000] {logging_mixin.py:188} INFO - 🏃 View run inquisitive-wolf-174 at: http://mlflow:5000/#/experiments/1/runs/9dfe922d17274d11ba4a661f4b72f811
[2026-01-27T13:14:26.723+0000] {logging_mixin.py:188} INFO - 🧪 View experiment at: http://mlflow:5000/#/experiments/1
[2026-01-27T13:14:26.934+0000] {logging_mixin.py:188} WARNING - Registered model 'churn_model' already exists. Creating a new version of this model...
[2026-01-27T13:14:27.435+0000] {logging_mixin.py:188} WARNING - 2026/01/27 13:14:27 WARNING mlflow.tracking._model_registry.fluent: Run with id 816eb4f9297c428fb817bcf832f87313 has no artifacts at artifact path 'model', registering model based on models:/m-4fff6bd55ef2462ab56fc84957278fd7 instead
[2026-01-27T13:14:27.730+0000] {logging_mixin.py:188} WARNING - 2026/01/27 13:14:27 INFO mlflow.store.model_registry.abstract_store: Waiting up to 300 seconds for model version to finish creation. Model name: churn_model, version 9
[2026-01-27T13:14:27.734+0000] {logging_mixin.py:188} WARNING - Created version '9' of model 'churn_model'.
[2026-01-27T13:14:28.039+0000] {logging_mixin.py:188} INFO - 🏃 View run grid_search_tuning at: http://mlflow:5000/#/experiments/1/runs/816eb4f9297c428fb817bcf832f87313
[2026-01-27T13:14:28.040+0000] {logging_mixin.py:188} INFO - 🧪 View experiment at: http://mlflow:5000/#/experiments/1
[2026-01-27T13:14:28.185+0000] {python.py:237} INFO - Done. Returned value was: None
[2026-01-27T13:14:28.186+0000] {taskinstance.py:441} INFO - ::group::Post task execution logs
[2026-01-27T13:14:28.195+0000] {taskinstance.py:1205} INFO - Marking task as SUCCESS. dag_id=ml_retraining_pipeline, task_id=model_retraining_task, execution_date=20260127T131346, start_date=20260127T131351, end_date=20260127T131428
[2026-01-27T13:14:28.266+0000] {local_task_job_runner.py:240} INFO - Task exited with return code 0
[2026-01-27T13:14:28.287+0000] {taskinstance.py:3482} INFO - 1 downstream tasks scheduled from follow-on schedule check
[2026-01-27T13:14:28.291+0000] {local_task_job_runner.py:222} INFO - ::endgroup::
