[2026-01-27T17:48:20.519+0000] {processor.py:161} INFO - Started process (PID=34) to work on /opt/airflow/dags/retraining.py
[2026-01-27T17:48:20.524+0000] {processor.py:830} INFO - Processing file /opt/airflow/dags/retraining.py for tasks to queue
[2026-01-27T17:48:20.531+0000] {logging_mixin.py:188} INFO - [2026-01-27T17:48:20.530+0000] {dagbag.py:540} INFO - Filling up the DagBag from /opt/airflow/dags/retraining.py
[2026-01-27T17:48:30.756+0000] {logging_mixin.py:188} INFO - Added path to: /opt/airflow/src/utils
[2026-01-27T17:48:30.788+0000] {processor.py:840} INFO - DAG(s) 'ml_retraining_pipeline' retrieved from /opt/airflow/dags/retraining.py
[2026-01-27T17:48:30.901+0000] {logging_mixin.py:188} INFO - [2026-01-27T17:48:30.901+0000] {dag.py:3096} INFO - Sync 1 DAGs
[2026-01-27T17:48:30.921+0000] {logging_mixin.py:188} INFO - [2026-01-27T17:48:30.921+0000] {dag.py:3954} INFO - Setting next_dagrun for ml_retraining_pipeline to None, run_after=None
[2026-01-27T17:48:31.009+0000] {processor.py:183} INFO - Processing /opt/airflow/dags/retraining.py took 10.511 seconds
[2026-01-27T17:49:01.379+0000] {processor.py:161} INFO - Started process (PID=51) to work on /opt/airflow/dags/retraining.py
[2026-01-27T17:49:01.386+0000] {processor.py:830} INFO - Processing file /opt/airflow/dags/retraining.py for tasks to queue
[2026-01-27T17:49:01.391+0000] {logging_mixin.py:188} INFO - [2026-01-27T17:49:01.390+0000] {dagbag.py:540} INFO - Filling up the DagBag from /opt/airflow/dags/retraining.py
[2026-01-27T17:49:05.107+0000] {logging_mixin.py:188} INFO - Added path to: /opt/airflow/src/utils
[2026-01-27T17:49:05.132+0000] {processor.py:840} INFO - DAG(s) 'ml_retraining_pipeline' retrieved from /opt/airflow/dags/retraining.py
[2026-01-27T17:49:05.168+0000] {logging_mixin.py:188} INFO - [2026-01-27T17:49:05.168+0000] {dag.py:3096} INFO - Sync 1 DAGs
[2026-01-27T17:49:05.186+0000] {logging_mixin.py:188} INFO - [2026-01-27T17:49:05.186+0000] {dag.py:3954} INFO - Setting next_dagrun for ml_retraining_pipeline to None, run_after=None
[2026-01-27T17:49:05.213+0000] {processor.py:183} INFO - Processing /opt/airflow/dags/retraining.py took 3.852 seconds
[2026-01-27T17:49:35.458+0000] {processor.py:161} INFO - Started process (PID=68) to work on /opt/airflow/dags/retraining.py
[2026-01-27T17:49:35.459+0000] {processor.py:830} INFO - Processing file /opt/airflow/dags/retraining.py for tasks to queue
[2026-01-27T17:49:35.461+0000] {logging_mixin.py:188} INFO - [2026-01-27T17:49:35.461+0000] {dagbag.py:540} INFO - Filling up the DagBag from /opt/airflow/dags/retraining.py
[2026-01-27T17:49:39.318+0000] {logging_mixin.py:188} INFO - Added path to: /opt/airflow/src/utils
[2026-01-27T17:49:39.326+0000] {processor.py:840} INFO - DAG(s) 'ml_retraining_pipeline' retrieved from /opt/airflow/dags/retraining.py
[2026-01-27T17:49:39.352+0000] {logging_mixin.py:188} INFO - [2026-01-27T17:49:39.352+0000] {dag.py:3096} INFO - Sync 1 DAGs
[2026-01-27T17:49:39.377+0000] {logging_mixin.py:188} INFO - [2026-01-27T17:49:39.376+0000] {dag.py:3954} INFO - Setting next_dagrun for ml_retraining_pipeline to None, run_after=None
[2026-01-27T17:49:39.410+0000] {processor.py:183} INFO - Processing /opt/airflow/dags/retraining.py took 3.959 seconds
[2026-01-27T17:50:09.662+0000] {processor.py:161} INFO - Started process (PID=85) to work on /opt/airflow/dags/retraining.py
[2026-01-27T17:50:09.663+0000] {processor.py:830} INFO - Processing file /opt/airflow/dags/retraining.py for tasks to queue
[2026-01-27T17:50:09.666+0000] {logging_mixin.py:188} INFO - [2026-01-27T17:50:09.666+0000] {dagbag.py:540} INFO - Filling up the DagBag from /opt/airflow/dags/retraining.py
[2026-01-27T17:50:12.436+0000] {logging_mixin.py:188} INFO - Added path to: /opt/airflow/src/utils
[2026-01-27T17:50:12.443+0000] {processor.py:840} INFO - DAG(s) 'ml_retraining_pipeline' retrieved from /opt/airflow/dags/retraining.py
[2026-01-27T17:50:12.467+0000] {logging_mixin.py:188} INFO - [2026-01-27T17:50:12.466+0000] {dag.py:3096} INFO - Sync 1 DAGs
[2026-01-27T17:50:12.479+0000] {logging_mixin.py:188} INFO - [2026-01-27T17:50:12.479+0000] {dag.py:3954} INFO - Setting next_dagrun for ml_retraining_pipeline to None, run_after=None
[2026-01-27T17:50:12.501+0000] {processor.py:183} INFO - Processing /opt/airflow/dags/retraining.py took 2.848 seconds
[2026-01-27T17:50:42.719+0000] {processor.py:161} INFO - Started process (PID=102) to work on /opt/airflow/dags/retraining.py
[2026-01-27T17:50:42.720+0000] {processor.py:830} INFO - Processing file /opt/airflow/dags/retraining.py for tasks to queue
[2026-01-27T17:50:42.722+0000] {logging_mixin.py:188} INFO - [2026-01-27T17:50:42.721+0000] {dagbag.py:540} INFO - Filling up the DagBag from /opt/airflow/dags/retraining.py
[2026-01-27T17:50:45.232+0000] {logging_mixin.py:188} INFO - Added path to: /opt/airflow/src/utils
[2026-01-27T17:50:45.239+0000] {processor.py:840} INFO - DAG(s) 'ml_retraining_pipeline' retrieved from /opt/airflow/dags/retraining.py
[2026-01-27T17:50:45.264+0000] {logging_mixin.py:188} INFO - [2026-01-27T17:50:45.263+0000] {dag.py:3096} INFO - Sync 1 DAGs
[2026-01-27T17:50:45.275+0000] {logging_mixin.py:188} INFO - [2026-01-27T17:50:45.275+0000] {dag.py:3954} INFO - Setting next_dagrun for ml_retraining_pipeline to None, run_after=None
[2026-01-27T17:50:45.297+0000] {processor.py:183} INFO - Processing /opt/airflow/dags/retraining.py took 2.586 seconds
[2026-01-27T17:51:15.542+0000] {processor.py:161} INFO - Started process (PID=125) to work on /opt/airflow/dags/retraining.py
[2026-01-27T17:51:15.544+0000] {processor.py:830} INFO - Processing file /opt/airflow/dags/retraining.py for tasks to queue
[2026-01-27T17:51:15.548+0000] {logging_mixin.py:188} INFO - [2026-01-27T17:51:15.547+0000] {dagbag.py:540} INFO - Filling up the DagBag from /opt/airflow/dags/retraining.py
[2026-01-27T17:51:17.947+0000] {logging_mixin.py:188} INFO - Added path to: /opt/airflow/src/utils
[2026-01-27T17:51:17.954+0000] {processor.py:840} INFO - DAG(s) 'ml_retraining_pipeline' retrieved from /opt/airflow/dags/retraining.py
[2026-01-27T17:51:17.984+0000] {logging_mixin.py:188} INFO - [2026-01-27T17:51:17.984+0000] {dag.py:3096} INFO - Sync 1 DAGs
[2026-01-27T17:51:17.999+0000] {logging_mixin.py:188} INFO - [2026-01-27T17:51:17.998+0000] {dag.py:3954} INFO - Setting next_dagrun for ml_retraining_pipeline to None, run_after=None
[2026-01-27T17:51:18.025+0000] {processor.py:183} INFO - Processing /opt/airflow/dags/retraining.py took 2.490 seconds
[2026-01-27T17:51:48.212+0000] {processor.py:161} INFO - Started process (PID=142) to work on /opt/airflow/dags/retraining.py
[2026-01-27T17:51:48.214+0000] {processor.py:830} INFO - Processing file /opt/airflow/dags/retraining.py for tasks to queue
[2026-01-27T17:51:48.217+0000] {logging_mixin.py:188} INFO - [2026-01-27T17:51:48.217+0000] {dagbag.py:540} INFO - Filling up the DagBag from /opt/airflow/dags/retraining.py
[2026-01-27T17:51:50.501+0000] {logging_mixin.py:188} INFO - Added path to: /opt/airflow/src/utils
[2026-01-27T17:51:50.509+0000] {processor.py:840} INFO - DAG(s) 'ml_retraining_pipeline' retrieved from /opt/airflow/dags/retraining.py
[2026-01-27T17:51:50.535+0000] {logging_mixin.py:188} INFO - [2026-01-27T17:51:50.534+0000] {dag.py:3096} INFO - Sync 1 DAGs
[2026-01-27T17:51:50.546+0000] {logging_mixin.py:188} INFO - [2026-01-27T17:51:50.546+0000] {dag.py:3954} INFO - Setting next_dagrun for ml_retraining_pipeline to None, run_after=None
[2026-01-27T17:51:50.571+0000] {processor.py:183} INFO - Processing /opt/airflow/dags/retraining.py took 2.368 seconds
[2026-01-27T17:52:20.885+0000] {processor.py:161} INFO - Started process (PID=159) to work on /opt/airflow/dags/retraining.py
[2026-01-27T17:52:20.886+0000] {processor.py:830} INFO - Processing file /opt/airflow/dags/retraining.py for tasks to queue
[2026-01-27T17:52:20.892+0000] {logging_mixin.py:188} INFO - [2026-01-27T17:52:20.891+0000] {dagbag.py:540} INFO - Filling up the DagBag from /opt/airflow/dags/retraining.py
[2026-01-27T17:52:23.442+0000] {logging_mixin.py:188} INFO - Added path to: /opt/airflow/src/utils
[2026-01-27T17:52:23.450+0000] {processor.py:840} INFO - DAG(s) 'ml_retraining_pipeline' retrieved from /opt/airflow/dags/retraining.py
[2026-01-27T17:52:23.477+0000] {logging_mixin.py:188} INFO - [2026-01-27T17:52:23.477+0000] {dag.py:3096} INFO - Sync 1 DAGs
[2026-01-27T17:52:23.496+0000] {logging_mixin.py:188} INFO - [2026-01-27T17:52:23.495+0000] {dag.py:3954} INFO - Setting next_dagrun for ml_retraining_pipeline to None, run_after=None
[2026-01-27T17:52:23.525+0000] {processor.py:183} INFO - Processing /opt/airflow/dags/retraining.py took 2.662 seconds
[2026-01-27T17:52:53.785+0000] {processor.py:161} INFO - Started process (PID=176) to work on /opt/airflow/dags/retraining.py
[2026-01-27T17:52:53.786+0000] {processor.py:830} INFO - Processing file /opt/airflow/dags/retraining.py for tasks to queue
[2026-01-27T17:52:53.788+0000] {logging_mixin.py:188} INFO - [2026-01-27T17:52:53.788+0000] {dagbag.py:540} INFO - Filling up the DagBag from /opt/airflow/dags/retraining.py
[2026-01-27T17:52:56.537+0000] {logging_mixin.py:188} INFO - Added path to: /opt/airflow/src/utils
[2026-01-27T17:52:56.547+0000] {processor.py:840} INFO - DAG(s) 'ml_retraining_pipeline' retrieved from /opt/airflow/dags/retraining.py
[2026-01-27T17:52:56.573+0000] {logging_mixin.py:188} INFO - [2026-01-27T17:52:56.572+0000] {dag.py:3096} INFO - Sync 1 DAGs
[2026-01-27T17:52:56.586+0000] {logging_mixin.py:188} INFO - [2026-01-27T17:52:56.585+0000] {dag.py:3954} INFO - Setting next_dagrun for ml_retraining_pipeline to None, run_after=None
[2026-01-27T17:52:56.609+0000] {processor.py:183} INFO - Processing /opt/airflow/dags/retraining.py took 2.831 seconds
[2026-01-27T17:53:26.948+0000] {processor.py:161} INFO - Started process (PID=193) to work on /opt/airflow/dags/retraining.py
[2026-01-27T17:53:26.950+0000] {processor.py:830} INFO - Processing file /opt/airflow/dags/retraining.py for tasks to queue
[2026-01-27T17:53:26.953+0000] {logging_mixin.py:188} INFO - [2026-01-27T17:53:26.953+0000] {dagbag.py:540} INFO - Filling up the DagBag from /opt/airflow/dags/retraining.py
[2026-01-27T17:53:29.306+0000] {logging_mixin.py:188} INFO - Added path to: /opt/airflow/src/utils
[2026-01-27T17:53:29.313+0000] {processor.py:840} INFO - DAG(s) 'ml_retraining_pipeline' retrieved from /opt/airflow/dags/retraining.py
[2026-01-27T17:53:29.335+0000] {logging_mixin.py:188} INFO - [2026-01-27T17:53:29.335+0000] {dag.py:3096} INFO - Sync 1 DAGs
[2026-01-27T17:53:29.347+0000] {logging_mixin.py:188} INFO - [2026-01-27T17:53:29.347+0000] {dag.py:3954} INFO - Setting next_dagrun for ml_retraining_pipeline to None, run_after=None
[2026-01-27T17:53:29.371+0000] {processor.py:183} INFO - Processing /opt/airflow/dags/retraining.py took 2.430 seconds
[2026-01-27T17:53:59.703+0000] {processor.py:161} INFO - Started process (PID=210) to work on /opt/airflow/dags/retraining.py
[2026-01-27T17:53:59.707+0000] {processor.py:830} INFO - Processing file /opt/airflow/dags/retraining.py for tasks to queue
[2026-01-27T17:53:59.709+0000] {logging_mixin.py:188} INFO - [2026-01-27T17:53:59.709+0000] {dagbag.py:540} INFO - Filling up the DagBag from /opt/airflow/dags/retraining.py
[2026-01-27T17:54:02.187+0000] {logging_mixin.py:188} INFO - Added path to: /opt/airflow/src/utils
[2026-01-27T17:54:02.198+0000] {processor.py:840} INFO - DAG(s) 'ml_retraining_pipeline' retrieved from /opt/airflow/dags/retraining.py
[2026-01-27T17:54:02.227+0000] {logging_mixin.py:188} INFO - [2026-01-27T17:54:02.227+0000] {dag.py:3096} INFO - Sync 1 DAGs
[2026-01-27T17:54:02.241+0000] {logging_mixin.py:188} INFO - [2026-01-27T17:54:02.241+0000] {dag.py:3954} INFO - Setting next_dagrun for ml_retraining_pipeline to None, run_after=None
[2026-01-27T17:54:02.265+0000] {processor.py:183} INFO - Processing /opt/airflow/dags/retraining.py took 2.576 seconds
[2026-01-27T17:54:32.507+0000] {processor.py:161} INFO - Started process (PID=228) to work on /opt/airflow/dags/retraining.py
[2026-01-27T17:54:32.509+0000] {processor.py:830} INFO - Processing file /opt/airflow/dags/retraining.py for tasks to queue
[2026-01-27T17:54:32.512+0000] {logging_mixin.py:188} INFO - [2026-01-27T17:54:32.511+0000] {dagbag.py:540} INFO - Filling up the DagBag from /opt/airflow/dags/retraining.py
[2026-01-27T17:54:35.060+0000] {logging_mixin.py:188} INFO - Added path to: /opt/airflow/src/utils
[2026-01-27T17:54:35.065+0000] {processor.py:840} INFO - DAG(s) 'ml_retraining_pipeline' retrieved from /opt/airflow/dags/retraining.py
[2026-01-27T17:54:35.088+0000] {logging_mixin.py:188} INFO - [2026-01-27T17:54:35.088+0000] {dag.py:3096} INFO - Sync 1 DAGs
[2026-01-27T17:54:35.099+0000] {logging_mixin.py:188} INFO - [2026-01-27T17:54:35.099+0000] {dag.py:3954} INFO - Setting next_dagrun for ml_retraining_pipeline to None, run_after=None
[2026-01-27T17:54:35.122+0000] {processor.py:183} INFO - Processing /opt/airflow/dags/retraining.py took 2.623 seconds
[2026-01-27T17:55:05.421+0000] {processor.py:161} INFO - Started process (PID=245) to work on /opt/airflow/dags/retraining.py
[2026-01-27T17:55:05.422+0000] {processor.py:830} INFO - Processing file /opt/airflow/dags/retraining.py for tasks to queue
[2026-01-27T17:55:05.425+0000] {logging_mixin.py:188} INFO - [2026-01-27T17:55:05.424+0000] {dagbag.py:540} INFO - Filling up the DagBag from /opt/airflow/dags/retraining.py
[2026-01-27T17:55:08.116+0000] {logging_mixin.py:188} INFO - Added path to: /opt/airflow/src/utils
[2026-01-27T17:55:08.124+0000] {processor.py:840} INFO - DAG(s) 'ml_retraining_pipeline' retrieved from /opt/airflow/dags/retraining.py
[2026-01-27T17:55:08.151+0000] {logging_mixin.py:188} INFO - [2026-01-27T17:55:08.150+0000] {dag.py:3096} INFO - Sync 1 DAGs
[2026-01-27T17:55:08.162+0000] {logging_mixin.py:188} INFO - [2026-01-27T17:55:08.162+0000] {dag.py:3954} INFO - Setting next_dagrun for ml_retraining_pipeline to None, run_after=None
[2026-01-27T17:55:08.185+0000] {processor.py:183} INFO - Processing /opt/airflow/dags/retraining.py took 2.772 seconds
[2026-01-27T17:55:38.490+0000] {processor.py:161} INFO - Started process (PID=262) to work on /opt/airflow/dags/retraining.py
[2026-01-27T17:55:38.491+0000] {processor.py:830} INFO - Processing file /opt/airflow/dags/retraining.py for tasks to queue
[2026-01-27T17:55:38.494+0000] {logging_mixin.py:188} INFO - [2026-01-27T17:55:38.493+0000] {dagbag.py:540} INFO - Filling up the DagBag from /opt/airflow/dags/retraining.py
[2026-01-27T17:55:41.081+0000] {logging_mixin.py:188} INFO - Added path to: /opt/airflow/src/utils
[2026-01-27T17:55:41.088+0000] {processor.py:840} INFO - DAG(s) 'ml_retraining_pipeline' retrieved from /opt/airflow/dags/retraining.py
[2026-01-27T17:55:41.116+0000] {logging_mixin.py:188} INFO - [2026-01-27T17:55:41.115+0000] {dag.py:3096} INFO - Sync 1 DAGs
[2026-01-27T17:55:41.129+0000] {logging_mixin.py:188} INFO - [2026-01-27T17:55:41.129+0000] {dag.py:3954} INFO - Setting next_dagrun for ml_retraining_pipeline to None, run_after=None
[2026-01-27T17:55:41.152+0000] {processor.py:183} INFO - Processing /opt/airflow/dags/retraining.py took 2.674 seconds
[2026-01-27T17:56:11.778+0000] {processor.py:161} INFO - Started process (PID=279) to work on /opt/airflow/dags/retraining.py
[2026-01-27T17:56:11.783+0000] {processor.py:830} INFO - Processing file /opt/airflow/dags/retraining.py for tasks to queue
[2026-01-27T17:56:11.801+0000] {logging_mixin.py:188} INFO - [2026-01-27T17:56:11.800+0000] {dagbag.py:540} INFO - Filling up the DagBag from /opt/airflow/dags/retraining.py
[2026-01-27T17:56:18.630+0000] {logging_mixin.py:188} INFO - Added path to: /opt/airflow/src/utils
[2026-01-27T17:56:18.649+0000] {processor.py:840} INFO - DAG(s) 'ml_retraining_pipeline' retrieved from /opt/airflow/dags/retraining.py
[2026-01-27T17:56:19.093+0000] {logging_mixin.py:188} INFO - [2026-01-27T17:56:19.092+0000] {dag.py:3096} INFO - Sync 1 DAGs
[2026-01-27T17:56:19.181+0000] {logging_mixin.py:188} INFO - [2026-01-27T17:56:19.181+0000] {dag.py:3954} INFO - Setting next_dagrun for ml_retraining_pipeline to None, run_after=None
[2026-01-27T17:56:19.237+0000] {processor.py:183} INFO - Processing /opt/airflow/dags/retraining.py took 7.476 seconds
[2026-01-27T17:56:49.581+0000] {processor.py:161} INFO - Started process (PID=301) to work on /opt/airflow/dags/retraining.py
[2026-01-27T17:56:49.585+0000] {processor.py:830} INFO - Processing file /opt/airflow/dags/retraining.py for tasks to queue
[2026-01-27T17:56:49.602+0000] {logging_mixin.py:188} INFO - [2026-01-27T17:56:49.601+0000] {dagbag.py:540} INFO - Filling up the DagBag from /opt/airflow/dags/retraining.py
[2026-01-27T17:57:00.542+0000] {logging_mixin.py:188} INFO - Added path to: /opt/airflow/src/utils
[2026-01-27T17:57:00.567+0000] {processor.py:840} INFO - DAG(s) 'ml_retraining_pipeline' retrieved from /opt/airflow/dags/retraining.py
[2026-01-27T17:57:00.997+0000] {logging_mixin.py:188} INFO - [2026-01-27T17:57:00.996+0000] {dag.py:3096} INFO - Sync 1 DAGs
[2026-01-27T17:57:01.014+0000] {logging_mixin.py:188} INFO - [2026-01-27T17:57:01.013+0000] {dag.py:3954} INFO - Setting next_dagrun for ml_retraining_pipeline to None, run_after=None
[2026-01-27T17:57:01.057+0000] {processor.py:183} INFO - Processing /opt/airflow/dags/retraining.py took 11.525 seconds
[2026-01-27T18:42:37.728+0000] {processor.py:161} INFO - Started process (PID=36) to work on /opt/airflow/dags/retraining.py
[2026-01-27T18:42:37.732+0000] {processor.py:830} INFO - Processing file /opt/airflow/dags/retraining.py for tasks to queue
[2026-01-27T18:42:37.738+0000] {logging_mixin.py:188} INFO - [2026-01-27T18:42:37.738+0000] {dagbag.py:540} INFO - Filling up the DagBag from /opt/airflow/dags/retraining.py
[2026-01-27T18:42:57.798+0000] {logging_mixin.py:188} INFO - Added path to: /opt/airflow/src/utils
[2026-01-27T18:42:57.836+0000] {processor.py:840} INFO - DAG(s) 'ml_retraining_pipeline' retrieved from /opt/airflow/dags/retraining.py
[2026-01-27T18:42:58.899+0000] {logging_mixin.py:188} INFO - [2026-01-27T18:42:58.898+0000] {dag.py:3096} INFO - Sync 1 DAGs
[2026-01-27T18:42:58.931+0000] {logging_mixin.py:188} INFO - [2026-01-27T18:42:58.930+0000] {dag.py:3954} INFO - Setting next_dagrun for ml_retraining_pipeline to None, run_after=None
[2026-01-27T18:42:58.977+0000] {processor.py:183} INFO - Processing /opt/airflow/dags/retraining.py took 21.275 seconds
[2026-01-27T18:43:29.349+0000] {processor.py:161} INFO - Started process (PID=58) to work on /opt/airflow/dags/retraining.py
[2026-01-27T18:43:29.352+0000] {processor.py:830} INFO - Processing file /opt/airflow/dags/retraining.py for tasks to queue
[2026-01-27T18:43:29.357+0000] {logging_mixin.py:188} INFO - [2026-01-27T18:43:29.356+0000] {dagbag.py:540} INFO - Filling up the DagBag from /opt/airflow/dags/retraining.py
[2026-01-27T18:43:45.368+0000] {logging_mixin.py:188} INFO - Added path to: /opt/airflow/src/utils
[2026-01-27T18:43:45.383+0000] {processor.py:840} INFO - DAG(s) 'ml_retraining_pipeline' retrieved from /opt/airflow/dags/retraining.py
[2026-01-27T18:43:45.431+0000] {logging_mixin.py:188} INFO - [2026-01-27T18:43:45.430+0000] {dag.py:3096} INFO - Sync 1 DAGs
[2026-01-27T18:43:45.455+0000] {logging_mixin.py:188} INFO - [2026-01-27T18:43:45.454+0000] {dag.py:3954} INFO - Setting next_dagrun for ml_retraining_pipeline to None, run_after=None
[2026-01-27T18:43:45.495+0000] {processor.py:183} INFO - Processing /opt/airflow/dags/retraining.py took 16.165 seconds
[2026-01-27T18:44:16.071+0000] {processor.py:161} INFO - Started process (PID=75) to work on /opt/airflow/dags/retraining.py
[2026-01-27T18:44:16.074+0000] {processor.py:830} INFO - Processing file /opt/airflow/dags/retraining.py for tasks to queue
[2026-01-27T18:44:16.082+0000] {logging_mixin.py:188} INFO - [2026-01-27T18:44:16.081+0000] {dagbag.py:540} INFO - Filling up the DagBag from /opt/airflow/dags/retraining.py
[2026-01-27T18:44:54.105+0000] {processor.py:161} INFO - Started process (PID=82) to work on /opt/airflow/dags/retraining.py
[2026-01-27T18:44:54.109+0000] {processor.py:830} INFO - Processing file /opt/airflow/dags/retraining.py for tasks to queue
[2026-01-27T18:44:54.119+0000] {logging_mixin.py:188} INFO - [2026-01-27T18:44:54.118+0000] {dagbag.py:540} INFO - Filling up the DagBag from /opt/airflow/dags/retraining.py
