[2026-01-27T17:48:20.292+0000] {manager.py:470} INFO - Processing files using up to 2 processes at a time 
[2026-01-27T17:48:20.294+0000] {manager.py:471} INFO - Process each file at most once every 30 seconds
[2026-01-27T17:48:20.296+0000] {manager.py:472} INFO - Checking for new files in /opt/airflow/dags every 300 seconds
[2026-01-27T17:48:20.297+0000] {manager.py:737} INFO - Searching for files in /opt/airflow/dags
[2026-01-27T17:48:20.345+0000] {manager.py:740} INFO - There are 1 files in /opt/airflow/dags
[2026-01-27T17:48:20.573+0000] {manager.py:878} INFO - 
================================================================================
DAG File Processing Stats

File Path                          PID  Runtime      # DAGs    # Errors  Last Runtime    Last Run
-------------------------------  -----  ---------  --------  ----------  --------------  ----------
/opt/airflow/dags/retraining.py     34  0.13s             0           0
================================================================================
[2026-01-27T17:48:50.856+0000] {manager.py:878} INFO - 
================================================================================
DAG File Processing Stats

File Path                        PID    Runtime      # DAGs    # Errors  Last Runtime    Last Run
-------------------------------  -----  ---------  --------  ----------  --------------  -------------------
/opt/airflow/dags/retraining.py                           1           0  10.59s          2026-01-27T17:48:31
================================================================================
[2026-01-27T17:49:21.044+0000] {manager.py:878} INFO - 
================================================================================
DAG File Processing Stats

File Path                        PID    Runtime      # DAGs    # Errors  Last Runtime    Last Run
-------------------------------  -----  ---------  --------  ----------  --------------  -------------------
/opt/airflow/dags/retraining.py                           1           0  3.93s           2026-01-27T17:49:05
================================================================================
[2026-01-27T17:49:51.281+0000] {manager.py:878} INFO - 
================================================================================
DAG File Processing Stats

File Path                        PID    Runtime      # DAGs    # Errors  Last Runtime    Last Run
-------------------------------  -----  ---------  --------  ----------  --------------  -------------------
/opt/airflow/dags/retraining.py                           1           0  3.99s           2026-01-27T17:49:39
================================================================================
[2026-01-27T17:50:21.497+0000] {manager.py:878} INFO - 
================================================================================
DAG File Processing Stats

File Path                        PID    Runtime      # DAGs    # Errors  Last Runtime    Last Run
-------------------------------  -----  ---------  --------  ----------  --------------  -------------------
/opt/airflow/dags/retraining.py                           1           0  2.89s           2026-01-27T17:50:12
================================================================================
[2026-01-27T17:50:51.785+0000] {manager.py:878} INFO - 
================================================================================
DAG File Processing Stats

File Path                        PID    Runtime      # DAGs    # Errors  Last Runtime    Last Run
-------------------------------  -----  ---------  --------  ----------  --------------  -------------------
/opt/airflow/dags/retraining.py                           1           0  2.62s           2026-01-27T17:50:45
================================================================================
[2026-01-27T17:51:21.982+0000] {manager.py:878} INFO - 
================================================================================
DAG File Processing Stats

File Path                        PID    Runtime      # DAGs    # Errors  Last Runtime    Last Run
-------------------------------  -----  ---------  --------  ----------  --------------  -------------------
/opt/airflow/dags/retraining.py                           1           0  2.52s           2026-01-27T17:51:18
================================================================================
[2026-01-27T17:51:52.269+0000] {manager.py:878} INFO - 
================================================================================
DAG File Processing Stats

File Path                        PID    Runtime      # DAGs    # Errors  Last Runtime    Last Run
-------------------------------  -----  ---------  --------  ----------  --------------  -------------------
/opt/airflow/dags/retraining.py                           1           0  2.40s           2026-01-27T17:51:50
================================================================================
[2026-01-27T17:52:22.514+0000] {manager.py:878} INFO - 
================================================================================
DAG File Processing Stats

File Path                          PID  Runtime      # DAGs    # Errors  Last Runtime    Last Run
-------------------------------  -----  ---------  --------  ----------  --------------  -------------------
/opt/airflow/dags/retraining.py    159  1.68s             1           0  2.40s           2026-01-27T17:51:50
================================================================================
[2026-01-27T17:52:52.744+0000] {manager.py:878} INFO - 
================================================================================
DAG File Processing Stats

File Path                        PID    Runtime      # DAGs    # Errors  Last Runtime    Last Run
-------------------------------  -----  ---------  --------  ----------  --------------  -------------------
/opt/airflow/dags/retraining.py                           1           0  2.71s           2026-01-27T17:52:23
================================================================================
[2026-01-27T17:53:20.806+0000] {manager.py:737} INFO - Searching for files in /opt/airflow/dags
[2026-01-27T17:53:20.837+0000] {manager.py:740} INFO - There are 1 files in /opt/airflow/dags
[2026-01-27T17:53:22.866+0000] {manager.py:878} INFO - 
================================================================================
DAG File Processing Stats

File Path                        PID    Runtime      # DAGs    # Errors  Last Runtime    Last Run
-------------------------------  -----  ---------  --------  ----------  --------------  -------------------
/opt/airflow/dags/retraining.py                           1           0  2.87s           2026-01-27T17:52:56
================================================================================
[2026-01-27T17:53:53.195+0000] {manager.py:878} INFO - 
================================================================================
DAG File Processing Stats

File Path                        PID    Runtime      # DAGs    # Errors  Last Runtime    Last Run
-------------------------------  -----  ---------  --------  ----------  --------------  -------------------
/opt/airflow/dags/retraining.py                           1           0  2.47s           2026-01-27T17:53:29
================================================================================
[2026-01-27T17:54:23.417+0000] {manager.py:878} INFO - 
================================================================================
DAG File Processing Stats

File Path                        PID    Runtime      # DAGs    # Errors  Last Runtime    Last Run
-------------------------------  -----  ---------  --------  ----------  --------------  -------------------
/opt/airflow/dags/retraining.py                           1           0  2.61s           2026-01-27T17:54:02
================================================================================
[2026-01-27T17:54:53.650+0000] {manager.py:878} INFO - 
================================================================================
DAG File Processing Stats

File Path                        PID    Runtime      # DAGs    # Errors  Last Runtime    Last Run
-------------------------------  -----  ---------  --------  ----------  --------------  -------------------
/opt/airflow/dags/retraining.py                           1           0  2.65s           2026-01-27T17:54:35
================================================================================
[2026-01-27T17:55:23.866+0000] {manager.py:878} INFO - 
================================================================================
DAG File Processing Stats

File Path                        PID    Runtime      # DAGs    # Errors  Last Runtime    Last Run
-------------------------------  -----  ---------  --------  ----------  --------------  -------------------
/opt/airflow/dags/retraining.py                           1           0  2.80s           2026-01-27T17:55:08
================================================================================
[2026-01-27T17:55:54.143+0000] {manager.py:878} INFO - 
================================================================================
DAG File Processing Stats

File Path                        PID    Runtime      # DAGs    # Errors  Last Runtime    Last Run
-------------------------------  -----  ---------  --------  ----------  --------------  -------------------
/opt/airflow/dags/retraining.py                           1           0  2.70s           2026-01-27T17:55:41
================================================================================
[2026-01-27T17:56:24.336+0000] {manager.py:878} INFO - 
================================================================================
DAG File Processing Stats

File Path                        PID    Runtime      # DAGs    # Errors  Last Runtime    Last Run
-------------------------------  -----  ---------  --------  ----------  --------------  -------------------
/opt/airflow/dags/retraining.py                           1           0  7.56s           2026-01-27T17:56:19
================================================================================
[2026-01-27T17:56:54.561+0000] {manager.py:878} INFO - 
================================================================================
DAG File Processing Stats

File Path                          PID  Runtime      # DAGs    # Errors  Last Runtime    Last Run
-------------------------------  -----  ---------  --------  ----------  --------------  -------------------
/opt/airflow/dags/retraining.py    301  5.12s             1           0  7.56s           2026-01-27T17:56:19
================================================================================
[2026-01-27T18:42:37.196+0000] {manager.py:470} INFO - Processing files using up to 2 processes at a time 
[2026-01-27T18:42:37.217+0000] {manager.py:471} INFO - Process each file at most once every 30 seconds
[2026-01-27T18:42:37.232+0000] {manager.py:472} INFO - Checking for new files in /opt/airflow/dags every 300 seconds
[2026-01-27T18:42:37.235+0000] {manager.py:737} INFO - Searching for files in /opt/airflow/dags
[2026-01-27T18:42:37.470+0000] {manager.py:740} INFO - There are 1 files in /opt/airflow/dags
[2026-01-27T18:42:37.800+0000] {manager.py:878} INFO - 
================================================================================
DAG File Processing Stats

File Path                          PID  Runtime      # DAGs    # Errors  Last Runtime    Last Run
-------------------------------  -----  ---------  --------  ----------  --------------  ----------
/opt/airflow/dags/retraining.py     36  0.14s             0           0
================================================================================
[2026-01-27T18:43:08.061+0000] {manager.py:878} INFO - 
================================================================================
DAG File Processing Stats

File Path                        PID    Runtime      # DAGs    # Errors  Last Runtime    Last Run
-------------------------------  -----  ---------  --------  ----------  --------------  -------------------
/opt/airflow/dags/retraining.py                           1           0  21.35s          2026-01-27T18:42:59
================================================================================
[2026-01-27T18:43:38.515+0000] {manager.py:878} INFO - 
================================================================================
DAG File Processing Stats

File Path                          PID  Runtime      # DAGs    # Errors  Last Runtime    Last Run
-------------------------------  -----  ---------  --------  ----------  --------------  -------------------
/opt/airflow/dags/retraining.py     58  9.22s             1           0  21.35s          2026-01-27T18:42:59
================================================================================
[2026-01-27T18:44:08.865+0000] {manager.py:878} INFO - 
================================================================================
DAG File Processing Stats

File Path                        PID    Runtime      # DAGs    # Errors  Last Runtime    Last Run
-------------------------------  -----  ---------  --------  ----------  --------------  -------------------
/opt/airflow/dags/retraining.py                           1           0  16.23s          2026-01-27T18:43:45
================================================================================
[2026-01-27T18:44:23.671+0000] {manager.py:1016} ERROR - Processor for /opt/airflow/dags/retraining.py exited with return code -7.
[2026-01-27T18:44:38.872+0000] {manager.py:878} INFO - 
================================================================================
DAG File Processing Stats

File Path                        PID    Runtime      # DAGs    # Errors  Last Runtime    Last Run
-------------------------------  -----  ---------  --------  ----------  --------------  -------------------
/opt/airflow/dags/retraining.py                           0          -1  7.68s           2026-01-27T18:44:23
================================================================================
[2026-01-27T18:44:54.297+0000] {manager.py:1016} ERROR - Processor for /opt/airflow/dags/retraining.py exited with return code -7.
[2026-01-27T18:45:09.183+0000] {manager.py:878} INFO - 
================================================================================
DAG File Processing Stats

File Path                        PID    Runtime      # DAGs    # Errors  Last Runtime    Last Run
-------------------------------  -----  ---------  --------  ----------  --------------  -------------------
/opt/airflow/dags/retraining.py                           0          -1  0.26s           2026-01-27T18:44:54
================================================================================
[2026-01-27T18:45:20.195+0000] {manager.py:452} INFO - Exiting gracefully upon receiving signal 15
