[2026-01-25T21:06:27.288+0000] {processor.py:161} INFO - Started process (PID=48) to work on /opt/airflow/dags/retraining.py
[2026-01-25T21:06:27.291+0000] {processor.py:830} INFO - Processing file /opt/airflow/dags/retraining.py for tasks to queue
[2026-01-25T21:06:27.299+0000] {logging_mixin.py:188} INFO - [2026-01-25T21:06:27.298+0000] {dagbag.py:540} INFO - Filling up the DagBag from /opt/airflow/dags/retraining.py
[2026-01-25T21:06:27.571+0000] {processor.py:840} INFO - DAG(s) 'ml_retraining_pipeline' retrieved from /opt/airflow/dags/retraining.py
[2026-01-25T21:06:29.130+0000] {logging_mixin.py:188} INFO - [2026-01-25T21:06:29.128+0000] {override.py:1829} INFO - Created Permission View: can read on DAG:ml_retraining_pipeline
[2026-01-25T21:06:29.190+0000] {logging_mixin.py:188} INFO - [2026-01-25T21:06:29.189+0000] {override.py:1829} INFO - Created Permission View: can delete on DAG:ml_retraining_pipeline
[2026-01-25T21:06:29.228+0000] {logging_mixin.py:188} INFO - [2026-01-25T21:06:29.227+0000] {override.py:1829} INFO - Created Permission View: can edit on DAG:ml_retraining_pipeline
[2026-01-25T21:06:29.239+0000] {logging_mixin.py:188} INFO - [2026-01-25T21:06:29.239+0000] {dag.py:3096} INFO - Sync 1 DAGs
[2026-01-25T21:06:29.299+0000] {logging_mixin.py:188} INFO - [2026-01-25T21:06:29.299+0000] {dag.py:3118} INFO - Creating ORM DAG for ml_retraining_pipeline
[2026-01-25T21:06:29.304+0000] {logging_mixin.py:188} INFO - [2026-01-25T21:06:29.303+0000] {dag.py:3954} INFO - Setting next_dagrun for ml_retraining_pipeline to None, run_after=None
[2026-01-25T21:06:29.460+0000] {processor.py:183} INFO - Processing /opt/airflow/dags/retraining.py took 2.245 seconds
[2026-01-25T21:07:00.035+0000] {processor.py:161} INFO - Started process (PID=55) to work on /opt/airflow/dags/retraining.py
[2026-01-25T21:07:00.053+0000] {processor.py:830} INFO - Processing file /opt/airflow/dags/retraining.py for tasks to queue
[2026-01-25T21:07:00.146+0000] {logging_mixin.py:188} INFO - [2026-01-25T21:07:00.145+0000] {dagbag.py:540} INFO - Filling up the DagBag from /opt/airflow/dags/retraining.py
[2026-01-25T21:07:00.435+0000] {processor.py:840} INFO - DAG(s) 'ml_retraining_pipeline' retrieved from /opt/airflow/dags/retraining.py
[2026-01-25T21:07:00.817+0000] {logging_mixin.py:188} INFO - [2026-01-25T21:07:00.809+0000] {dag.py:3096} INFO - Sync 1 DAGs
[2026-01-25T21:07:01.178+0000] {logging_mixin.py:188} INFO - [2026-01-25T21:07:01.177+0000] {dag.py:3954} INFO - Setting next_dagrun for ml_retraining_pipeline to None, run_after=None
[2026-01-25T21:07:01.498+0000] {processor.py:183} INFO - Processing /opt/airflow/dags/retraining.py took 1.540 seconds
[2026-01-25T21:07:31.733+0000] {processor.py:161} INFO - Started process (PID=63) to work on /opt/airflow/dags/retraining.py
[2026-01-25T21:07:31.785+0000] {processor.py:830} INFO - Processing file /opt/airflow/dags/retraining.py for tasks to queue
[2026-01-25T21:07:31.837+0000] {logging_mixin.py:188} INFO - [2026-01-25T21:07:31.835+0000] {dagbag.py:540} INFO - Filling up the DagBag from /opt/airflow/dags/retraining.py
[2026-01-25T21:07:32.607+0000] {processor.py:840} INFO - DAG(s) 'ml_retraining_pipeline' retrieved from /opt/airflow/dags/retraining.py
[2026-01-25T21:07:32.991+0000] {logging_mixin.py:188} INFO - [2026-01-25T21:07:32.990+0000] {dag.py:3096} INFO - Sync 1 DAGs
[2026-01-25T21:07:33.136+0000] {logging_mixin.py:188} INFO - [2026-01-25T21:07:33.134+0000] {dag.py:3954} INFO - Setting next_dagrun for ml_retraining_pipeline to None, run_after=None
[2026-01-25T21:07:33.241+0000] {processor.py:183} INFO - Processing /opt/airflow/dags/retraining.py took 1.521 seconds
[2026-01-25T21:08:03.703+0000] {processor.py:161} INFO - Started process (PID=70) to work on /opt/airflow/dags/retraining.py
[2026-01-25T21:08:03.760+0000] {processor.py:830} INFO - Processing file /opt/airflow/dags/retraining.py for tasks to queue
[2026-01-25T21:08:03.763+0000] {logging_mixin.py:188} INFO - [2026-01-25T21:08:03.763+0000] {dagbag.py:540} INFO - Filling up the DagBag from /opt/airflow/dags/retraining.py
[2026-01-25T21:08:03.846+0000] {processor.py:840} INFO - DAG(s) 'ml_retraining_pipeline' retrieved from /opt/airflow/dags/retraining.py
[2026-01-25T21:08:03.902+0000] {logging_mixin.py:188} INFO - [2026-01-25T21:08:03.901+0000] {dag.py:3096} INFO - Sync 1 DAGs
[2026-01-25T21:08:03.922+0000] {logging_mixin.py:188} INFO - [2026-01-25T21:08:03.921+0000] {dag.py:3954} INFO - Setting next_dagrun for ml_retraining_pipeline to None, run_after=None
[2026-01-25T21:08:04.446+0000] {processor.py:183} INFO - Processing /opt/airflow/dags/retraining.py took 0.757 seconds
[2026-01-25T21:08:34.629+0000] {processor.py:161} INFO - Started process (PID=77) to work on /opt/airflow/dags/retraining.py
[2026-01-25T21:08:34.657+0000] {processor.py:830} INFO - Processing file /opt/airflow/dags/retraining.py for tasks to queue
[2026-01-25T21:08:34.666+0000] {logging_mixin.py:188} INFO - [2026-01-25T21:08:34.665+0000] {dagbag.py:540} INFO - Filling up the DagBag from /opt/airflow/dags/retraining.py
[2026-01-25T21:08:34.730+0000] {processor.py:840} INFO - DAG(s) 'ml_retraining_pipeline' retrieved from /opt/airflow/dags/retraining.py
[2026-01-25T21:08:34.818+0000] {logging_mixin.py:188} INFO - [2026-01-25T21:08:34.818+0000] {dag.py:3096} INFO - Sync 1 DAGs
[2026-01-25T21:08:34.857+0000] {logging_mixin.py:188} INFO - [2026-01-25T21:08:34.856+0000] {dag.py:3954} INFO - Setting next_dagrun for ml_retraining_pipeline to None, run_after=None
[2026-01-25T21:08:34.993+0000] {processor.py:183} INFO - Processing /opt/airflow/dags/retraining.py took 0.384 seconds
[2026-01-25T21:09:06.389+0000] {processor.py:161} INFO - Started process (PID=83) to work on /opt/airflow/dags/retraining.py
[2026-01-25T21:09:06.417+0000] {processor.py:830} INFO - Processing file /opt/airflow/dags/retraining.py for tasks to queue
[2026-01-25T21:09:06.468+0000] {logging_mixin.py:188} INFO - [2026-01-25T21:09:06.468+0000] {dagbag.py:540} INFO - Filling up the DagBag from /opt/airflow/dags/retraining.py
[2026-01-25T21:09:06.579+0000] {processor.py:840} INFO - DAG(s) 'ml_retraining_pipeline' retrieved from /opt/airflow/dags/retraining.py
[2026-01-25T21:09:06.686+0000] {logging_mixin.py:188} INFO - [2026-01-25T21:09:06.685+0000] {dag.py:3096} INFO - Sync 1 DAGs
[2026-01-25T21:09:06.723+0000] {logging_mixin.py:188} INFO - [2026-01-25T21:09:06.722+0000] {dag.py:3954} INFO - Setting next_dagrun for ml_retraining_pipeline to None, run_after=None
[2026-01-25T21:09:06.870+0000] {processor.py:183} INFO - Processing /opt/airflow/dags/retraining.py took 0.524 seconds
[2026-01-25T21:09:37.781+0000] {processor.py:161} INFO - Started process (PID=90) to work on /opt/airflow/dags/retraining.py
[2026-01-25T21:09:37.783+0000] {processor.py:830} INFO - Processing file /opt/airflow/dags/retraining.py for tasks to queue
[2026-01-25T21:09:37.861+0000] {logging_mixin.py:188} INFO - [2026-01-25T21:09:37.806+0000] {dagbag.py:540} INFO - Filling up the DagBag from /opt/airflow/dags/retraining.py
[2026-01-25T21:09:37.990+0000] {processor.py:840} INFO - DAG(s) 'ml_retraining_pipeline' retrieved from /opt/airflow/dags/retraining.py
[2026-01-25T21:09:40.534+0000] {logging_mixin.py:188} INFO - [2026-01-25T21:09:40.533+0000] {dag.py:3096} INFO - Sync 1 DAGs
[2026-01-25T21:09:42.495+0000] {logging_mixin.py:188} INFO - [2026-01-25T21:09:42.494+0000] {dag.py:3954} INFO - Setting next_dagrun for ml_retraining_pipeline to None, run_after=None
[2026-01-25T21:09:42.585+0000] {processor.py:183} INFO - Processing /opt/airflow/dags/retraining.py took 4.816 seconds
[2026-01-25T21:10:12.811+0000] {processor.py:161} INFO - Started process (PID=97) to work on /opt/airflow/dags/retraining.py
[2026-01-25T21:10:12.814+0000] {processor.py:830} INFO - Processing file /opt/airflow/dags/retraining.py for tasks to queue
[2026-01-25T21:10:12.819+0000] {logging_mixin.py:188} INFO - [2026-01-25T21:10:12.817+0000] {dagbag.py:540} INFO - Filling up the DagBag from /opt/airflow/dags/retraining.py
[2026-01-25T21:10:12.875+0000] {processor.py:840} INFO - DAG(s) 'ml_retraining_pipeline' retrieved from /opt/airflow/dags/retraining.py
[2026-01-25T21:10:12.942+0000] {logging_mixin.py:188} INFO - [2026-01-25T21:10:12.942+0000] {dag.py:3096} INFO - Sync 1 DAGs
[2026-01-25T21:10:12.976+0000] {logging_mixin.py:188} INFO - [2026-01-25T21:10:12.975+0000] {dag.py:3954} INFO - Setting next_dagrun for ml_retraining_pipeline to None, run_after=None
[2026-01-25T21:10:13.036+0000] {processor.py:183} INFO - Processing /opt/airflow/dags/retraining.py took 0.239 seconds
[2026-01-25T21:10:43.451+0000] {processor.py:161} INFO - Started process (PID=104) to work on /opt/airflow/dags/retraining.py
[2026-01-25T21:10:43.461+0000] {processor.py:830} INFO - Processing file /opt/airflow/dags/retraining.py for tasks to queue
[2026-01-25T21:10:43.468+0000] {logging_mixin.py:188} INFO - [2026-01-25T21:10:43.467+0000] {dagbag.py:540} INFO - Filling up the DagBag from /opt/airflow/dags/retraining.py
[2026-01-25T21:10:43.674+0000] {processor.py:840} INFO - DAG(s) 'ml_retraining_pipeline' retrieved from /opt/airflow/dags/retraining.py
[2026-01-25T21:10:43.965+0000] {logging_mixin.py:188} INFO - [2026-01-25T21:10:43.964+0000] {dag.py:3096} INFO - Sync 1 DAGs
[2026-01-25T21:10:44.073+0000] {logging_mixin.py:188} INFO - [2026-01-25T21:10:44.072+0000] {dag.py:3954} INFO - Setting next_dagrun for ml_retraining_pipeline to None, run_after=None
[2026-01-25T21:10:44.303+0000] {processor.py:183} INFO - Processing /opt/airflow/dags/retraining.py took 1.037 seconds
[2026-01-25T21:11:14.902+0000] {processor.py:161} INFO - Started process (PID=111) to work on /opt/airflow/dags/retraining.py
[2026-01-25T21:11:14.904+0000] {processor.py:830} INFO - Processing file /opt/airflow/dags/retraining.py for tasks to queue
[2026-01-25T21:11:14.906+0000] {logging_mixin.py:188} INFO - [2026-01-25T21:11:14.906+0000] {dagbag.py:540} INFO - Filling up the DagBag from /opt/airflow/dags/retraining.py
[2026-01-25T21:11:16.012+0000] {processor.py:840} INFO - DAG(s) 'ml_retraining_pipeline' retrieved from /opt/airflow/dags/retraining.py
[2026-01-25T21:11:16.812+0000] {logging_mixin.py:188} INFO - [2026-01-25T21:11:16.812+0000] {dag.py:3096} INFO - Sync 1 DAGs
[2026-01-25T21:11:16.850+0000] {logging_mixin.py:188} INFO - [2026-01-25T21:11:16.849+0000] {dag.py:3954} INFO - Setting next_dagrun for ml_retraining_pipeline to None, run_after=None
[2026-01-25T21:11:16.885+0000] {processor.py:183} INFO - Processing /opt/airflow/dags/retraining.py took 1.992 seconds
[2026-01-25T21:11:47.820+0000] {processor.py:161} INFO - Started process (PID=118) to work on /opt/airflow/dags/retraining.py
[2026-01-25T21:11:47.869+0000] {processor.py:830} INFO - Processing file /opt/airflow/dags/retraining.py for tasks to queue
[2026-01-25T21:11:48.047+0000] {logging_mixin.py:188} INFO - [2026-01-25T21:11:48.040+0000] {dagbag.py:540} INFO - Filling up the DagBag from /opt/airflow/dags/retraining.py
[2026-01-25T21:11:48.217+0000] {processor.py:840} INFO - DAG(s) 'ml_retraining_pipeline' retrieved from /opt/airflow/dags/retraining.py
[2026-01-25T21:11:48.455+0000] {logging_mixin.py:188} INFO - [2026-01-25T21:11:48.455+0000] {dag.py:3096} INFO - Sync 1 DAGs
[2026-01-25T21:11:48.545+0000] {logging_mixin.py:188} INFO - [2026-01-25T21:11:48.545+0000] {dag.py:3954} INFO - Setting next_dagrun for ml_retraining_pipeline to None, run_after=None
[2026-01-25T21:11:48.659+0000] {processor.py:183} INFO - Processing /opt/airflow/dags/retraining.py took 1.105 seconds
[2026-01-25T21:12:20.051+0000] {processor.py:161} INFO - Started process (PID=131) to work on /opt/airflow/dags/retraining.py
[2026-01-25T21:12:20.080+0000] {processor.py:830} INFO - Processing file /opt/airflow/dags/retraining.py for tasks to queue
[2026-01-25T21:12:20.132+0000] {logging_mixin.py:188} INFO - [2026-01-25T21:12:20.115+0000] {dagbag.py:540} INFO - Filling up the DagBag from /opt/airflow/dags/retraining.py
[2026-01-25T21:12:20.488+0000] {processor.py:840} INFO - DAG(s) 'ml_retraining_pipeline' retrieved from /opt/airflow/dags/retraining.py
[2026-01-25T21:12:20.993+0000] {logging_mixin.py:188} INFO - [2026-01-25T21:12:20.993+0000] {dag.py:3096} INFO - Sync 1 DAGs
[2026-01-25T21:12:21.301+0000] {logging_mixin.py:188} INFO - [2026-01-25T21:12:21.300+0000] {dag.py:3954} INFO - Setting next_dagrun for ml_retraining_pipeline to None, run_after=None
[2026-01-25T21:12:21.738+0000] {processor.py:183} INFO - Processing /opt/airflow/dags/retraining.py took 1.957 seconds
[2026-01-25T21:12:53.483+0000] {processor.py:161} INFO - Started process (PID=138) to work on /opt/airflow/dags/retraining.py
[2026-01-25T21:12:53.574+0000] {processor.py:830} INFO - Processing file /opt/airflow/dags/retraining.py for tasks to queue
[2026-01-25T21:12:53.745+0000] {logging_mixin.py:188} INFO - [2026-01-25T21:12:53.738+0000] {dagbag.py:540} INFO - Filling up the DagBag from /opt/airflow/dags/retraining.py
[2026-01-25T21:12:54.345+0000] {processor.py:840} INFO - DAG(s) 'ml_retraining_pipeline' retrieved from /opt/airflow/dags/retraining.py
[2026-01-25T21:12:54.903+0000] {logging_mixin.py:188} INFO - [2026-01-25T21:12:54.902+0000] {dag.py:3096} INFO - Sync 1 DAGs
[2026-01-25T21:12:55.373+0000] {logging_mixin.py:188} INFO - [2026-01-25T21:12:55.370+0000] {dag.py:3954} INFO - Setting next_dagrun for ml_retraining_pipeline to None, run_after=None
[2026-01-25T21:12:55.594+0000] {processor.py:183} INFO - Processing /opt/airflow/dags/retraining.py took 2.620 seconds
[2026-01-25T21:13:30.306+0000] {processor.py:161} INFO - Started process (PID=145) to work on /opt/airflow/dags/retraining.py
[2026-01-25T21:13:30.424+0000] {processor.py:830} INFO - Processing file /opt/airflow/dags/retraining.py for tasks to queue
[2026-01-25T21:13:30.537+0000] {logging_mixin.py:188} INFO - [2026-01-25T21:13:30.521+0000] {dagbag.py:540} INFO - Filling up the DagBag from /opt/airflow/dags/retraining.py
[2026-01-25T21:13:31.281+0000] {processor.py:840} INFO - DAG(s) 'ml_retraining_pipeline' retrieved from /opt/airflow/dags/retraining.py
[2026-01-25T21:13:34.263+0000] {logging_mixin.py:188} INFO - [2026-01-25T21:13:34.216+0000] {dag.py:3096} INFO - Sync 1 DAGs
[2026-01-25T21:13:38.111+0000] {logging_mixin.py:188} INFO - [2026-01-25T21:13:38.110+0000] {dag.py:3954} INFO - Setting next_dagrun for ml_retraining_pipeline to None, run_after=None
[2026-01-25T21:13:40.469+0000] {processor.py:183} INFO - Processing /opt/airflow/dags/retraining.py took 11.131 seconds
[2026-01-25T21:14:14.226+0000] {processor.py:161} INFO - Started process (PID=152) to work on /opt/airflow/dags/retraining.py
[2026-01-25T21:14:14.314+0000] {processor.py:830} INFO - Processing file /opt/airflow/dags/retraining.py for tasks to queue
[2026-01-25T21:14:14.597+0000] {logging_mixin.py:188} INFO - [2026-01-25T21:14:14.451+0000] {dagbag.py:540} INFO - Filling up the DagBag from /opt/airflow/dags/retraining.py
[2026-01-25T21:14:16.053+0000] {processor.py:840} INFO - DAG(s) 'ml_retraining_pipeline' retrieved from /opt/airflow/dags/retraining.py
[2026-01-25T21:14:17.482+0000] {logging_mixin.py:188} INFO - [2026-01-25T21:14:17.481+0000] {dag.py:3096} INFO - Sync 1 DAGs
[2026-01-25T21:14:17.906+0000] {logging_mixin.py:188} INFO - [2026-01-25T21:14:17.905+0000] {dag.py:3954} INFO - Setting next_dagrun for ml_retraining_pipeline to None, run_after=None
[2026-01-25T21:14:18.541+0000] {processor.py:183} INFO - Processing /opt/airflow/dags/retraining.py took 4.855 seconds
[2026-01-25T21:14:53.238+0000] {processor.py:161} INFO - Started process (PID=159) to work on /opt/airflow/dags/retraining.py
[2026-01-25T21:14:53.377+0000] {processor.py:830} INFO - Processing file /opt/airflow/dags/retraining.py for tasks to queue
[2026-01-25T21:14:53.824+0000] {logging_mixin.py:188} INFO - [2026-01-25T21:14:53.778+0000] {dagbag.py:540} INFO - Filling up the DagBag from /opt/airflow/dags/retraining.py
[2026-01-25T21:14:56.010+0000] {processor.py:840} INFO - DAG(s) 'ml_retraining_pipeline' retrieved from /opt/airflow/dags/retraining.py
[2026-01-25T21:14:59.742+0000] {logging_mixin.py:188} INFO - [2026-01-25T21:14:59.732+0000] {dag.py:3096} INFO - Sync 1 DAGs
[2026-01-25T21:15:08.773+0000] {logging_mixin.py:188} INFO - [2026-01-25T21:15:08.772+0000] {dag.py:3954} INFO - Setting next_dagrun for ml_retraining_pipeline to None, run_after=None
[2026-01-25T21:15:10.751+0000] {processor.py:183} INFO - Processing /opt/airflow/dags/retraining.py took 18.903 seconds
[2026-01-25T21:15:51.559+0000] {processor.py:161} INFO - Started process (PID=165) to work on /opt/airflow/dags/retraining.py
[2026-01-25T21:15:51.661+0000] {processor.py:830} INFO - Processing file /opt/airflow/dags/retraining.py for tasks to queue
[2026-01-25T21:15:51.746+0000] {logging_mixin.py:188} INFO - [2026-01-25T21:15:51.743+0000] {dagbag.py:540} INFO - Filling up the DagBag from /opt/airflow/dags/retraining.py
[2026-01-25T21:15:54.116+0000] {processor.py:840} INFO - DAG(s) 'ml_retraining_pipeline' retrieved from /opt/airflow/dags/retraining.py
[2026-01-25T21:16:05.937+0000] {logging_mixin.py:188} INFO - [2026-01-25T21:16:05.937+0000] {dag.py:3096} INFO - Sync 1 DAGs
[2026-01-25T21:16:06.517+0000] {logging_mixin.py:188} INFO - [2026-01-25T21:16:06.517+0000] {dag.py:3954} INFO - Setting next_dagrun for ml_retraining_pipeline to None, run_after=None
[2026-01-25T21:16:06.688+0000] {processor.py:183} INFO - Processing /opt/airflow/dags/retraining.py took 15.676 seconds
[2026-01-25T21:16:39.286+0000] {processor.py:161} INFO - Started process (PID=179) to work on /opt/airflow/dags/retraining.py
[2026-01-25T21:16:39.323+0000] {processor.py:830} INFO - Processing file /opt/airflow/dags/retraining.py for tasks to queue
[2026-01-25T21:16:39.436+0000] {logging_mixin.py:188} INFO - [2026-01-25T21:16:39.430+0000] {dagbag.py:540} INFO - Filling up the DagBag from /opt/airflow/dags/retraining.py
[2026-01-25T21:16:42.123+0000] {processor.py:840} INFO - DAG(s) 'ml_retraining_pipeline' retrieved from /opt/airflow/dags/retraining.py
[2026-01-25T21:16:48.496+0000] {logging_mixin.py:188} INFO - [2026-01-25T21:16:48.495+0000] {dag.py:3096} INFO - Sync 1 DAGs
[2026-01-25T21:16:48.629+0000] {logging_mixin.py:188} INFO - [2026-01-25T21:16:48.628+0000] {dag.py:3954} INFO - Setting next_dagrun for ml_retraining_pipeline to None, run_after=None
[2026-01-25T21:16:49.041+0000] {processor.py:183} INFO - Processing /opt/airflow/dags/retraining.py took 9.998 seconds
[2026-01-25T21:17:21.052+0000] {processor.py:161} INFO - Started process (PID=186) to work on /opt/airflow/dags/retraining.py
[2026-01-25T21:17:21.094+0000] {processor.py:830} INFO - Processing file /opt/airflow/dags/retraining.py for tasks to queue
[2026-01-25T21:17:21.184+0000] {logging_mixin.py:188} INFO - [2026-01-25T21:17:21.162+0000] {dagbag.py:540} INFO - Filling up the DagBag from /opt/airflow/dags/retraining.py
[2026-01-25T21:17:22.030+0000] {processor.py:840} INFO - DAG(s) 'ml_retraining_pipeline' retrieved from /opt/airflow/dags/retraining.py
[2026-01-25T21:17:24.465+0000] {logging_mixin.py:188} INFO - [2026-01-25T21:17:24.464+0000] {dag.py:3096} INFO - Sync 1 DAGs
[2026-01-25T21:17:32.003+0000] {logging_mixin.py:188} INFO - [2026-01-25T21:17:32.001+0000] {dag.py:3954} INFO - Setting next_dagrun for ml_retraining_pipeline to None, run_after=None
[2026-01-25T21:17:32.496+0000] {processor.py:183} INFO - Processing /opt/airflow/dags/retraining.py took 11.940 seconds
[2026-01-25T21:18:05.168+0000] {processor.py:161} INFO - Started process (PID=193) to work on /opt/airflow/dags/retraining.py
[2026-01-25T21:18:05.201+0000] {processor.py:830} INFO - Processing file /opt/airflow/dags/retraining.py for tasks to queue
[2026-01-25T21:18:05.282+0000] {logging_mixin.py:188} INFO - [2026-01-25T21:18:05.279+0000] {dagbag.py:540} INFO - Filling up the DagBag from /opt/airflow/dags/retraining.py
[2026-01-25T21:18:06.523+0000] {processor.py:840} INFO - DAG(s) 'ml_retraining_pipeline' retrieved from /opt/airflow/dags/retraining.py
[2026-01-25T21:18:07.457+0000] {logging_mixin.py:188} INFO - [2026-01-25T21:18:07.446+0000] {dag.py:3096} INFO - Sync 1 DAGs
[2026-01-25T21:18:07.740+0000] {logging_mixin.py:188} INFO - [2026-01-25T21:18:07.739+0000] {dag.py:3954} INFO - Setting next_dagrun for ml_retraining_pipeline to None, run_after=None
[2026-01-25T21:18:07.909+0000] {processor.py:183} INFO - Processing /opt/airflow/dags/retraining.py took 3.468 seconds
[2026-01-25T21:18:44.410+0000] {processor.py:161} INFO - Started process (PID=205) to work on /opt/airflow/dags/retraining.py
[2026-01-25T21:18:44.446+0000] {processor.py:830} INFO - Processing file /opt/airflow/dags/retraining.py for tasks to queue
[2026-01-25T21:18:44.812+0000] {logging_mixin.py:188} INFO - [2026-01-25T21:18:44.776+0000] {dagbag.py:540} INFO - Filling up the DagBag from /opt/airflow/dags/retraining.py
[2026-01-25T21:18:46.627+0000] {processor.py:840} INFO - DAG(s) 'ml_retraining_pipeline' retrieved from /opt/airflow/dags/retraining.py
[2026-01-25T21:18:49.397+0000] {logging_mixin.py:188} INFO - [2026-01-25T21:18:49.396+0000] {dag.py:3096} INFO - Sync 1 DAGs
[2026-01-25T21:18:49.682+0000] {logging_mixin.py:188} INFO - [2026-01-25T21:18:49.681+0000] {dag.py:3954} INFO - Setting next_dagrun for ml_retraining_pipeline to None, run_after=None
[2026-01-25T21:18:50.093+0000] {processor.py:183} INFO - Processing /opt/airflow/dags/retraining.py took 7.288 seconds
[2026-01-25T21:19:27.543+0000] {processor.py:161} INFO - Started process (PID=213) to work on /opt/airflow/dags/retraining.py
[2026-01-25T21:19:27.557+0000] {processor.py:830} INFO - Processing file /opt/airflow/dags/retraining.py for tasks to queue
[2026-01-25T21:19:27.575+0000] {logging_mixin.py:188} INFO - [2026-01-25T21:19:27.573+0000] {dagbag.py:540} INFO - Filling up the DagBag from /opt/airflow/dags/retraining.py
[2026-01-25T21:19:33.468+0000] {processor.py:840} INFO - DAG(s) 'ml_retraining_pipeline' retrieved from /opt/airflow/dags/retraining.py
[2026-01-25T21:19:43.296+0000] {logging_mixin.py:188} INFO - [2026-01-25T21:19:43.274+0000] {dag.py:3096} INFO - Sync 1 DAGs
[2026-01-25T21:19:44.113+0000] {logging_mixin.py:188} INFO - [2026-01-25T21:19:44.112+0000] {dag.py:3954} INFO - Setting next_dagrun for ml_retraining_pipeline to None, run_after=None
[2026-01-25T21:19:49.294+0000] {processor.py:183} INFO - Processing /opt/airflow/dags/retraining.py took 26.054 seconds
[2026-01-25T21:20:22.383+0000] {processor.py:161} INFO - Started process (PID=220) to work on /opt/airflow/dags/retraining.py
[2026-01-25T21:20:22.395+0000] {processor.py:830} INFO - Processing file /opt/airflow/dags/retraining.py for tasks to queue
[2026-01-25T21:20:22.796+0000] {logging_mixin.py:188} INFO - [2026-01-25T21:20:22.461+0000] {dagbag.py:540} INFO - Filling up the DagBag from /opt/airflow/dags/retraining.py
[2026-01-25T21:20:23.862+0000] {processor.py:840} INFO - DAG(s) 'ml_retraining_pipeline' retrieved from /opt/airflow/dags/retraining.py
[2026-01-25T21:20:27.489+0000] {logging_mixin.py:188} INFO - [2026-01-25T21:20:27.473+0000] {dag.py:3096} INFO - Sync 1 DAGs
[2026-01-25T21:20:28.438+0000] {logging_mixin.py:188} INFO - [2026-01-25T21:20:28.437+0000] {dag.py:3954} INFO - Setting next_dagrun for ml_retraining_pipeline to None, run_after=None
[2026-01-25T21:20:29.174+0000] {processor.py:183} INFO - Processing /opt/airflow/dags/retraining.py took 7.631 seconds
[2026-01-25T21:21:03.758+0000] {processor.py:161} INFO - Started process (PID=232) to work on /opt/airflow/dags/retraining.py
[2026-01-25T21:21:03.762+0000] {processor.py:830} INFO - Processing file /opt/airflow/dags/retraining.py for tasks to queue
[2026-01-25T21:21:03.954+0000] {logging_mixin.py:188} INFO - [2026-01-25T21:21:03.934+0000] {dagbag.py:540} INFO - Filling up the DagBag from /opt/airflow/dags/retraining.py
[2026-01-25T21:21:04.472+0000] {processor.py:840} INFO - DAG(s) 'ml_retraining_pipeline' retrieved from /opt/airflow/dags/retraining.py
[2026-01-25T21:21:05.941+0000] {logging_mixin.py:188} INFO - [2026-01-25T21:21:05.931+0000] {dag.py:3096} INFO - Sync 1 DAGs
[2026-01-25T21:21:12.295+0000] {logging_mixin.py:188} INFO - [2026-01-25T21:21:12.294+0000] {dag.py:3954} INFO - Setting next_dagrun for ml_retraining_pipeline to None, run_after=None
[2026-01-25T21:21:17.975+0000] {processor.py:183} INFO - Processing /opt/airflow/dags/retraining.py took 14.588 seconds
[2026-01-25T21:21:50.953+0000] {processor.py:161} INFO - Started process (PID=239) to work on /opt/airflow/dags/retraining.py
[2026-01-25T21:21:51.031+0000] {processor.py:830} INFO - Processing file /opt/airflow/dags/retraining.py for tasks to queue
[2026-01-25T21:21:51.205+0000] {logging_mixin.py:188} INFO - [2026-01-25T21:21:51.185+0000] {dagbag.py:540} INFO - Filling up the DagBag from /opt/airflow/dags/retraining.py
[2026-01-25T21:21:51.578+0000] {processor.py:840} INFO - DAG(s) 'ml_retraining_pipeline' retrieved from /opt/airflow/dags/retraining.py
[2026-01-25T21:21:53.201+0000] {logging_mixin.py:188} INFO - [2026-01-25T21:21:53.195+0000] {dag.py:3096} INFO - Sync 1 DAGs
[2026-01-25T21:21:54.145+0000] {logging_mixin.py:188} INFO - [2026-01-25T21:21:54.145+0000] {dag.py:3954} INFO - Setting next_dagrun for ml_retraining_pipeline to None, run_after=None
[2026-01-25T21:21:54.605+0000] {processor.py:183} INFO - Processing /opt/airflow/dags/retraining.py took 4.145 seconds
[2026-01-25T21:22:28.822+0000] {processor.py:161} INFO - Started process (PID=245) to work on /opt/airflow/dags/retraining.py
[2026-01-25T21:22:28.829+0000] {processor.py:830} INFO - Processing file /opt/airflow/dags/retraining.py for tasks to queue
[2026-01-25T21:22:28.859+0000] {logging_mixin.py:188} INFO - [2026-01-25T21:22:28.856+0000] {dagbag.py:540} INFO - Filling up the DagBag from /opt/airflow/dags/retraining.py
[2026-01-25T21:22:29.420+0000] {processor.py:840} INFO - DAG(s) 'ml_retraining_pipeline' retrieved from /opt/airflow/dags/retraining.py
[2026-01-25T21:30:07.576+0000] {processor.py:161} INFO - Started process (PID=35) to work on /opt/airflow/dags/retraining.py
[2026-01-25T21:30:07.579+0000] {processor.py:830} INFO - Processing file /opt/airflow/dags/retraining.py for tasks to queue
[2026-01-25T21:30:07.583+0000] {logging_mixin.py:188} INFO - [2026-01-25T21:30:07.583+0000] {dagbag.py:540} INFO - Filling up the DagBag from /opt/airflow/dags/retraining.py
[2026-01-25T21:30:07.620+0000] {processor.py:840} INFO - DAG(s) 'ml_retraining_pipeline' retrieved from /opt/airflow/dags/retraining.py
[2026-01-25T21:30:07.706+0000] {logging_mixin.py:188} INFO - [2026-01-25T21:30:07.706+0000] {dag.py:3096} INFO - Sync 1 DAGs
[2026-01-25T21:30:07.732+0000] {logging_mixin.py:188} INFO - [2026-01-25T21:30:07.731+0000] {dag.py:3954} INFO - Setting next_dagrun for ml_retraining_pipeline to None, run_after=None
[2026-01-25T21:30:07.811+0000] {processor.py:183} INFO - Processing /opt/airflow/dags/retraining.py took 0.245 seconds
[2026-01-25T21:30:38.067+0000] {processor.py:161} INFO - Started process (PID=42) to work on /opt/airflow/dags/retraining.py
[2026-01-25T21:30:38.069+0000] {processor.py:830} INFO - Processing file /opt/airflow/dags/retraining.py for tasks to queue
[2026-01-25T21:30:38.073+0000] {logging_mixin.py:188} INFO - [2026-01-25T21:30:38.072+0000] {dagbag.py:540} INFO - Filling up the DagBag from /opt/airflow/dags/retraining.py
[2026-01-25T21:30:38.099+0000] {processor.py:840} INFO - DAG(s) 'ml_retraining_pipeline' retrieved from /opt/airflow/dags/retraining.py
[2026-01-25T21:30:38.138+0000] {logging_mixin.py:188} INFO - [2026-01-25T21:30:38.137+0000] {dag.py:3096} INFO - Sync 1 DAGs
[2026-01-25T21:30:38.159+0000] {logging_mixin.py:188} INFO - [2026-01-25T21:30:38.158+0000] {dag.py:3954} INFO - Setting next_dagrun for ml_retraining_pipeline to None, run_after=None
[2026-01-25T21:30:38.191+0000] {processor.py:183} INFO - Processing /opt/airflow/dags/retraining.py took 0.132 seconds
[2026-01-25T21:32:16.078+0000] {processor.py:161} INFO - Started process (PID=35) to work on /opt/airflow/dags/retraining.py
[2026-01-25T21:32:16.079+0000] {processor.py:830} INFO - Processing file /opt/airflow/dags/retraining.py for tasks to queue
[2026-01-25T21:32:16.083+0000] {logging_mixin.py:188} INFO - [2026-01-25T21:32:16.082+0000] {dagbag.py:540} INFO - Filling up the DagBag from /opt/airflow/dags/retraining.py
[2026-01-25T21:32:16.132+0000] {processor.py:840} INFO - DAG(s) 'ml_retraining_pipeline' retrieved from /opt/airflow/dags/retraining.py
[2026-01-25T21:32:16.559+0000] {logging_mixin.py:188} INFO - [2026-01-25T21:32:16.558+0000] {dag.py:3096} INFO - Sync 1 DAGs
[2026-01-25T21:32:16.584+0000] {logging_mixin.py:188} INFO - [2026-01-25T21:32:16.583+0000] {dag.py:3954} INFO - Setting next_dagrun for ml_retraining_pipeline to None, run_after=None
[2026-01-25T21:32:16.621+0000] {processor.py:183} INFO - Processing /opt/airflow/dags/retraining.py took 0.555 seconds
[2026-01-25T21:32:47.346+0000] {processor.py:161} INFO - Started process (PID=42) to work on /opt/airflow/dags/retraining.py
[2026-01-25T21:32:47.347+0000] {processor.py:830} INFO - Processing file /opt/airflow/dags/retraining.py for tasks to queue
[2026-01-25T21:32:47.353+0000] {logging_mixin.py:188} INFO - [2026-01-25T21:32:47.352+0000] {dagbag.py:540} INFO - Filling up the DagBag from /opt/airflow/dags/retraining.py
[2026-01-25T21:32:47.399+0000] {processor.py:840} INFO - DAG(s) 'ml_retraining_pipeline' retrieved from /opt/airflow/dags/retraining.py
[2026-01-25T21:32:47.470+0000] {logging_mixin.py:188} INFO - [2026-01-25T21:32:47.470+0000] {dag.py:3096} INFO - Sync 1 DAGs
[2026-01-25T21:32:47.515+0000] {logging_mixin.py:188} INFO - [2026-01-25T21:32:47.514+0000] {dag.py:3954} INFO - Setting next_dagrun for ml_retraining_pipeline to None, run_after=None
[2026-01-25T21:32:47.574+0000] {processor.py:183} INFO - Processing /opt/airflow/dags/retraining.py took 0.244 seconds
[2026-01-25T21:33:17.732+0000] {processor.py:161} INFO - Started process (PID=49) to work on /opt/airflow/dags/retraining.py
[2026-01-25T21:33:17.737+0000] {processor.py:830} INFO - Processing file /opt/airflow/dags/retraining.py for tasks to queue
[2026-01-25T21:33:17.743+0000] {logging_mixin.py:188} INFO - [2026-01-25T21:33:17.742+0000] {dagbag.py:540} INFO - Filling up the DagBag from /opt/airflow/dags/retraining.py
[2026-01-25T21:33:17.832+0000] {processor.py:840} INFO - DAG(s) 'ml_retraining_pipeline' retrieved from /opt/airflow/dags/retraining.py
[2026-01-25T21:33:18.016+0000] {logging_mixin.py:188} INFO - [2026-01-25T21:33:18.015+0000] {dag.py:3096} INFO - Sync 1 DAGs
[2026-01-25T21:33:18.108+0000] {logging_mixin.py:188} INFO - [2026-01-25T21:33:18.107+0000] {dag.py:3954} INFO - Setting next_dagrun for ml_retraining_pipeline to None, run_after=None
[2026-01-25T21:33:18.201+0000] {processor.py:183} INFO - Processing /opt/airflow/dags/retraining.py took 0.498 seconds
[2026-01-25T21:33:48.428+0000] {processor.py:161} INFO - Started process (PID=56) to work on /opt/airflow/dags/retraining.py
[2026-01-25T21:33:48.430+0000] {processor.py:830} INFO - Processing file /opt/airflow/dags/retraining.py for tasks to queue
[2026-01-25T21:33:48.432+0000] {logging_mixin.py:188} INFO - [2026-01-25T21:33:48.431+0000] {dagbag.py:540} INFO - Filling up the DagBag from /opt/airflow/dags/retraining.py
[2026-01-25T21:33:48.455+0000] {processor.py:840} INFO - DAG(s) 'ml_retraining_pipeline' retrieved from /opt/airflow/dags/retraining.py
[2026-01-25T21:33:48.496+0000] {logging_mixin.py:188} INFO - [2026-01-25T21:33:48.496+0000] {dag.py:3096} INFO - Sync 1 DAGs
[2026-01-25T21:33:48.514+0000] {logging_mixin.py:188} INFO - [2026-01-25T21:33:48.513+0000] {dag.py:3954} INFO - Setting next_dagrun for ml_retraining_pipeline to None, run_after=None
[2026-01-25T21:33:48.549+0000] {processor.py:183} INFO - Processing /opt/airflow/dags/retraining.py took 0.128 seconds
[2026-01-25T21:34:18.661+0000] {processor.py:161} INFO - Started process (PID=63) to work on /opt/airflow/dags/retraining.py
[2026-01-25T21:34:18.663+0000] {processor.py:830} INFO - Processing file /opt/airflow/dags/retraining.py for tasks to queue
[2026-01-25T21:34:18.666+0000] {logging_mixin.py:188} INFO - [2026-01-25T21:34:18.665+0000] {dagbag.py:540} INFO - Filling up the DagBag from /opt/airflow/dags/retraining.py
[2026-01-25T21:34:18.688+0000] {processor.py:840} INFO - DAG(s) 'ml_retraining_pipeline' retrieved from /opt/airflow/dags/retraining.py
[2026-01-25T21:34:18.725+0000] {logging_mixin.py:188} INFO - [2026-01-25T21:34:18.725+0000] {dag.py:3096} INFO - Sync 1 DAGs
[2026-01-25T21:34:18.743+0000] {logging_mixin.py:188} INFO - [2026-01-25T21:34:18.743+0000] {dag.py:3954} INFO - Setting next_dagrun for ml_retraining_pipeline to None, run_after=None
[2026-01-25T21:34:18.769+0000] {processor.py:183} INFO - Processing /opt/airflow/dags/retraining.py took 0.117 seconds
[2026-01-25T21:34:49.021+0000] {processor.py:161} INFO - Started process (PID=70) to work on /opt/airflow/dags/retraining.py
[2026-01-25T21:34:49.022+0000] {processor.py:830} INFO - Processing file /opt/airflow/dags/retraining.py for tasks to queue
[2026-01-25T21:34:49.025+0000] {logging_mixin.py:188} INFO - [2026-01-25T21:34:49.024+0000] {dagbag.py:540} INFO - Filling up the DagBag from /opt/airflow/dags/retraining.py
[2026-01-25T21:34:49.045+0000] {processor.py:840} INFO - DAG(s) 'ml_retraining_pipeline' retrieved from /opt/airflow/dags/retraining.py
[2026-01-25T21:34:49.072+0000] {logging_mixin.py:188} INFO - [2026-01-25T21:34:49.072+0000] {dag.py:3096} INFO - Sync 1 DAGs
[2026-01-25T21:34:49.087+0000] {logging_mixin.py:188} INFO - [2026-01-25T21:34:49.086+0000] {dag.py:3954} INFO - Setting next_dagrun for ml_retraining_pipeline to None, run_after=None
[2026-01-25T21:34:49.113+0000] {processor.py:183} INFO - Processing /opt/airflow/dags/retraining.py took 0.099 seconds
[2026-01-25T21:35:19.296+0000] {processor.py:161} INFO - Started process (PID=77) to work on /opt/airflow/dags/retraining.py
[2026-01-25T21:35:19.298+0000] {processor.py:830} INFO - Processing file /opt/airflow/dags/retraining.py for tasks to queue
[2026-01-25T21:35:19.300+0000] {logging_mixin.py:188} INFO - [2026-01-25T21:35:19.300+0000] {dagbag.py:540} INFO - Filling up the DagBag from /opt/airflow/dags/retraining.py
[2026-01-25T21:35:19.323+0000] {processor.py:840} INFO - DAG(s) 'ml_retraining_pipeline' retrieved from /opt/airflow/dags/retraining.py
[2026-01-25T21:35:19.353+0000] {logging_mixin.py:188} INFO - [2026-01-25T21:35:19.353+0000] {dag.py:3096} INFO - Sync 1 DAGs
[2026-01-25T21:35:19.368+0000] {logging_mixin.py:188} INFO - [2026-01-25T21:35:19.368+0000] {dag.py:3954} INFO - Setting next_dagrun for ml_retraining_pipeline to None, run_after=None
[2026-01-25T21:35:19.393+0000] {processor.py:183} INFO - Processing /opt/airflow/dags/retraining.py took 0.105 seconds
[2026-01-25T21:35:49.563+0000] {processor.py:161} INFO - Started process (PID=84) to work on /opt/airflow/dags/retraining.py
[2026-01-25T21:35:49.565+0000] {processor.py:830} INFO - Processing file /opt/airflow/dags/retraining.py for tasks to queue
[2026-01-25T21:35:49.567+0000] {logging_mixin.py:188} INFO - [2026-01-25T21:35:49.567+0000] {dagbag.py:540} INFO - Filling up the DagBag from /opt/airflow/dags/retraining.py
[2026-01-25T21:35:49.590+0000] {processor.py:840} INFO - DAG(s) 'ml_retraining_pipeline' retrieved from /opt/airflow/dags/retraining.py
[2026-01-25T21:35:49.620+0000] {logging_mixin.py:188} INFO - [2026-01-25T21:35:49.619+0000] {dag.py:3096} INFO - Sync 1 DAGs
[2026-01-25T21:35:49.634+0000] {logging_mixin.py:188} INFO - [2026-01-25T21:35:49.634+0000] {dag.py:3954} INFO - Setting next_dagrun for ml_retraining_pipeline to None, run_after=None
[2026-01-25T21:35:49.662+0000] {processor.py:183} INFO - Processing /opt/airflow/dags/retraining.py took 0.106 seconds
[2026-01-25T21:36:19.832+0000] {processor.py:161} INFO - Started process (PID=91) to work on /opt/airflow/dags/retraining.py
[2026-01-25T21:36:19.833+0000] {processor.py:830} INFO - Processing file /opt/airflow/dags/retraining.py for tasks to queue
[2026-01-25T21:36:19.837+0000] {logging_mixin.py:188} INFO - [2026-01-25T21:36:19.836+0000] {dagbag.py:540} INFO - Filling up the DagBag from /opt/airflow/dags/retraining.py
[2026-01-25T21:36:19.866+0000] {processor.py:840} INFO - DAG(s) 'ml_retraining_pipeline' retrieved from /opt/airflow/dags/retraining.py
[2026-01-25T21:36:19.908+0000] {logging_mixin.py:188} INFO - [2026-01-25T21:36:19.907+0000] {dag.py:3096} INFO - Sync 1 DAGs
[2026-01-25T21:36:19.925+0000] {logging_mixin.py:188} INFO - [2026-01-25T21:36:19.925+0000] {dag.py:3954} INFO - Setting next_dagrun for ml_retraining_pipeline to None, run_after=None
[2026-01-25T21:36:19.953+0000] {processor.py:183} INFO - Processing /opt/airflow/dags/retraining.py took 0.131 seconds
[2026-01-25T21:36:50.097+0000] {processor.py:161} INFO - Started process (PID=98) to work on /opt/airflow/dags/retraining.py
[2026-01-25T21:36:50.099+0000] {processor.py:830} INFO - Processing file /opt/airflow/dags/retraining.py for tasks to queue
[2026-01-25T21:36:50.101+0000] {logging_mixin.py:188} INFO - [2026-01-25T21:36:50.101+0000] {dagbag.py:540} INFO - Filling up the DagBag from /opt/airflow/dags/retraining.py
[2026-01-25T21:36:50.141+0000] {processor.py:840} INFO - DAG(s) 'ml_retraining_pipeline' retrieved from /opt/airflow/dags/retraining.py
[2026-01-25T21:36:50.173+0000] {logging_mixin.py:188} INFO - [2026-01-25T21:36:50.173+0000] {dag.py:3096} INFO - Sync 1 DAGs
[2026-01-25T21:36:50.191+0000] {logging_mixin.py:188} INFO - [2026-01-25T21:36:50.190+0000] {dag.py:3954} INFO - Setting next_dagrun for ml_retraining_pipeline to None, run_after=None
[2026-01-25T21:36:50.219+0000] {processor.py:183} INFO - Processing /opt/airflow/dags/retraining.py took 0.132 seconds
[2026-01-25T21:37:20.397+0000] {processor.py:161} INFO - Started process (PID=105) to work on /opt/airflow/dags/retraining.py
[2026-01-25T21:37:20.399+0000] {processor.py:830} INFO - Processing file /opt/airflow/dags/retraining.py for tasks to queue
[2026-01-25T21:37:20.401+0000] {logging_mixin.py:188} INFO - [2026-01-25T21:37:20.401+0000] {dagbag.py:540} INFO - Filling up the DagBag from /opt/airflow/dags/retraining.py
[2026-01-25T21:37:20.427+0000] {processor.py:840} INFO - DAG(s) 'ml_retraining_pipeline' retrieved from /opt/airflow/dags/retraining.py
[2026-01-25T21:37:20.467+0000] {logging_mixin.py:188} INFO - [2026-01-25T21:37:20.467+0000] {dag.py:3096} INFO - Sync 1 DAGs
[2026-01-25T21:37:20.487+0000] {logging_mixin.py:188} INFO - [2026-01-25T21:37:20.486+0000] {dag.py:3954} INFO - Setting next_dagrun for ml_retraining_pipeline to None, run_after=None
[2026-01-25T21:37:20.520+0000] {processor.py:183} INFO - Processing /opt/airflow/dags/retraining.py took 0.132 seconds
[2026-01-25T21:37:50.668+0000] {processor.py:161} INFO - Started process (PID=112) to work on /opt/airflow/dags/retraining.py
[2026-01-25T21:37:50.669+0000] {processor.py:830} INFO - Processing file /opt/airflow/dags/retraining.py for tasks to queue
[2026-01-25T21:37:50.671+0000] {logging_mixin.py:188} INFO - [2026-01-25T21:37:50.671+0000] {dagbag.py:540} INFO - Filling up the DagBag from /opt/airflow/dags/retraining.py
[2026-01-25T21:37:50.692+0000] {processor.py:840} INFO - DAG(s) 'ml_retraining_pipeline' retrieved from /opt/airflow/dags/retraining.py
[2026-01-25T21:37:50.728+0000] {logging_mixin.py:188} INFO - [2026-01-25T21:37:50.728+0000] {dag.py:3096} INFO - Sync 1 DAGs
[2026-01-25T21:37:50.744+0000] {logging_mixin.py:188} INFO - [2026-01-25T21:37:50.744+0000] {dag.py:3954} INFO - Setting next_dagrun for ml_retraining_pipeline to None, run_after=None
[2026-01-25T21:37:50.770+0000] {processor.py:183} INFO - Processing /opt/airflow/dags/retraining.py took 0.110 seconds
[2026-01-25T21:38:20.935+0000] {processor.py:161} INFO - Started process (PID=119) to work on /opt/airflow/dags/retraining.py
[2026-01-25T21:38:20.937+0000] {processor.py:830} INFO - Processing file /opt/airflow/dags/retraining.py for tasks to queue
[2026-01-25T21:38:20.939+0000] {logging_mixin.py:188} INFO - [2026-01-25T21:38:20.939+0000] {dagbag.py:540} INFO - Filling up the DagBag from /opt/airflow/dags/retraining.py
[2026-01-25T21:38:20.962+0000] {processor.py:840} INFO - DAG(s) 'ml_retraining_pipeline' retrieved from /opt/airflow/dags/retraining.py
[2026-01-25T21:38:20.997+0000] {logging_mixin.py:188} INFO - [2026-01-25T21:38:20.997+0000] {dag.py:3096} INFO - Sync 1 DAGs
[2026-01-25T21:38:21.016+0000] {logging_mixin.py:188} INFO - [2026-01-25T21:38:21.015+0000] {dag.py:3954} INFO - Setting next_dagrun for ml_retraining_pipeline to None, run_after=None
[2026-01-25T21:38:21.050+0000] {processor.py:183} INFO - Processing /opt/airflow/dags/retraining.py took 0.124 seconds
[2026-01-25T21:38:51.250+0000] {processor.py:161} INFO - Started process (PID=126) to work on /opt/airflow/dags/retraining.py
[2026-01-25T21:38:51.251+0000] {processor.py:830} INFO - Processing file /opt/airflow/dags/retraining.py for tasks to queue
[2026-01-25T21:38:51.254+0000] {logging_mixin.py:188} INFO - [2026-01-25T21:38:51.254+0000] {dagbag.py:540} INFO - Filling up the DagBag from /opt/airflow/dags/retraining.py
[2026-01-25T21:38:51.279+0000] {processor.py:840} INFO - DAG(s) 'ml_retraining_pipeline' retrieved from /opt/airflow/dags/retraining.py
[2026-01-25T21:38:51.310+0000] {logging_mixin.py:188} INFO - [2026-01-25T21:38:51.310+0000] {dag.py:3096} INFO - Sync 1 DAGs
[2026-01-25T21:38:51.328+0000] {logging_mixin.py:188} INFO - [2026-01-25T21:38:51.327+0000] {dag.py:3954} INFO - Setting next_dagrun for ml_retraining_pipeline to None, run_after=None
[2026-01-25T21:38:51.356+0000] {processor.py:183} INFO - Processing /opt/airflow/dags/retraining.py took 0.114 seconds
[2026-01-25T21:43:03.768+0000] {processor.py:161} INFO - Started process (PID=127) to work on /opt/airflow/dags/retraining.py
[2026-01-25T21:43:03.769+0000] {processor.py:830} INFO - Processing file /opt/airflow/dags/retraining.py for tasks to queue
[2026-01-25T21:43:03.771+0000] {logging_mixin.py:188} INFO - [2026-01-25T21:43:03.770+0000] {dagbag.py:540} INFO - Filling up the DagBag from /opt/airflow/dags/retraining.py
[2026-01-25T21:43:04.298+0000] {processor.py:840} INFO - DAG(s) 'ml_retraining_pipeline' retrieved from /opt/airflow/dags/retraining.py
[2026-01-25T21:43:04.483+0000] {logging_mixin.py:188} INFO - [2026-01-25T21:43:04.482+0000] {dag.py:3096} INFO - Sync 1 DAGs
[2026-01-25T21:43:04.944+0000] {logging_mixin.py:188} INFO - [2026-01-25T21:43:04.943+0000] {dag.py:3954} INFO - Setting next_dagrun for ml_retraining_pipeline to None, run_after=None
[2026-01-25T21:43:05.246+0000] {processor.py:183} INFO - Processing /opt/airflow/dags/retraining.py took 1.486 seconds
[2026-01-25T21:43:35.617+0000] {processor.py:161} INFO - Started process (PID=134) to work on /opt/airflow/dags/retraining.py
[2026-01-25T21:43:35.619+0000] {processor.py:830} INFO - Processing file /opt/airflow/dags/retraining.py for tasks to queue
[2026-01-25T21:43:35.622+0000] {logging_mixin.py:188} INFO - [2026-01-25T21:43:35.622+0000] {dagbag.py:540} INFO - Filling up the DagBag from /opt/airflow/dags/retraining.py
[2026-01-25T21:43:35.653+0000] {processor.py:840} INFO - DAG(s) 'ml_retraining_pipeline' retrieved from /opt/airflow/dags/retraining.py
[2026-01-25T21:43:35.692+0000] {logging_mixin.py:188} INFO - [2026-01-25T21:43:35.692+0000] {dag.py:3096} INFO - Sync 1 DAGs
[2026-01-25T21:43:35.709+0000] {logging_mixin.py:188} INFO - [2026-01-25T21:43:35.709+0000] {dag.py:3954} INFO - Setting next_dagrun for ml_retraining_pipeline to None, run_after=None
[2026-01-25T21:43:35.859+0000] {processor.py:183} INFO - Processing /opt/airflow/dags/retraining.py took 0.253 seconds
[2026-01-25T21:44:06.085+0000] {processor.py:161} INFO - Started process (PID=141) to work on /opt/airflow/dags/retraining.py
[2026-01-25T21:44:06.086+0000] {processor.py:830} INFO - Processing file /opt/airflow/dags/retraining.py for tasks to queue
[2026-01-25T21:44:06.089+0000] {logging_mixin.py:188} INFO - [2026-01-25T21:44:06.088+0000] {dagbag.py:540} INFO - Filling up the DagBag from /opt/airflow/dags/retraining.py
[2026-01-25T21:44:06.109+0000] {processor.py:840} INFO - DAG(s) 'ml_retraining_pipeline' retrieved from /opt/airflow/dags/retraining.py
[2026-01-25T21:44:06.144+0000] {logging_mixin.py:188} INFO - [2026-01-25T21:44:06.143+0000] {dag.py:3096} INFO - Sync 1 DAGs
[2026-01-25T21:44:06.160+0000] {logging_mixin.py:188} INFO - [2026-01-25T21:44:06.160+0000] {dag.py:3954} INFO - Setting next_dagrun for ml_retraining_pipeline to None, run_after=None
[2026-01-25T21:44:06.195+0000] {processor.py:183} INFO - Processing /opt/airflow/dags/retraining.py took 0.119 seconds
[2026-01-25T21:44:36.335+0000] {processor.py:161} INFO - Started process (PID=148) to work on /opt/airflow/dags/retraining.py
[2026-01-25T21:44:36.337+0000] {processor.py:830} INFO - Processing file /opt/airflow/dags/retraining.py for tasks to queue
[2026-01-25T21:44:36.340+0000] {logging_mixin.py:188} INFO - [2026-01-25T21:44:36.340+0000] {dagbag.py:540} INFO - Filling up the DagBag from /opt/airflow/dags/retraining.py
[2026-01-25T21:44:36.376+0000] {processor.py:840} INFO - DAG(s) 'ml_retraining_pipeline' retrieved from /opt/airflow/dags/retraining.py
[2026-01-25T21:44:36.420+0000] {logging_mixin.py:188} INFO - [2026-01-25T21:44:36.419+0000] {dag.py:3096} INFO - Sync 1 DAGs
[2026-01-25T21:44:36.443+0000] {logging_mixin.py:188} INFO - [2026-01-25T21:44:36.442+0000] {dag.py:3954} INFO - Setting next_dagrun for ml_retraining_pipeline to None, run_after=None
[2026-01-25T21:44:36.478+0000] {processor.py:183} INFO - Processing /opt/airflow/dags/retraining.py took 0.155 seconds
[2026-01-25T21:45:06.726+0000] {processor.py:161} INFO - Started process (PID=155) to work on /opt/airflow/dags/retraining.py
[2026-01-25T21:45:06.728+0000] {processor.py:830} INFO - Processing file /opt/airflow/dags/retraining.py for tasks to queue
[2026-01-25T21:45:06.731+0000] {logging_mixin.py:188} INFO - [2026-01-25T21:45:06.730+0000] {dagbag.py:540} INFO - Filling up the DagBag from /opt/airflow/dags/retraining.py
[2026-01-25T21:45:06.772+0000] {processor.py:840} INFO - DAG(s) 'ml_retraining_pipeline' retrieved from /opt/airflow/dags/retraining.py
[2026-01-25T21:45:06.819+0000] {logging_mixin.py:188} INFO - [2026-01-25T21:45:06.819+0000] {dag.py:3096} INFO - Sync 1 DAGs
[2026-01-25T21:45:06.842+0000] {logging_mixin.py:188} INFO - [2026-01-25T21:45:06.841+0000] {dag.py:3954} INFO - Setting next_dagrun for ml_retraining_pipeline to None, run_after=None
[2026-01-25T21:45:06.881+0000] {processor.py:183} INFO - Processing /opt/airflow/dags/retraining.py took 0.170 seconds
[2026-01-25T21:45:36.971+0000] {processor.py:161} INFO - Started process (PID=162) to work on /opt/airflow/dags/retraining.py
[2026-01-25T21:45:36.973+0000] {processor.py:830} INFO - Processing file /opt/airflow/dags/retraining.py for tasks to queue
[2026-01-25T21:45:36.976+0000] {logging_mixin.py:188} INFO - [2026-01-25T21:45:36.975+0000] {dagbag.py:540} INFO - Filling up the DagBag from /opt/airflow/dags/retraining.py
[2026-01-25T21:45:37.006+0000] {processor.py:840} INFO - DAG(s) 'ml_retraining_pipeline' retrieved from /opt/airflow/dags/retraining.py
[2026-01-25T21:45:37.043+0000] {logging_mixin.py:188} INFO - [2026-01-25T21:45:37.043+0000] {dag.py:3096} INFO - Sync 1 DAGs
[2026-01-25T21:45:37.066+0000] {logging_mixin.py:188} INFO - [2026-01-25T21:45:37.066+0000] {dag.py:3954} INFO - Setting next_dagrun for ml_retraining_pipeline to None, run_after=None
[2026-01-25T21:45:37.105+0000] {processor.py:183} INFO - Processing /opt/airflow/dags/retraining.py took 0.146 seconds
[2026-01-25T21:46:07.318+0000] {processor.py:161} INFO - Started process (PID=170) to work on /opt/airflow/dags/retraining.py
[2026-01-25T21:46:07.319+0000] {processor.py:830} INFO - Processing file /opt/airflow/dags/retraining.py for tasks to queue
[2026-01-25T21:46:07.322+0000] {logging_mixin.py:188} INFO - [2026-01-25T21:46:07.321+0000] {dagbag.py:540} INFO - Filling up the DagBag from /opt/airflow/dags/retraining.py
[2026-01-25T21:46:07.343+0000] {processor.py:840} INFO - DAG(s) 'ml_retraining_pipeline' retrieved from /opt/airflow/dags/retraining.py
[2026-01-25T21:46:07.372+0000] {logging_mixin.py:188} INFO - [2026-01-25T21:46:07.372+0000] {dag.py:3096} INFO - Sync 1 DAGs
[2026-01-25T21:46:07.388+0000] {logging_mixin.py:188} INFO - [2026-01-25T21:46:07.388+0000] {dag.py:3954} INFO - Setting next_dagrun for ml_retraining_pipeline to None, run_after=None
[2026-01-25T21:46:07.415+0000] {processor.py:183} INFO - Processing /opt/airflow/dags/retraining.py took 0.105 seconds
[2026-01-25T21:46:37.540+0000] {processor.py:161} INFO - Started process (PID=177) to work on /opt/airflow/dags/retraining.py
[2026-01-25T21:46:37.542+0000] {processor.py:830} INFO - Processing file /opt/airflow/dags/retraining.py for tasks to queue
[2026-01-25T21:46:37.545+0000] {logging_mixin.py:188} INFO - [2026-01-25T21:46:37.545+0000] {dagbag.py:540} INFO - Filling up the DagBag from /opt/airflow/dags/retraining.py
[2026-01-25T21:46:37.570+0000] {processor.py:840} INFO - DAG(s) 'ml_retraining_pipeline' retrieved from /opt/airflow/dags/retraining.py
[2026-01-25T21:46:37.611+0000] {logging_mixin.py:188} INFO - [2026-01-25T21:46:37.611+0000] {dag.py:3096} INFO - Sync 1 DAGs
[2026-01-25T21:46:37.647+0000] {logging_mixin.py:188} INFO - [2026-01-25T21:46:37.647+0000] {dag.py:3954} INFO - Setting next_dagrun for ml_retraining_pipeline to None, run_after=None
[2026-01-25T21:46:37.674+0000] {processor.py:183} INFO - Processing /opt/airflow/dags/retraining.py took 0.145 seconds
[2026-01-25T21:47:07.900+0000] {processor.py:161} INFO - Started process (PID=184) to work on /opt/airflow/dags/retraining.py
[2026-01-25T21:47:07.901+0000] {processor.py:830} INFO - Processing file /opt/airflow/dags/retraining.py for tasks to queue
[2026-01-25T21:47:07.904+0000] {logging_mixin.py:188} INFO - [2026-01-25T21:47:07.903+0000] {dagbag.py:540} INFO - Filling up the DagBag from /opt/airflow/dags/retraining.py
[2026-01-25T21:47:07.928+0000] {processor.py:840} INFO - DAG(s) 'ml_retraining_pipeline' retrieved from /opt/airflow/dags/retraining.py
[2026-01-25T21:47:07.958+0000] {logging_mixin.py:188} INFO - [2026-01-25T21:47:07.958+0000] {dag.py:3096} INFO - Sync 1 DAGs
[2026-01-25T21:47:07.973+0000] {logging_mixin.py:188} INFO - [2026-01-25T21:47:07.973+0000] {dag.py:3954} INFO - Setting next_dagrun for ml_retraining_pipeline to None, run_after=None
[2026-01-25T21:47:07.999+0000] {processor.py:183} INFO - Processing /opt/airflow/dags/retraining.py took 0.107 seconds
[2026-01-25T21:47:38.133+0000] {processor.py:161} INFO - Started process (PID=191) to work on /opt/airflow/dags/retraining.py
[2026-01-25T21:47:38.135+0000] {processor.py:830} INFO - Processing file /opt/airflow/dags/retraining.py for tasks to queue
[2026-01-25T21:47:38.138+0000] {logging_mixin.py:188} INFO - [2026-01-25T21:47:38.137+0000] {dagbag.py:540} INFO - Filling up the DagBag from /opt/airflow/dags/retraining.py
[2026-01-25T21:47:38.164+0000] {processor.py:840} INFO - DAG(s) 'ml_retraining_pipeline' retrieved from /opt/airflow/dags/retraining.py
[2026-01-25T21:47:38.215+0000] {logging_mixin.py:188} INFO - [2026-01-25T21:47:38.215+0000] {dag.py:3096} INFO - Sync 1 DAGs
[2026-01-25T21:47:38.242+0000] {logging_mixin.py:188} INFO - [2026-01-25T21:47:38.241+0000] {dag.py:3954} INFO - Setting next_dagrun for ml_retraining_pipeline to None, run_after=None
[2026-01-25T21:47:38.294+0000] {processor.py:183} INFO - Processing /opt/airflow/dags/retraining.py took 0.174 seconds
[2026-01-25T21:48:08.516+0000] {processor.py:161} INFO - Started process (PID=198) to work on /opt/airflow/dags/retraining.py
[2026-01-25T21:48:08.519+0000] {processor.py:830} INFO - Processing file /opt/airflow/dags/retraining.py for tasks to queue
[2026-01-25T21:48:08.523+0000] {logging_mixin.py:188} INFO - [2026-01-25T21:48:08.522+0000] {dagbag.py:540} INFO - Filling up the DagBag from /opt/airflow/dags/retraining.py
[2026-01-25T21:48:08.551+0000] {processor.py:840} INFO - DAG(s) 'ml_retraining_pipeline' retrieved from /opt/airflow/dags/retraining.py
[2026-01-25T21:48:08.592+0000] {logging_mixin.py:188} INFO - [2026-01-25T21:48:08.592+0000] {dag.py:3096} INFO - Sync 1 DAGs
[2026-01-25T21:48:08.612+0000] {logging_mixin.py:188} INFO - [2026-01-25T21:48:08.612+0000] {dag.py:3954} INFO - Setting next_dagrun for ml_retraining_pipeline to None, run_after=None
[2026-01-25T21:48:08.646+0000] {processor.py:183} INFO - Processing /opt/airflow/dags/retraining.py took 0.152 seconds
[2026-01-25T21:48:38.725+0000] {processor.py:161} INFO - Started process (PID=205) to work on /opt/airflow/dags/retraining.py
[2026-01-25T21:48:38.727+0000] {processor.py:830} INFO - Processing file /opt/airflow/dags/retraining.py for tasks to queue
[2026-01-25T21:48:38.732+0000] {logging_mixin.py:188} INFO - [2026-01-25T21:48:38.730+0000] {dagbag.py:540} INFO - Filling up the DagBag from /opt/airflow/dags/retraining.py
[2026-01-25T21:48:38.756+0000] {processor.py:840} INFO - DAG(s) 'ml_retraining_pipeline' retrieved from /opt/airflow/dags/retraining.py
[2026-01-25T21:48:38.790+0000] {logging_mixin.py:188} INFO - [2026-01-25T21:48:38.789+0000] {dag.py:3096} INFO - Sync 1 DAGs
[2026-01-25T21:48:38.808+0000] {logging_mixin.py:188} INFO - [2026-01-25T21:48:38.807+0000] {dag.py:3954} INFO - Setting next_dagrun for ml_retraining_pipeline to None, run_after=None
[2026-01-25T21:48:38.842+0000] {processor.py:183} INFO - Processing /opt/airflow/dags/retraining.py took 0.126 seconds
[2026-01-25T21:49:09.108+0000] {processor.py:161} INFO - Started process (PID=212) to work on /opt/airflow/dags/retraining.py
[2026-01-25T21:49:09.110+0000] {processor.py:830} INFO - Processing file /opt/airflow/dags/retraining.py for tasks to queue
[2026-01-25T21:49:09.115+0000] {logging_mixin.py:188} INFO - [2026-01-25T21:49:09.114+0000] {dagbag.py:540} INFO - Filling up the DagBag from /opt/airflow/dags/retraining.py
[2026-01-25T21:49:09.165+0000] {processor.py:840} INFO - DAG(s) 'ml_retraining_pipeline' retrieved from /opt/airflow/dags/retraining.py
[2026-01-25T21:49:09.197+0000] {logging_mixin.py:188} INFO - [2026-01-25T21:49:09.197+0000] {dag.py:3096} INFO - Sync 1 DAGs
[2026-01-25T21:49:09.213+0000] {logging_mixin.py:188} INFO - [2026-01-25T21:49:09.213+0000] {dag.py:3954} INFO - Setting next_dagrun for ml_retraining_pipeline to None, run_after=None
[2026-01-25T21:49:09.241+0000] {processor.py:183} INFO - Processing /opt/airflow/dags/retraining.py took 0.151 seconds
[2026-01-25T21:49:39.324+0000] {processor.py:161} INFO - Started process (PID=219) to work on /opt/airflow/dags/retraining.py
[2026-01-25T21:49:39.326+0000] {processor.py:830} INFO - Processing file /opt/airflow/dags/retraining.py for tasks to queue
[2026-01-25T21:49:39.332+0000] {logging_mixin.py:188} INFO - [2026-01-25T21:49:39.331+0000] {dagbag.py:540} INFO - Filling up the DagBag from /opt/airflow/dags/retraining.py
[2026-01-25T21:49:39.364+0000] {processor.py:840} INFO - DAG(s) 'ml_retraining_pipeline' retrieved from /opt/airflow/dags/retraining.py
[2026-01-25T21:49:39.411+0000] {logging_mixin.py:188} INFO - [2026-01-25T21:49:39.410+0000] {dag.py:3096} INFO - Sync 1 DAGs
[2026-01-25T21:49:39.436+0000] {logging_mixin.py:188} INFO - [2026-01-25T21:49:39.435+0000] {dag.py:3954} INFO - Setting next_dagrun for ml_retraining_pipeline to None, run_after=None
[2026-01-25T21:49:39.464+0000] {processor.py:183} INFO - Processing /opt/airflow/dags/retraining.py took 0.152 seconds
[2026-01-25T21:50:09.693+0000] {processor.py:161} INFO - Started process (PID=226) to work on /opt/airflow/dags/retraining.py
[2026-01-25T21:50:09.695+0000] {processor.py:830} INFO - Processing file /opt/airflow/dags/retraining.py for tasks to queue
[2026-01-25T21:50:09.699+0000] {logging_mixin.py:188} INFO - [2026-01-25T21:50:09.698+0000] {dagbag.py:540} INFO - Filling up the DagBag from /opt/airflow/dags/retraining.py
[2026-01-25T21:50:09.736+0000] {processor.py:840} INFO - DAG(s) 'ml_retraining_pipeline' retrieved from /opt/airflow/dags/retraining.py
[2026-01-25T21:50:09.782+0000] {logging_mixin.py:188} INFO - [2026-01-25T21:50:09.781+0000] {dag.py:3096} INFO - Sync 1 DAGs
[2026-01-25T21:50:09.811+0000] {logging_mixin.py:188} INFO - [2026-01-25T21:50:09.811+0000] {dag.py:3954} INFO - Setting next_dagrun for ml_retraining_pipeline to None, run_after=None
[2026-01-25T21:50:09.843+0000] {processor.py:183} INFO - Processing /opt/airflow/dags/retraining.py took 0.161 seconds
[2026-01-25T21:50:39.897+0000] {processor.py:161} INFO - Started process (PID=233) to work on /opt/airflow/dags/retraining.py
[2026-01-25T21:50:39.898+0000] {processor.py:830} INFO - Processing file /opt/airflow/dags/retraining.py for tasks to queue
[2026-01-25T21:50:39.900+0000] {logging_mixin.py:188} INFO - [2026-01-25T21:50:39.900+0000] {dagbag.py:540} INFO - Filling up the DagBag from /opt/airflow/dags/retraining.py
[2026-01-25T21:50:39.929+0000] {processor.py:840} INFO - DAG(s) 'ml_retraining_pipeline' retrieved from /opt/airflow/dags/retraining.py
[2026-01-25T21:50:39.965+0000] {logging_mixin.py:188} INFO - [2026-01-25T21:50:39.964+0000] {dag.py:3096} INFO - Sync 1 DAGs
[2026-01-25T21:50:39.982+0000] {logging_mixin.py:188} INFO - [2026-01-25T21:50:39.982+0000] {dag.py:3954} INFO - Setting next_dagrun for ml_retraining_pipeline to None, run_after=None
[2026-01-25T21:50:40.011+0000] {processor.py:183} INFO - Processing /opt/airflow/dags/retraining.py took 0.123 seconds
[2026-01-25T21:51:10.118+0000] {processor.py:161} INFO - Started process (PID=240) to work on /opt/airflow/dags/retraining.py
[2026-01-25T21:51:10.120+0000] {processor.py:830} INFO - Processing file /opt/airflow/dags/retraining.py for tasks to queue
[2026-01-25T21:51:10.123+0000] {logging_mixin.py:188} INFO - [2026-01-25T21:51:10.122+0000] {dagbag.py:540} INFO - Filling up the DagBag from /opt/airflow/dags/retraining.py
[2026-01-25T21:51:10.154+0000] {processor.py:840} INFO - DAG(s) 'ml_retraining_pipeline' retrieved from /opt/airflow/dags/retraining.py
[2026-01-25T21:51:10.191+0000] {logging_mixin.py:188} INFO - [2026-01-25T21:51:10.191+0000] {dag.py:3096} INFO - Sync 1 DAGs
[2026-01-25T21:51:10.214+0000] {logging_mixin.py:188} INFO - [2026-01-25T21:51:10.214+0000] {dag.py:3954} INFO - Setting next_dagrun for ml_retraining_pipeline to None, run_after=None
[2026-01-25T21:51:10.253+0000] {processor.py:183} INFO - Processing /opt/airflow/dags/retraining.py took 0.147 seconds
[2026-01-25T21:51:40.437+0000] {processor.py:161} INFO - Started process (PID=247) to work on /opt/airflow/dags/retraining.py
[2026-01-25T21:51:40.438+0000] {processor.py:830} INFO - Processing file /opt/airflow/dags/retraining.py for tasks to queue
[2026-01-25T21:51:40.440+0000] {logging_mixin.py:188} INFO - [2026-01-25T21:51:40.440+0000] {dagbag.py:540} INFO - Filling up the DagBag from /opt/airflow/dags/retraining.py
[2026-01-25T21:51:40.464+0000] {processor.py:840} INFO - DAG(s) 'ml_retraining_pipeline' retrieved from /opt/airflow/dags/retraining.py
[2026-01-25T21:51:40.493+0000] {logging_mixin.py:188} INFO - [2026-01-25T21:51:40.493+0000] {dag.py:3096} INFO - Sync 1 DAGs
[2026-01-25T21:51:40.520+0000] {logging_mixin.py:188} INFO - [2026-01-25T21:51:40.520+0000] {dag.py:3954} INFO - Setting next_dagrun for ml_retraining_pipeline to None, run_after=None
[2026-01-25T21:51:40.550+0000] {processor.py:183} INFO - Processing /opt/airflow/dags/retraining.py took 0.122 seconds
[2026-01-25T21:52:10.772+0000] {processor.py:161} INFO - Started process (PID=254) to work on /opt/airflow/dags/retraining.py
[2026-01-25T21:52:10.773+0000] {processor.py:830} INFO - Processing file /opt/airflow/dags/retraining.py for tasks to queue
[2026-01-25T21:52:10.777+0000] {logging_mixin.py:188} INFO - [2026-01-25T21:52:10.777+0000] {dagbag.py:540} INFO - Filling up the DagBag from /opt/airflow/dags/retraining.py
[2026-01-25T21:52:10.802+0000] {processor.py:840} INFO - DAG(s) 'ml_retraining_pipeline' retrieved from /opt/airflow/dags/retraining.py
[2026-01-25T21:52:10.840+0000] {logging_mixin.py:188} INFO - [2026-01-25T21:52:10.839+0000] {dag.py:3096} INFO - Sync 1 DAGs
[2026-01-25T21:52:10.862+0000] {logging_mixin.py:188} INFO - [2026-01-25T21:52:10.862+0000] {dag.py:3954} INFO - Setting next_dagrun for ml_retraining_pipeline to None, run_after=None
[2026-01-25T21:52:10.889+0000] {processor.py:183} INFO - Processing /opt/airflow/dags/retraining.py took 0.128 seconds
[2026-01-25T21:52:41.074+0000] {processor.py:161} INFO - Started process (PID=261) to work on /opt/airflow/dags/retraining.py
[2026-01-25T21:52:41.076+0000] {processor.py:830} INFO - Processing file /opt/airflow/dags/retraining.py for tasks to queue
[2026-01-25T21:52:41.079+0000] {logging_mixin.py:188} INFO - [2026-01-25T21:52:41.079+0000] {dagbag.py:540} INFO - Filling up the DagBag from /opt/airflow/dags/retraining.py
[2026-01-25T21:52:41.114+0000] {processor.py:840} INFO - DAG(s) 'ml_retraining_pipeline' retrieved from /opt/airflow/dags/retraining.py
[2026-01-25T21:52:41.170+0000] {logging_mixin.py:188} INFO - [2026-01-25T21:52:41.170+0000] {dag.py:3096} INFO - Sync 1 DAGs
[2026-01-25T21:52:41.245+0000] {logging_mixin.py:188} INFO - [2026-01-25T21:52:41.244+0000] {dag.py:3954} INFO - Setting next_dagrun for ml_retraining_pipeline to None, run_after=None
[2026-01-25T21:52:41.306+0000] {processor.py:183} INFO - Processing /opt/airflow/dags/retraining.py took 0.245 seconds
[2026-01-25T21:53:11.411+0000] {processor.py:161} INFO - Started process (PID=268) to work on /opt/airflow/dags/retraining.py
[2026-01-25T21:53:11.412+0000] {processor.py:830} INFO - Processing file /opt/airflow/dags/retraining.py for tasks to queue
[2026-01-25T21:53:11.415+0000] {logging_mixin.py:188} INFO - [2026-01-25T21:53:11.415+0000] {dagbag.py:540} INFO - Filling up the DagBag from /opt/airflow/dags/retraining.py
[2026-01-25T21:53:11.436+0000] {processor.py:840} INFO - DAG(s) 'ml_retraining_pipeline' retrieved from /opt/airflow/dags/retraining.py
[2026-01-25T21:53:11.470+0000] {logging_mixin.py:188} INFO - [2026-01-25T21:53:11.470+0000] {dag.py:3096} INFO - Sync 1 DAGs
[2026-01-25T21:53:11.508+0000] {logging_mixin.py:188} INFO - [2026-01-25T21:53:11.508+0000] {dag.py:3954} INFO - Setting next_dagrun for ml_retraining_pipeline to None, run_after=None
[2026-01-25T21:53:11.548+0000] {processor.py:183} INFO - Processing /opt/airflow/dags/retraining.py took 0.146 seconds
[2026-01-25T21:53:41.624+0000] {processor.py:161} INFO - Started process (PID=275) to work on /opt/airflow/dags/retraining.py
[2026-01-25T21:53:41.625+0000] {processor.py:830} INFO - Processing file /opt/airflow/dags/retraining.py for tasks to queue
[2026-01-25T21:53:41.628+0000] {logging_mixin.py:188} INFO - [2026-01-25T21:53:41.628+0000] {dagbag.py:540} INFO - Filling up the DagBag from /opt/airflow/dags/retraining.py
[2026-01-25T21:53:41.654+0000] {processor.py:840} INFO - DAG(s) 'ml_retraining_pipeline' retrieved from /opt/airflow/dags/retraining.py
[2026-01-25T21:53:41.687+0000] {logging_mixin.py:188} INFO - [2026-01-25T21:53:41.687+0000] {dag.py:3096} INFO - Sync 1 DAGs
[2026-01-25T21:53:41.709+0000] {logging_mixin.py:188} INFO - [2026-01-25T21:53:41.709+0000] {dag.py:3954} INFO - Setting next_dagrun for ml_retraining_pipeline to None, run_after=None
[2026-01-25T21:53:41.742+0000] {processor.py:183} INFO - Processing /opt/airflow/dags/retraining.py took 0.127 seconds
[2026-01-25T21:54:11.953+0000] {processor.py:161} INFO - Started process (PID=282) to work on /opt/airflow/dags/retraining.py
[2026-01-25T21:54:11.954+0000] {processor.py:830} INFO - Processing file /opt/airflow/dags/retraining.py for tasks to queue
[2026-01-25T21:54:11.958+0000] {logging_mixin.py:188} INFO - [2026-01-25T21:54:11.957+0000] {dagbag.py:540} INFO - Filling up the DagBag from /opt/airflow/dags/retraining.py
[2026-01-25T21:54:11.980+0000] {processor.py:840} INFO - DAG(s) 'ml_retraining_pipeline' retrieved from /opt/airflow/dags/retraining.py
[2026-01-25T21:54:12.014+0000] {logging_mixin.py:188} INFO - [2026-01-25T21:54:12.013+0000] {dag.py:3096} INFO - Sync 1 DAGs
[2026-01-25T21:54:12.031+0000] {logging_mixin.py:188} INFO - [2026-01-25T21:54:12.031+0000] {dag.py:3954} INFO - Setting next_dagrun for ml_retraining_pipeline to None, run_after=None
[2026-01-25T21:54:12.063+0000] {processor.py:183} INFO - Processing /opt/airflow/dags/retraining.py took 0.118 seconds
[2026-01-25T21:54:42.158+0000] {processor.py:161} INFO - Started process (PID=289) to work on /opt/airflow/dags/retraining.py
[2026-01-25T21:54:42.159+0000] {processor.py:830} INFO - Processing file /opt/airflow/dags/retraining.py for tasks to queue
[2026-01-25T21:54:42.161+0000] {logging_mixin.py:188} INFO - [2026-01-25T21:54:42.160+0000] {dagbag.py:540} INFO - Filling up the DagBag from /opt/airflow/dags/retraining.py
[2026-01-25T21:54:42.184+0000] {processor.py:840} INFO - DAG(s) 'ml_retraining_pipeline' retrieved from /opt/airflow/dags/retraining.py
[2026-01-25T21:54:42.221+0000] {logging_mixin.py:188} INFO - [2026-01-25T21:54:42.220+0000] {dag.py:3096} INFO - Sync 1 DAGs
[2026-01-25T21:54:42.241+0000] {logging_mixin.py:188} INFO - [2026-01-25T21:54:42.241+0000] {dag.py:3954} INFO - Setting next_dagrun for ml_retraining_pipeline to None, run_after=None
[2026-01-25T21:54:42.280+0000] {processor.py:183} INFO - Processing /opt/airflow/dags/retraining.py took 0.130 seconds
[2026-01-25T21:55:12.500+0000] {processor.py:161} INFO - Started process (PID=296) to work on /opt/airflow/dags/retraining.py
[2026-01-25T21:55:12.502+0000] {processor.py:830} INFO - Processing file /opt/airflow/dags/retraining.py for tasks to queue
[2026-01-25T21:55:12.505+0000] {logging_mixin.py:188} INFO - [2026-01-25T21:55:12.504+0000] {dagbag.py:540} INFO - Filling up the DagBag from /opt/airflow/dags/retraining.py
[2026-01-25T21:55:12.533+0000] {processor.py:840} INFO - DAG(s) 'ml_retraining_pipeline' retrieved from /opt/airflow/dags/retraining.py
[2026-01-25T21:55:12.577+0000] {logging_mixin.py:188} INFO - [2026-01-25T21:55:12.577+0000] {dag.py:3096} INFO - Sync 1 DAGs
[2026-01-25T21:55:12.656+0000] {logging_mixin.py:188} INFO - [2026-01-25T21:55:12.656+0000] {dag.py:3954} INFO - Setting next_dagrun for ml_retraining_pipeline to None, run_after=None
[2026-01-25T21:55:12.738+0000] {processor.py:183} INFO - Processing /opt/airflow/dags/retraining.py took 0.248 seconds
[2026-01-25T21:55:42.984+0000] {processor.py:161} INFO - Started process (PID=303) to work on /opt/airflow/dags/retraining.py
[2026-01-25T21:55:42.986+0000] {processor.py:830} INFO - Processing file /opt/airflow/dags/retraining.py for tasks to queue
[2026-01-25T21:55:43.009+0000] {logging_mixin.py:188} INFO - [2026-01-25T21:55:43.007+0000] {dagbag.py:540} INFO - Filling up the DagBag from /opt/airflow/dags/retraining.py
[2026-01-25T21:55:43.057+0000] {processor.py:840} INFO - DAG(s) 'ml_retraining_pipeline' retrieved from /opt/airflow/dags/retraining.py
[2026-01-25T21:55:43.142+0000] {logging_mixin.py:188} INFO - [2026-01-25T21:55:43.142+0000] {dag.py:3096} INFO - Sync 1 DAGs
[2026-01-25T21:55:43.187+0000] {logging_mixin.py:188} INFO - [2026-01-25T21:55:43.186+0000] {dag.py:3954} INFO - Setting next_dagrun for ml_retraining_pipeline to None, run_after=None
[2026-01-25T21:55:43.230+0000] {processor.py:183} INFO - Processing /opt/airflow/dags/retraining.py took 0.260 seconds
[2026-01-25T21:56:13.473+0000] {processor.py:161} INFO - Started process (PID=317) to work on /opt/airflow/dags/retraining.py
[2026-01-25T21:56:13.475+0000] {processor.py:830} INFO - Processing file /opt/airflow/dags/retraining.py for tasks to queue
[2026-01-25T21:56:13.478+0000] {logging_mixin.py:188} INFO - [2026-01-25T21:56:13.477+0000] {dagbag.py:540} INFO - Filling up the DagBag from /opt/airflow/dags/retraining.py
[2026-01-25T21:56:13.503+0000] {processor.py:840} INFO - DAG(s) 'ml_retraining_pipeline' retrieved from /opt/airflow/dags/retraining.py
[2026-01-25T21:56:13.565+0000] {logging_mixin.py:188} INFO - [2026-01-25T21:56:13.565+0000] {dag.py:3096} INFO - Sync 1 DAGs
[2026-01-25T21:56:13.604+0000] {logging_mixin.py:188} INFO - [2026-01-25T21:56:13.604+0000] {dag.py:3954} INFO - Setting next_dagrun for ml_retraining_pipeline to None, run_after=None
[2026-01-25T21:56:13.648+0000] {processor.py:183} INFO - Processing /opt/airflow/dags/retraining.py took 0.192 seconds
[2026-01-25T21:56:43.859+0000] {processor.py:161} INFO - Started process (PID=324) to work on /opt/airflow/dags/retraining.py
[2026-01-25T21:56:43.861+0000] {processor.py:830} INFO - Processing file /opt/airflow/dags/retraining.py for tasks to queue
[2026-01-25T21:56:43.864+0000] {logging_mixin.py:188} INFO - [2026-01-25T21:56:43.863+0000] {dagbag.py:540} INFO - Filling up the DagBag from /opt/airflow/dags/retraining.py
[2026-01-25T21:56:43.885+0000] {processor.py:840} INFO - DAG(s) 'ml_retraining_pipeline' retrieved from /opt/airflow/dags/retraining.py
[2026-01-25T21:56:43.916+0000] {logging_mixin.py:188} INFO - [2026-01-25T21:56:43.915+0000] {dag.py:3096} INFO - Sync 1 DAGs
[2026-01-25T21:56:43.936+0000] {logging_mixin.py:188} INFO - [2026-01-25T21:56:43.936+0000] {dag.py:3954} INFO - Setting next_dagrun for ml_retraining_pipeline to None, run_after=None
[2026-01-25T21:56:43.960+0000] {processor.py:183} INFO - Processing /opt/airflow/dags/retraining.py took 0.109 seconds
[2026-01-25T21:57:14.091+0000] {processor.py:161} INFO - Started process (PID=331) to work on /opt/airflow/dags/retraining.py
[2026-01-25T21:57:14.092+0000] {processor.py:830} INFO - Processing file /opt/airflow/dags/retraining.py for tasks to queue
[2026-01-25T21:57:14.096+0000] {logging_mixin.py:188} INFO - [2026-01-25T21:57:14.095+0000] {dagbag.py:540} INFO - Filling up the DagBag from /opt/airflow/dags/retraining.py
[2026-01-25T21:57:14.121+0000] {processor.py:840} INFO - DAG(s) 'ml_retraining_pipeline' retrieved from /opt/airflow/dags/retraining.py
[2026-01-25T21:57:14.152+0000] {logging_mixin.py:188} INFO - [2026-01-25T21:57:14.151+0000] {dag.py:3096} INFO - Sync 1 DAGs
[2026-01-25T21:57:14.183+0000] {logging_mixin.py:188} INFO - [2026-01-25T21:57:14.183+0000] {dag.py:3954} INFO - Setting next_dagrun for ml_retraining_pipeline to None, run_after=None
[2026-01-25T21:57:14.213+0000] {processor.py:183} INFO - Processing /opt/airflow/dags/retraining.py took 0.129 seconds
[2026-01-25T21:57:44.393+0000] {processor.py:161} INFO - Started process (PID=338) to work on /opt/airflow/dags/retraining.py
[2026-01-25T21:57:44.394+0000] {processor.py:830} INFO - Processing file /opt/airflow/dags/retraining.py for tasks to queue
[2026-01-25T21:57:44.399+0000] {logging_mixin.py:188} INFO - [2026-01-25T21:57:44.398+0000] {dagbag.py:540} INFO - Filling up the DagBag from /opt/airflow/dags/retraining.py
[2026-01-25T21:57:44.423+0000] {processor.py:840} INFO - DAG(s) 'ml_retraining_pipeline' retrieved from /opt/airflow/dags/retraining.py
[2026-01-25T21:57:44.457+0000] {logging_mixin.py:188} INFO - [2026-01-25T21:57:44.457+0000] {dag.py:3096} INFO - Sync 1 DAGs
[2026-01-25T21:57:44.476+0000] {logging_mixin.py:188} INFO - [2026-01-25T21:57:44.475+0000] {dag.py:3954} INFO - Setting next_dagrun for ml_retraining_pipeline to None, run_after=None
[2026-01-25T21:57:44.504+0000] {processor.py:183} INFO - Processing /opt/airflow/dags/retraining.py took 0.125 seconds
[2026-01-25T21:58:14.744+0000] {processor.py:161} INFO - Started process (PID=345) to work on /opt/airflow/dags/retraining.py
[2026-01-25T21:58:14.745+0000] {processor.py:830} INFO - Processing file /opt/airflow/dags/retraining.py for tasks to queue
[2026-01-25T21:58:14.748+0000] {logging_mixin.py:188} INFO - [2026-01-25T21:58:14.748+0000] {dagbag.py:540} INFO - Filling up the DagBag from /opt/airflow/dags/retraining.py
[2026-01-25T21:58:14.773+0000] {processor.py:840} INFO - DAG(s) 'ml_retraining_pipeline' retrieved from /opt/airflow/dags/retraining.py
[2026-01-25T21:58:14.823+0000] {logging_mixin.py:188} INFO - [2026-01-25T21:58:14.823+0000] {dag.py:3096} INFO - Sync 1 DAGs
[2026-01-25T21:58:14.858+0000] {logging_mixin.py:188} INFO - [2026-01-25T21:58:14.857+0000] {dag.py:3954} INFO - Setting next_dagrun for ml_retraining_pipeline to None, run_after=None
[2026-01-25T21:58:14.914+0000] {processor.py:183} INFO - Processing /opt/airflow/dags/retraining.py took 0.183 seconds
