[2026-01-27T13:17:15.963+0000] {local_task_job_runner.py:120} INFO - ::group::Pre task execution logs
[2026-01-27T13:17:15.994+0000] {taskinstance.py:2073} INFO - Dependencies all met for dep_context=non-requeueable deps ti=<TaskInstance: ml_retraining_pipeline.model_retraining_task manual__2026-01-27T13:17:10.859430+00:00 [queued]>
[2026-01-27T13:17:16.005+0000] {taskinstance.py:2073} INFO - Dependencies all met for dep_context=requeueable deps ti=<TaskInstance: ml_retraining_pipeline.model_retraining_task manual__2026-01-27T13:17:10.859430+00:00 [queued]>
[2026-01-27T13:17:16.008+0000] {taskinstance.py:2303} INFO - Starting attempt 1 of 1
[2026-01-27T13:17:16.026+0000] {taskinstance.py:2327} INFO - Executing <Task(PythonOperator): model_retraining_task> on 2026-01-27 13:17:10.859430+00:00
[2026-01-27T13:17:16.040+0000] {warnings.py:110} WARNING - /home/***/.local/lib/python3.12/site-packages/***/task/task_runner/standard_task_runner.py:61: DeprecationWarning: This process (pid=398) is multi-threaded, use of fork() may lead to deadlocks in the child.
  pid = os.fork()

[2026-01-27T13:17:16.044+0000] {standard_task_runner.py:63} INFO - Started process 408 to run task
[2026-01-27T13:17:16.043+0000] {standard_task_runner.py:90} INFO - Running: ['***', 'tasks', 'run', 'ml_retraining_pipeline', 'model_retraining_task', 'manual__2026-01-27T13:17:10.859430+00:00', '--job-id', '382', '--raw', '--subdir', 'DAGS_FOLDER/retraining.py', '--cfg-path', '/tmp/tmpwlpkwzit']
[2026-01-27T13:17:16.048+0000] {standard_task_runner.py:91} INFO - Job 382: Subtask model_retraining_task
[2026-01-27T13:17:16.119+0000] {task_command.py:426} INFO - Running <TaskInstance: ml_retraining_pipeline.model_retraining_task manual__2026-01-27T13:17:10.859430+00:00 [running]> on host 406e58cacf5a
[2026-01-27T13:17:16.246+0000] {taskinstance.py:2644} INFO - Exporting env vars: AIRFLOW_CTX_DAG_OWNER='***' AIRFLOW_CTX_DAG_ID='ml_retraining_pipeline' AIRFLOW_CTX_TASK_ID='model_retraining_task' AIRFLOW_CTX_EXECUTION_DATE='2026-01-27T13:17:10.859430+00:00' AIRFLOW_CTX_TRY_NUMBER='1' AIRFLOW_CTX_DAG_RUN_ID='manual__2026-01-27T13:17:10.859430+00:00'
[2026-01-27T13:17:16.248+0000] {taskinstance.py:430} INFO - ::endgroup::
[2026-01-27T13:17:16.272+0000] {logging_mixin.py:188} INFO - Connexion à RDS en cours...
[2026-01-27T13:17:17.952+0000] {logging_mixin.py:188} INFO - Extraction réussie : 5834 lignes de réf
[2026-01-27T13:17:18.005+0000] {warnings.py:110} WARNING - /opt/***/src/train_finetune.py:89: SettingWithCopyWarning: 
A value is trying to be set on a copy of a slice from a DataFrame

See the caveats in the documentation: https://pandas.pydata.org/pandas-docs/stable/user_guide/indexing.html#returning-a-view-versus-a-copy
  new_customers.drop(columns=["ct_Last_training"], inplace=True)

[2026-01-27T13:17:18.011+0000] {warnings.py:110} WARNING - /opt/***/src/train_finetune.py:90: SettingWithCopyWarning: 
A value is trying to be set on a copy of a slice from a DataFrame

See the caveats in the documentation: https://pandas.pydata.org/pandas-docs/stable/user_guide/indexing.html#returning-a-view-versus-a-copy
  old_customers.drop(columns=["ct_Last_training"], inplace=True)

[2026-01-27T13:17:18.825+0000] {logging_mixin.py:188} WARNING - 2026/01/27 13:17:18 WARNING mlflow.utils.git_utils: Failed to import Git (the Git executable is probably not on your PATH), so Git SHA is not available. Error: Failed to initialize: Bad git executable.
The git executable must be specified in one of the following ways:
    - be included in your $PATH
    - be set via $GIT_PYTHON_GIT_EXECUTABLE
    - explicitly set via git.refresh(<full-path-to-git-executable>)

All git commands will error until this is rectified.

This initial message can be silenced or aggravated in the future by setting the
$GIT_PYTHON_REFRESH environment variable. Use one of the following values:
    - quiet|q|silence|s|silent|none|n|0: for no message or exception
    - warn|w|warning|log|l|1: for a warning message (logging level CRITICAL, displayed by default)
    - error|e|exception|raise|r|2: for a raised exception

Example:
    export GIT_PYTHON_REFRESH=quiet
[2026-01-27T13:17:19.094+0000] {logging_mixin.py:188} WARNING - 2026/01/27 13:17:19 WARNING mlflow.utils.autologging_utils: MLflow autologging encountered a warning: "/home/***/.local/lib/python3.12/site-packages/mlflow/types/utils.py:452: UserWarning: Hint: Inferred schema contains integer column(s). Integer columns in Python cannot represent missing values. If your input data contains missing values at inference time, it will be encoded as floats and will cause a schema enforcement error. The best way to avoid this problem is to infer the model schema based on a realistic data sample (training dataset) that includes missing values. Alternatively, you can declare integer columns as doubles (float64) whenever these columns may have missing values. See `Handling Integers With Missing Values <https://www.mlflow.org/docs/latest/models.html#handling-integers-with-missing-values>`_ for more details."
[2026-01-27T13:17:19.114+0000] {logging_and_warnings.py:73} WARNING - /home/***/.local/lib/python3.12/site-packages/joblib/parallel.py:1379: UserWarning: Loky-backed parallel loops cannot be called in a multiprocessing, setting n_jobs=1
  n_jobs = self._backend.configure(

[2026-01-27T13:17:19.227+0000] {logging_and_warnings.py:73} WARNING - /home/***/.local/lib/python3.12/site-packages/sklearn/linear_model/_logistic.py:1135: FutureWarning: 'penalty' was deprecated in version 1.8 and will be removed in 1.10. To avoid this warning, leave 'penalty' set to its default value and use 'l1_ratio' or 'C' instead. Use l1_ratio=0 instead of penalty='l2', l1_ratio=1 instead of penalty='l1', and C=np.inf instead of penalty=None.
  warnings.warn(

[2026-01-27T13:17:19.332+0000] {logging_and_warnings.py:73} WARNING - /home/***/.local/lib/python3.12/site-packages/sklearn/linear_model/_logistic.py:1135: FutureWarning: 'penalty' was deprecated in version 1.8 and will be removed in 1.10. To avoid this warning, leave 'penalty' set to its default value and use 'l1_ratio' or 'C' instead. Use l1_ratio=0 instead of penalty='l2', l1_ratio=1 instead of penalty='l1', and C=np.inf instead of penalty=None.
  warnings.warn(

[2026-01-27T13:17:19.433+0000] {logging_and_warnings.py:73} WARNING - /home/***/.local/lib/python3.12/site-packages/sklearn/linear_model/_logistic.py:1135: FutureWarning: 'penalty' was deprecated in version 1.8 and will be removed in 1.10. To avoid this warning, leave 'penalty' set to its default value and use 'l1_ratio' or 'C' instead. Use l1_ratio=0 instead of penalty='l2', l1_ratio=1 instead of penalty='l1', and C=np.inf instead of penalty=None.
  warnings.warn(

[2026-01-27T13:17:19.544+0000] {logging_and_warnings.py:73} WARNING - /home/***/.local/lib/python3.12/site-packages/sklearn/linear_model/_logistic.py:1135: FutureWarning: 'penalty' was deprecated in version 1.8 and will be removed in 1.10. To avoid this warning, leave 'penalty' set to its default value and use 'l1_ratio' or 'C' instead. Use l1_ratio=0 instead of penalty='l2', l1_ratio=1 instead of penalty='l1', and C=np.inf instead of penalty=None.
  warnings.warn(

[2026-01-27T13:17:19.691+0000] {logging_and_warnings.py:73} WARNING - /home/***/.local/lib/python3.12/site-packages/sklearn/linear_model/_logistic.py:1135: FutureWarning: 'penalty' was deprecated in version 1.8 and will be removed in 1.10. To avoid this warning, leave 'penalty' set to its default value and use 'l1_ratio' or 'C' instead. Use l1_ratio=0 instead of penalty='l2', l1_ratio=1 instead of penalty='l1', and C=np.inf instead of penalty=None.
  warnings.warn(

[2026-01-27T13:17:19.804+0000] {logging_and_warnings.py:73} WARNING - /home/***/.local/lib/python3.12/site-packages/sklearn/linear_model/_logistic.py:1135: FutureWarning: 'penalty' was deprecated in version 1.8 and will be removed in 1.10. To avoid this warning, leave 'penalty' set to its default value and use 'l1_ratio' or 'C' instead. Use l1_ratio=0 instead of penalty='l2', l1_ratio=1 instead of penalty='l1', and C=np.inf instead of penalty=None.
  warnings.warn(

[2026-01-27T13:17:19.915+0000] {logging_and_warnings.py:73} WARNING - /home/***/.local/lib/python3.12/site-packages/sklearn/linear_model/_logistic.py:1135: FutureWarning: 'penalty' was deprecated in version 1.8 and will be removed in 1.10. To avoid this warning, leave 'penalty' set to its default value and use 'l1_ratio' or 'C' instead. Use l1_ratio=0 instead of penalty='l2', l1_ratio=1 instead of penalty='l1', and C=np.inf instead of penalty=None.
  warnings.warn(

[2026-01-27T13:17:20.020+0000] {logging_and_warnings.py:73} WARNING - /home/***/.local/lib/python3.12/site-packages/sklearn/linear_model/_logistic.py:1135: FutureWarning: 'penalty' was deprecated in version 1.8 and will be removed in 1.10. To avoid this warning, leave 'penalty' set to its default value and use 'l1_ratio' or 'C' instead. Use l1_ratio=0 instead of penalty='l2', l1_ratio=1 instead of penalty='l1', and C=np.inf instead of penalty=None.
  warnings.warn(

[2026-01-27T13:17:20.129+0000] {logging_and_warnings.py:73} WARNING - /home/***/.local/lib/python3.12/site-packages/sklearn/linear_model/_logistic.py:1135: FutureWarning: 'penalty' was deprecated in version 1.8 and will be removed in 1.10. To avoid this warning, leave 'penalty' set to its default value and use 'l1_ratio' or 'C' instead. Use l1_ratio=0 instead of penalty='l2', l1_ratio=1 instead of penalty='l1', and C=np.inf instead of penalty=None.
  warnings.warn(

[2026-01-27T13:17:20.230+0000] {logging_and_warnings.py:73} WARNING - /home/***/.local/lib/python3.12/site-packages/sklearn/linear_model/_logistic.py:1135: FutureWarning: 'penalty' was deprecated in version 1.8 and will be removed in 1.10. To avoid this warning, leave 'penalty' set to its default value and use 'l1_ratio' or 'C' instead. Use l1_ratio=0 instead of penalty='l2', l1_ratio=1 instead of penalty='l1', and C=np.inf instead of penalty=None.
  warnings.warn(

[2026-01-27T13:17:20.305+0000] {logging_and_warnings.py:73} WARNING - /home/***/.local/lib/python3.12/site-packages/sklearn/linear_model/_logistic.py:1135: FutureWarning: 'penalty' was deprecated in version 1.8 and will be removed in 1.10. To avoid this warning, leave 'penalty' set to its default value and use 'l1_ratio' or 'C' instead. Use l1_ratio=0 instead of penalty='l2', l1_ratio=1 instead of penalty='l1', and C=np.inf instead of penalty=None.
  warnings.warn(

[2026-01-27T13:17:20.307+0000] {logging_and_warnings.py:73} WARNING - /home/***/.local/lib/python3.12/site-packages/sklearn/linear_model/_logistic.py:1160: UserWarning: Inconsistent values: penalty=l2 with l1_ratio=1.0. penalty is deprecated. Please use l1_ratio only.
  warnings.warn(

[2026-01-27T13:17:20.456+0000] {logging_and_warnings.py:73} WARNING - /home/***/.local/lib/python3.12/site-packages/sklearn/linear_model/_logistic.py:1135: FutureWarning: 'penalty' was deprecated in version 1.8 and will be removed in 1.10. To avoid this warning, leave 'penalty' set to its default value and use 'l1_ratio' or 'C' instead. Use l1_ratio=0 instead of penalty='l2', l1_ratio=1 instead of penalty='l1', and C=np.inf instead of penalty=None.
  warnings.warn(

[2026-01-27T13:17:20.458+0000] {logging_and_warnings.py:73} WARNING - /home/***/.local/lib/python3.12/site-packages/sklearn/linear_model/_logistic.py:1160: UserWarning: Inconsistent values: penalty=l2 with l1_ratio=1.0. penalty is deprecated. Please use l1_ratio only.
  warnings.warn(

[2026-01-27T13:17:20.608+0000] {logging_and_warnings.py:73} WARNING - /home/***/.local/lib/python3.12/site-packages/sklearn/linear_model/_logistic.py:1135: FutureWarning: 'penalty' was deprecated in version 1.8 and will be removed in 1.10. To avoid this warning, leave 'penalty' set to its default value and use 'l1_ratio' or 'C' instead. Use l1_ratio=0 instead of penalty='l2', l1_ratio=1 instead of penalty='l1', and C=np.inf instead of penalty=None.
  warnings.warn(

[2026-01-27T13:17:20.610+0000] {logging_and_warnings.py:73} WARNING - /home/***/.local/lib/python3.12/site-packages/sklearn/linear_model/_logistic.py:1160: UserWarning: Inconsistent values: penalty=l2 with l1_ratio=1.0. penalty is deprecated. Please use l1_ratio only.
  warnings.warn(

[2026-01-27T13:17:20.927+0000] {logging_and_warnings.py:73} WARNING - /home/***/.local/lib/python3.12/site-packages/sklearn/linear_model/_logistic.py:1135: FutureWarning: 'penalty' was deprecated in version 1.8 and will be removed in 1.10. To avoid this warning, leave 'penalty' set to its default value and use 'l1_ratio' or 'C' instead. Use l1_ratio=0 instead of penalty='l2', l1_ratio=1 instead of penalty='l1', and C=np.inf instead of penalty=None.
  warnings.warn(

[2026-01-27T13:17:20.929+0000] {logging_and_warnings.py:73} WARNING - /home/***/.local/lib/python3.12/site-packages/sklearn/linear_model/_logistic.py:1160: UserWarning: Inconsistent values: penalty=l2 with l1_ratio=1.0. penalty is deprecated. Please use l1_ratio only.
  warnings.warn(

[2026-01-27T13:17:21.254+0000] {logging_and_warnings.py:73} WARNING - /home/***/.local/lib/python3.12/site-packages/sklearn/linear_model/_logistic.py:1135: FutureWarning: 'penalty' was deprecated in version 1.8 and will be removed in 1.10. To avoid this warning, leave 'penalty' set to its default value and use 'l1_ratio' or 'C' instead. Use l1_ratio=0 instead of penalty='l2', l1_ratio=1 instead of penalty='l1', and C=np.inf instead of penalty=None.
  warnings.warn(

[2026-01-27T13:17:21.256+0000] {logging_and_warnings.py:73} WARNING - /home/***/.local/lib/python3.12/site-packages/sklearn/linear_model/_logistic.py:1160: UserWarning: Inconsistent values: penalty=l2 with l1_ratio=1.0. penalty is deprecated. Please use l1_ratio only.
  warnings.warn(

[2026-01-27T13:17:21.408+0000] {logging_and_warnings.py:73} WARNING - /home/***/.local/lib/python3.12/site-packages/sklearn/linear_model/_logistic.py:1135: FutureWarning: 'penalty' was deprecated in version 1.8 and will be removed in 1.10. To avoid this warning, leave 'penalty' set to its default value and use 'l1_ratio' or 'C' instead. Use l1_ratio=0 instead of penalty='l2', l1_ratio=1 instead of penalty='l1', and C=np.inf instead of penalty=None.
  warnings.warn(

[2026-01-27T13:17:21.409+0000] {logging_and_warnings.py:73} WARNING - /home/***/.local/lib/python3.12/site-packages/sklearn/linear_model/_logistic.py:1160: UserWarning: Inconsistent values: penalty=l2 with l1_ratio=1.0. penalty is deprecated. Please use l1_ratio only.
  warnings.warn(

[2026-01-27T13:17:21.524+0000] {logging_and_warnings.py:73} WARNING - /home/***/.local/lib/python3.12/site-packages/sklearn/linear_model/_logistic.py:1135: FutureWarning: 'penalty' was deprecated in version 1.8 and will be removed in 1.10. To avoid this warning, leave 'penalty' set to its default value and use 'l1_ratio' or 'C' instead. Use l1_ratio=0 instead of penalty='l2', l1_ratio=1 instead of penalty='l1', and C=np.inf instead of penalty=None.
  warnings.warn(

[2026-01-27T13:17:21.525+0000] {logging_and_warnings.py:73} WARNING - /home/***/.local/lib/python3.12/site-packages/sklearn/linear_model/_logistic.py:1160: UserWarning: Inconsistent values: penalty=l2 with l1_ratio=1.0. penalty is deprecated. Please use l1_ratio only.
  warnings.warn(

[2026-01-27T13:17:21.703+0000] {logging_and_warnings.py:73} WARNING - /home/***/.local/lib/python3.12/site-packages/sklearn/linear_model/_logistic.py:1135: FutureWarning: 'penalty' was deprecated in version 1.8 and will be removed in 1.10. To avoid this warning, leave 'penalty' set to its default value and use 'l1_ratio' or 'C' instead. Use l1_ratio=0 instead of penalty='l2', l1_ratio=1 instead of penalty='l1', and C=np.inf instead of penalty=None.
  warnings.warn(

[2026-01-27T13:17:21.705+0000] {logging_and_warnings.py:73} WARNING - /home/***/.local/lib/python3.12/site-packages/sklearn/linear_model/_logistic.py:1160: UserWarning: Inconsistent values: penalty=l2 with l1_ratio=1.0. penalty is deprecated. Please use l1_ratio only.
  warnings.warn(

[2026-01-27T13:17:21.912+0000] {logging_and_warnings.py:73} WARNING - /home/***/.local/lib/python3.12/site-packages/sklearn/linear_model/_logistic.py:1135: FutureWarning: 'penalty' was deprecated in version 1.8 and will be removed in 1.10. To avoid this warning, leave 'penalty' set to its default value and use 'l1_ratio' or 'C' instead. Use l1_ratio=0 instead of penalty='l2', l1_ratio=1 instead of penalty='l1', and C=np.inf instead of penalty=None.
  warnings.warn(

[2026-01-27T13:17:21.920+0000] {logging_and_warnings.py:73} WARNING - /home/***/.local/lib/python3.12/site-packages/sklearn/linear_model/_logistic.py:1160: UserWarning: Inconsistent values: penalty=l2 with l1_ratio=1.0. penalty is deprecated. Please use l1_ratio only.
  warnings.warn(

[2026-01-27T13:17:22.128+0000] {logging_and_warnings.py:73} WARNING - /home/***/.local/lib/python3.12/site-packages/sklearn/linear_model/_logistic.py:1135: FutureWarning: 'penalty' was deprecated in version 1.8 and will be removed in 1.10. To avoid this warning, leave 'penalty' set to its default value and use 'l1_ratio' or 'C' instead. Use l1_ratio=0 instead of penalty='l2', l1_ratio=1 instead of penalty='l1', and C=np.inf instead of penalty=None.
  warnings.warn(

[2026-01-27T13:17:22.130+0000] {logging_and_warnings.py:73} WARNING - /home/***/.local/lib/python3.12/site-packages/sklearn/linear_model/_logistic.py:1160: UserWarning: Inconsistent values: penalty=l2 with l1_ratio=1.0. penalty is deprecated. Please use l1_ratio only.
  warnings.warn(

[2026-01-27T13:17:22.263+0000] {logging_and_warnings.py:73} WARNING - /home/***/.local/lib/python3.12/site-packages/sklearn/linear_model/_logistic.py:1135: FutureWarning: 'penalty' was deprecated in version 1.8 and will be removed in 1.10. To avoid this warning, leave 'penalty' set to its default value and use 'l1_ratio' or 'C' instead. Use l1_ratio=0 instead of penalty='l2', l1_ratio=1 instead of penalty='l1', and C=np.inf instead of penalty=None.
  warnings.warn(

[2026-01-27T13:17:22.356+0000] {logging_and_warnings.py:73} WARNING - /home/***/.local/lib/python3.12/site-packages/sklearn/linear_model/_logistic.py:1135: FutureWarning: 'penalty' was deprecated in version 1.8 and will be removed in 1.10. To avoid this warning, leave 'penalty' set to its default value and use 'l1_ratio' or 'C' instead. Use l1_ratio=0 instead of penalty='l2', l1_ratio=1 instead of penalty='l1', and C=np.inf instead of penalty=None.
  warnings.warn(

[2026-01-27T13:17:22.437+0000] {logging_and_warnings.py:73} WARNING - /home/***/.local/lib/python3.12/site-packages/sklearn/linear_model/_logistic.py:1135: FutureWarning: 'penalty' was deprecated in version 1.8 and will be removed in 1.10. To avoid this warning, leave 'penalty' set to its default value and use 'l1_ratio' or 'C' instead. Use l1_ratio=0 instead of penalty='l2', l1_ratio=1 instead of penalty='l1', and C=np.inf instead of penalty=None.
  warnings.warn(

[2026-01-27T13:17:22.500+0000] {logging_and_warnings.py:73} WARNING - /home/***/.local/lib/python3.12/site-packages/sklearn/linear_model/_logistic.py:1135: FutureWarning: 'penalty' was deprecated in version 1.8 and will be removed in 1.10. To avoid this warning, leave 'penalty' set to its default value and use 'l1_ratio' or 'C' instead. Use l1_ratio=0 instead of penalty='l2', l1_ratio=1 instead of penalty='l1', and C=np.inf instead of penalty=None.
  warnings.warn(

[2026-01-27T13:17:22.568+0000] {logging_and_warnings.py:73} WARNING - /home/***/.local/lib/python3.12/site-packages/sklearn/linear_model/_logistic.py:1135: FutureWarning: 'penalty' was deprecated in version 1.8 and will be removed in 1.10. To avoid this warning, leave 'penalty' set to its default value and use 'l1_ratio' or 'C' instead. Use l1_ratio=0 instead of penalty='l2', l1_ratio=1 instead of penalty='l1', and C=np.inf instead of penalty=None.
  warnings.warn(

[2026-01-27T13:17:22.630+0000] {logging_and_warnings.py:73} WARNING - /home/***/.local/lib/python3.12/site-packages/sklearn/linear_model/_logistic.py:1135: FutureWarning: 'penalty' was deprecated in version 1.8 and will be removed in 1.10. To avoid this warning, leave 'penalty' set to its default value and use 'l1_ratio' or 'C' instead. Use l1_ratio=0 instead of penalty='l2', l1_ratio=1 instead of penalty='l1', and C=np.inf instead of penalty=None.
  warnings.warn(

[2026-01-27T13:17:22.693+0000] {logging_and_warnings.py:73} WARNING - /home/***/.local/lib/python3.12/site-packages/sklearn/linear_model/_logistic.py:1135: FutureWarning: 'penalty' was deprecated in version 1.8 and will be removed in 1.10. To avoid this warning, leave 'penalty' set to its default value and use 'l1_ratio' or 'C' instead. Use l1_ratio=0 instead of penalty='l2', l1_ratio=1 instead of penalty='l1', and C=np.inf instead of penalty=None.
  warnings.warn(

[2026-01-27T13:17:22.757+0000] {logging_and_warnings.py:73} WARNING - /home/***/.local/lib/python3.12/site-packages/sklearn/linear_model/_logistic.py:1135: FutureWarning: 'penalty' was deprecated in version 1.8 and will be removed in 1.10. To avoid this warning, leave 'penalty' set to its default value and use 'l1_ratio' or 'C' instead. Use l1_ratio=0 instead of penalty='l2', l1_ratio=1 instead of penalty='l1', and C=np.inf instead of penalty=None.
  warnings.warn(

[2026-01-27T13:17:22.836+0000] {logging_and_warnings.py:73} WARNING - /home/***/.local/lib/python3.12/site-packages/sklearn/linear_model/_logistic.py:1135: FutureWarning: 'penalty' was deprecated in version 1.8 and will be removed in 1.10. To avoid this warning, leave 'penalty' set to its default value and use 'l1_ratio' or 'C' instead. Use l1_ratio=0 instead of penalty='l2', l1_ratio=1 instead of penalty='l1', and C=np.inf instead of penalty=None.
  warnings.warn(

[2026-01-27T13:17:22.914+0000] {logging_and_warnings.py:73} WARNING - /home/***/.local/lib/python3.12/site-packages/sklearn/linear_model/_logistic.py:1135: FutureWarning: 'penalty' was deprecated in version 1.8 and will be removed in 1.10. To avoid this warning, leave 'penalty' set to its default value and use 'l1_ratio' or 'C' instead. Use l1_ratio=0 instead of penalty='l2', l1_ratio=1 instead of penalty='l1', and C=np.inf instead of penalty=None.
  warnings.warn(

[2026-01-27T13:17:23.029+0000] {logging_and_warnings.py:73} WARNING - /home/***/.local/lib/python3.12/site-packages/sklearn/linear_model/_logistic.py:1135: FutureWarning: 'penalty' was deprecated in version 1.8 and will be removed in 1.10. To avoid this warning, leave 'penalty' set to its default value and use 'l1_ratio' or 'C' instead. Use l1_ratio=0 instead of penalty='l2', l1_ratio=1 instead of penalty='l1', and C=np.inf instead of penalty=None.
  warnings.warn(

[2026-01-27T13:17:23.033+0000] {logging_and_warnings.py:73} WARNING - /home/***/.local/lib/python3.12/site-packages/sklearn/linear_model/_logistic.py:1160: UserWarning: Inconsistent values: penalty=l2 with l1_ratio=1.0. penalty is deprecated. Please use l1_ratio only.
  warnings.warn(

[2026-01-27T13:17:23.108+0000] {logging_and_warnings.py:73} WARNING - /home/***/.local/lib/python3.12/site-packages/sklearn/linear_model/_logistic.py:1135: FutureWarning: 'penalty' was deprecated in version 1.8 and will be removed in 1.10. To avoid this warning, leave 'penalty' set to its default value and use 'l1_ratio' or 'C' instead. Use l1_ratio=0 instead of penalty='l2', l1_ratio=1 instead of penalty='l1', and C=np.inf instead of penalty=None.
  warnings.warn(

[2026-01-27T13:17:23.110+0000] {logging_and_warnings.py:73} WARNING - /home/***/.local/lib/python3.12/site-packages/sklearn/linear_model/_logistic.py:1160: UserWarning: Inconsistent values: penalty=l2 with l1_ratio=1.0. penalty is deprecated. Please use l1_ratio only.
  warnings.warn(

[2026-01-27T13:17:23.195+0000] {logging_and_warnings.py:73} WARNING - /home/***/.local/lib/python3.12/site-packages/sklearn/linear_model/_logistic.py:1135: FutureWarning: 'penalty' was deprecated in version 1.8 and will be removed in 1.10. To avoid this warning, leave 'penalty' set to its default value and use 'l1_ratio' or 'C' instead. Use l1_ratio=0 instead of penalty='l2', l1_ratio=1 instead of penalty='l1', and C=np.inf instead of penalty=None.
  warnings.warn(

[2026-01-27T13:17:23.198+0000] {logging_and_warnings.py:73} WARNING - /home/***/.local/lib/python3.12/site-packages/sklearn/linear_model/_logistic.py:1160: UserWarning: Inconsistent values: penalty=l2 with l1_ratio=1.0. penalty is deprecated. Please use l1_ratio only.
  warnings.warn(

[2026-01-27T13:17:23.286+0000] {logging_and_warnings.py:73} WARNING - /home/***/.local/lib/python3.12/site-packages/sklearn/linear_model/_logistic.py:1135: FutureWarning: 'penalty' was deprecated in version 1.8 and will be removed in 1.10. To avoid this warning, leave 'penalty' set to its default value and use 'l1_ratio' or 'C' instead. Use l1_ratio=0 instead of penalty='l2', l1_ratio=1 instead of penalty='l1', and C=np.inf instead of penalty=None.
  warnings.warn(

[2026-01-27T13:17:23.288+0000] {logging_and_warnings.py:73} WARNING - /home/***/.local/lib/python3.12/site-packages/sklearn/linear_model/_logistic.py:1160: UserWarning: Inconsistent values: penalty=l2 with l1_ratio=1.0. penalty is deprecated. Please use l1_ratio only.
  warnings.warn(

[2026-01-27T13:17:23.356+0000] {logging_and_warnings.py:73} WARNING - /home/***/.local/lib/python3.12/site-packages/sklearn/linear_model/_logistic.py:1135: FutureWarning: 'penalty' was deprecated in version 1.8 and will be removed in 1.10. To avoid this warning, leave 'penalty' set to its default value and use 'l1_ratio' or 'C' instead. Use l1_ratio=0 instead of penalty='l2', l1_ratio=1 instead of penalty='l1', and C=np.inf instead of penalty=None.
  warnings.warn(

[2026-01-27T13:17:23.357+0000] {logging_and_warnings.py:73} WARNING - /home/***/.local/lib/python3.12/site-packages/sklearn/linear_model/_logistic.py:1160: UserWarning: Inconsistent values: penalty=l2 with l1_ratio=1.0. penalty is deprecated. Please use l1_ratio only.
  warnings.warn(

[2026-01-27T13:17:23.425+0000] {logging_and_warnings.py:73} WARNING - /home/***/.local/lib/python3.12/site-packages/sklearn/linear_model/_logistic.py:1135: FutureWarning: 'penalty' was deprecated in version 1.8 and will be removed in 1.10. To avoid this warning, leave 'penalty' set to its default value and use 'l1_ratio' or 'C' instead. Use l1_ratio=0 instead of penalty='l2', l1_ratio=1 instead of penalty='l1', and C=np.inf instead of penalty=None.
  warnings.warn(

[2026-01-27T13:17:23.427+0000] {logging_and_warnings.py:73} WARNING - /home/***/.local/lib/python3.12/site-packages/sklearn/linear_model/_logistic.py:1160: UserWarning: Inconsistent values: penalty=l2 with l1_ratio=1.0. penalty is deprecated. Please use l1_ratio only.
  warnings.warn(

[2026-01-27T13:17:23.492+0000] {logging_and_warnings.py:73} WARNING - /home/***/.local/lib/python3.12/site-packages/sklearn/linear_model/_logistic.py:1135: FutureWarning: 'penalty' was deprecated in version 1.8 and will be removed in 1.10. To avoid this warning, leave 'penalty' set to its default value and use 'l1_ratio' or 'C' instead. Use l1_ratio=0 instead of penalty='l2', l1_ratio=1 instead of penalty='l1', and C=np.inf instead of penalty=None.
  warnings.warn(

[2026-01-27T13:17:23.493+0000] {logging_and_warnings.py:73} WARNING - /home/***/.local/lib/python3.12/site-packages/sklearn/linear_model/_logistic.py:1160: UserWarning: Inconsistent values: penalty=l2 with l1_ratio=1.0. penalty is deprecated. Please use l1_ratio only.
  warnings.warn(

[2026-01-27T13:17:23.558+0000] {logging_and_warnings.py:73} WARNING - /home/***/.local/lib/python3.12/site-packages/sklearn/linear_model/_logistic.py:1135: FutureWarning: 'penalty' was deprecated in version 1.8 and will be removed in 1.10. To avoid this warning, leave 'penalty' set to its default value and use 'l1_ratio' or 'C' instead. Use l1_ratio=0 instead of penalty='l2', l1_ratio=1 instead of penalty='l1', and C=np.inf instead of penalty=None.
  warnings.warn(

[2026-01-27T13:17:23.559+0000] {logging_and_warnings.py:73} WARNING - /home/***/.local/lib/python3.12/site-packages/sklearn/linear_model/_logistic.py:1160: UserWarning: Inconsistent values: penalty=l2 with l1_ratio=1.0. penalty is deprecated. Please use l1_ratio only.
  warnings.warn(

[2026-01-27T13:17:23.623+0000] {logging_and_warnings.py:73} WARNING - /home/***/.local/lib/python3.12/site-packages/sklearn/linear_model/_logistic.py:1135: FutureWarning: 'penalty' was deprecated in version 1.8 and will be removed in 1.10. To avoid this warning, leave 'penalty' set to its default value and use 'l1_ratio' or 'C' instead. Use l1_ratio=0 instead of penalty='l2', l1_ratio=1 instead of penalty='l1', and C=np.inf instead of penalty=None.
  warnings.warn(

[2026-01-27T13:17:23.624+0000] {logging_and_warnings.py:73} WARNING - /home/***/.local/lib/python3.12/site-packages/sklearn/linear_model/_logistic.py:1160: UserWarning: Inconsistent values: penalty=l2 with l1_ratio=1.0. penalty is deprecated. Please use l1_ratio only.
  warnings.warn(

[2026-01-27T13:17:23.698+0000] {logging_and_warnings.py:73} WARNING - /home/***/.local/lib/python3.12/site-packages/sklearn/linear_model/_logistic.py:1135: FutureWarning: 'penalty' was deprecated in version 1.8 and will be removed in 1.10. To avoid this warning, leave 'penalty' set to its default value and use 'l1_ratio' or 'C' instead. Use l1_ratio=0 instead of penalty='l2', l1_ratio=1 instead of penalty='l1', and C=np.inf instead of penalty=None.
  warnings.warn(

[2026-01-27T13:17:23.699+0000] {logging_and_warnings.py:73} WARNING - /home/***/.local/lib/python3.12/site-packages/sklearn/linear_model/_logistic.py:1160: UserWarning: Inconsistent values: penalty=l2 with l1_ratio=1.0. penalty is deprecated. Please use l1_ratio only.
  warnings.warn(

[2026-01-27T13:17:23.756+0000] {logging_and_warnings.py:73} WARNING - /home/***/.local/lib/python3.12/site-packages/sklearn/linear_model/_logistic.py:1135: FutureWarning: 'penalty' was deprecated in version 1.8 and will be removed in 1.10. To avoid this warning, leave 'penalty' set to its default value and use 'l1_ratio' or 'C' instead. Use l1_ratio=0 instead of penalty='l2', l1_ratio=1 instead of penalty='l1', and C=np.inf instead of penalty=None.
  warnings.warn(

[2026-01-27T13:17:23.819+0000] {logging_and_warnings.py:73} WARNING - /home/***/.local/lib/python3.12/site-packages/sklearn/linear_model/_logistic.py:1135: FutureWarning: 'penalty' was deprecated in version 1.8 and will be removed in 1.10. To avoid this warning, leave 'penalty' set to its default value and use 'l1_ratio' or 'C' instead. Use l1_ratio=0 instead of penalty='l2', l1_ratio=1 instead of penalty='l1', and C=np.inf instead of penalty=None.
  warnings.warn(

[2026-01-27T13:17:23.886+0000] {logging_and_warnings.py:73} WARNING - /home/***/.local/lib/python3.12/site-packages/sklearn/linear_model/_logistic.py:1135: FutureWarning: 'penalty' was deprecated in version 1.8 and will be removed in 1.10. To avoid this warning, leave 'penalty' set to its default value and use 'l1_ratio' or 'C' instead. Use l1_ratio=0 instead of penalty='l2', l1_ratio=1 instead of penalty='l1', and C=np.inf instead of penalty=None.
  warnings.warn(

[2026-01-27T13:17:23.976+0000] {logging_and_warnings.py:73} WARNING - /home/***/.local/lib/python3.12/site-packages/sklearn/linear_model/_logistic.py:1135: FutureWarning: 'penalty' was deprecated in version 1.8 and will be removed in 1.10. To avoid this warning, leave 'penalty' set to its default value and use 'l1_ratio' or 'C' instead. Use l1_ratio=0 instead of penalty='l2', l1_ratio=1 instead of penalty='l1', and C=np.inf instead of penalty=None.
  warnings.warn(

[2026-01-27T13:17:24.115+0000] {logging_and_warnings.py:73} WARNING - /home/***/.local/lib/python3.12/site-packages/sklearn/linear_model/_logistic.py:1135: FutureWarning: 'penalty' was deprecated in version 1.8 and will be removed in 1.10. To avoid this warning, leave 'penalty' set to its default value and use 'l1_ratio' or 'C' instead. Use l1_ratio=0 instead of penalty='l2', l1_ratio=1 instead of penalty='l1', and C=np.inf instead of penalty=None.
  warnings.warn(

[2026-01-27T13:17:24.356+0000] {logging_and_warnings.py:73} WARNING - /home/***/.local/lib/python3.12/site-packages/sklearn/linear_model/_logistic.py:1135: FutureWarning: 'penalty' was deprecated in version 1.8 and will be removed in 1.10. To avoid this warning, leave 'penalty' set to its default value and use 'l1_ratio' or 'C' instead. Use l1_ratio=0 instead of penalty='l2', l1_ratio=1 instead of penalty='l1', and C=np.inf instead of penalty=None.
  warnings.warn(

[2026-01-27T13:17:24.670+0000] {logging_and_warnings.py:73} WARNING - /home/***/.local/lib/python3.12/site-packages/sklearn/linear_model/_logistic.py:1135: FutureWarning: 'penalty' was deprecated in version 1.8 and will be removed in 1.10. To avoid this warning, leave 'penalty' set to its default value and use 'l1_ratio' or 'C' instead. Use l1_ratio=0 instead of penalty='l2', l1_ratio=1 instead of penalty='l1', and C=np.inf instead of penalty=None.
  warnings.warn(

[2026-01-27T13:17:24.803+0000] {logging_and_warnings.py:73} WARNING - /home/***/.local/lib/python3.12/site-packages/sklearn/linear_model/_logistic.py:1135: FutureWarning: 'penalty' was deprecated in version 1.8 and will be removed in 1.10. To avoid this warning, leave 'penalty' set to its default value and use 'l1_ratio' or 'C' instead. Use l1_ratio=0 instead of penalty='l2', l1_ratio=1 instead of penalty='l1', and C=np.inf instead of penalty=None.
  warnings.warn(

[2026-01-27T13:17:24.893+0000] {logging_and_warnings.py:73} WARNING - /home/***/.local/lib/python3.12/site-packages/sklearn/linear_model/_logistic.py:1135: FutureWarning: 'penalty' was deprecated in version 1.8 and will be removed in 1.10. To avoid this warning, leave 'penalty' set to its default value and use 'l1_ratio' or 'C' instead. Use l1_ratio=0 instead of penalty='l2', l1_ratio=1 instead of penalty='l1', and C=np.inf instead of penalty=None.
  warnings.warn(

[2026-01-27T13:17:25.065+0000] {logging_and_warnings.py:73} WARNING - /home/***/.local/lib/python3.12/site-packages/sklearn/linear_model/_logistic.py:1135: FutureWarning: 'penalty' was deprecated in version 1.8 and will be removed in 1.10. To avoid this warning, leave 'penalty' set to its default value and use 'l1_ratio' or 'C' instead. Use l1_ratio=0 instead of penalty='l2', l1_ratio=1 instead of penalty='l1', and C=np.inf instead of penalty=None.
  warnings.warn(

[2026-01-27T13:17:25.189+0000] {logging_and_warnings.py:73} WARNING - /home/***/.local/lib/python3.12/site-packages/sklearn/linear_model/_logistic.py:1135: FutureWarning: 'penalty' was deprecated in version 1.8 and will be removed in 1.10. To avoid this warning, leave 'penalty' set to its default value and use 'l1_ratio' or 'C' instead. Use l1_ratio=0 instead of penalty='l2', l1_ratio=1 instead of penalty='l1', and C=np.inf instead of penalty=None.
  warnings.warn(

[2026-01-27T13:17:25.190+0000] {logging_and_warnings.py:73} WARNING - /home/***/.local/lib/python3.12/site-packages/sklearn/linear_model/_logistic.py:1160: UserWarning: Inconsistent values: penalty=l2 with l1_ratio=1.0. penalty is deprecated. Please use l1_ratio only.
  warnings.warn(

[2026-01-27T13:17:25.271+0000] {logging_and_warnings.py:73} WARNING - /home/***/.local/lib/python3.12/site-packages/sklearn/linear_model/_logistic.py:1135: FutureWarning: 'penalty' was deprecated in version 1.8 and will be removed in 1.10. To avoid this warning, leave 'penalty' set to its default value and use 'l1_ratio' or 'C' instead. Use l1_ratio=0 instead of penalty='l2', l1_ratio=1 instead of penalty='l1', and C=np.inf instead of penalty=None.
  warnings.warn(

[2026-01-27T13:17:25.272+0000] {logging_and_warnings.py:73} WARNING - /home/***/.local/lib/python3.12/site-packages/sklearn/linear_model/_logistic.py:1160: UserWarning: Inconsistent values: penalty=l2 with l1_ratio=1.0. penalty is deprecated. Please use l1_ratio only.
  warnings.warn(

[2026-01-27T13:17:25.355+0000] {logging_and_warnings.py:73} WARNING - /home/***/.local/lib/python3.12/site-packages/sklearn/linear_model/_logistic.py:1135: FutureWarning: 'penalty' was deprecated in version 1.8 and will be removed in 1.10. To avoid this warning, leave 'penalty' set to its default value and use 'l1_ratio' or 'C' instead. Use l1_ratio=0 instead of penalty='l2', l1_ratio=1 instead of penalty='l1', and C=np.inf instead of penalty=None.
  warnings.warn(

[2026-01-27T13:17:25.356+0000] {logging_and_warnings.py:73} WARNING - /home/***/.local/lib/python3.12/site-packages/sklearn/linear_model/_logistic.py:1160: UserWarning: Inconsistent values: penalty=l2 with l1_ratio=1.0. penalty is deprecated. Please use l1_ratio only.
  warnings.warn(

[2026-01-27T13:17:25.425+0000] {logging_and_warnings.py:73} WARNING - /home/***/.local/lib/python3.12/site-packages/sklearn/linear_model/_logistic.py:1135: FutureWarning: 'penalty' was deprecated in version 1.8 and will be removed in 1.10. To avoid this warning, leave 'penalty' set to its default value and use 'l1_ratio' or 'C' instead. Use l1_ratio=0 instead of penalty='l2', l1_ratio=1 instead of penalty='l1', and C=np.inf instead of penalty=None.
  warnings.warn(

[2026-01-27T13:17:25.426+0000] {logging_and_warnings.py:73} WARNING - /home/***/.local/lib/python3.12/site-packages/sklearn/linear_model/_logistic.py:1160: UserWarning: Inconsistent values: penalty=l2 with l1_ratio=1.0. penalty is deprecated. Please use l1_ratio only.
  warnings.warn(

[2026-01-27T13:17:25.513+0000] {logging_and_warnings.py:73} WARNING - /home/***/.local/lib/python3.12/site-packages/sklearn/linear_model/_logistic.py:1135: FutureWarning: 'penalty' was deprecated in version 1.8 and will be removed in 1.10. To avoid this warning, leave 'penalty' set to its default value and use 'l1_ratio' or 'C' instead. Use l1_ratio=0 instead of penalty='l2', l1_ratio=1 instead of penalty='l1', and C=np.inf instead of penalty=None.
  warnings.warn(

[2026-01-27T13:17:25.515+0000] {logging_and_warnings.py:73} WARNING - /home/***/.local/lib/python3.12/site-packages/sklearn/linear_model/_logistic.py:1160: UserWarning: Inconsistent values: penalty=l2 with l1_ratio=1.0. penalty is deprecated. Please use l1_ratio only.
  warnings.warn(

[2026-01-27T13:17:25.590+0000] {logging_and_warnings.py:73} WARNING - /home/***/.local/lib/python3.12/site-packages/sklearn/linear_model/_logistic.py:1135: FutureWarning: 'penalty' was deprecated in version 1.8 and will be removed in 1.10. To avoid this warning, leave 'penalty' set to its default value and use 'l1_ratio' or 'C' instead. Use l1_ratio=0 instead of penalty='l2', l1_ratio=1 instead of penalty='l1', and C=np.inf instead of penalty=None.
  warnings.warn(

[2026-01-27T13:17:25.591+0000] {logging_and_warnings.py:73} WARNING - /home/***/.local/lib/python3.12/site-packages/sklearn/linear_model/_logistic.py:1160: UserWarning: Inconsistent values: penalty=l2 with l1_ratio=1.0. penalty is deprecated. Please use l1_ratio only.
  warnings.warn(

[2026-01-27T13:17:25.672+0000] {logging_and_warnings.py:73} WARNING - /home/***/.local/lib/python3.12/site-packages/sklearn/linear_model/_logistic.py:1135: FutureWarning: 'penalty' was deprecated in version 1.8 and will be removed in 1.10. To avoid this warning, leave 'penalty' set to its default value and use 'l1_ratio' or 'C' instead. Use l1_ratio=0 instead of penalty='l2', l1_ratio=1 instead of penalty='l1', and C=np.inf instead of penalty=None.
  warnings.warn(

[2026-01-27T13:17:25.673+0000] {logging_and_warnings.py:73} WARNING - /home/***/.local/lib/python3.12/site-packages/sklearn/linear_model/_logistic.py:1160: UserWarning: Inconsistent values: penalty=l2 with l1_ratio=1.0. penalty is deprecated. Please use l1_ratio only.
  warnings.warn(

[2026-01-27T13:17:25.751+0000] {logging_and_warnings.py:73} WARNING - /home/***/.local/lib/python3.12/site-packages/sklearn/linear_model/_logistic.py:1135: FutureWarning: 'penalty' was deprecated in version 1.8 and will be removed in 1.10. To avoid this warning, leave 'penalty' set to its default value and use 'l1_ratio' or 'C' instead. Use l1_ratio=0 instead of penalty='l2', l1_ratio=1 instead of penalty='l1', and C=np.inf instead of penalty=None.
  warnings.warn(

[2026-01-27T13:17:25.752+0000] {logging_and_warnings.py:73} WARNING - /home/***/.local/lib/python3.12/site-packages/sklearn/linear_model/_logistic.py:1160: UserWarning: Inconsistent values: penalty=l2 with l1_ratio=1.0. penalty is deprecated. Please use l1_ratio only.
  warnings.warn(

[2026-01-27T13:17:25.825+0000] {logging_and_warnings.py:73} WARNING - /home/***/.local/lib/python3.12/site-packages/sklearn/linear_model/_logistic.py:1135: FutureWarning: 'penalty' was deprecated in version 1.8 and will be removed in 1.10. To avoid this warning, leave 'penalty' set to its default value and use 'l1_ratio' or 'C' instead. Use l1_ratio=0 instead of penalty='l2', l1_ratio=1 instead of penalty='l1', and C=np.inf instead of penalty=None.
  warnings.warn(

[2026-01-27T13:17:25.826+0000] {logging_and_warnings.py:73} WARNING - /home/***/.local/lib/python3.12/site-packages/sklearn/linear_model/_logistic.py:1160: UserWarning: Inconsistent values: penalty=l2 with l1_ratio=1.0. penalty is deprecated. Please use l1_ratio only.
  warnings.warn(

[2026-01-27T13:17:25.966+0000] {logging_and_warnings.py:73} WARNING - /home/***/.local/lib/python3.12/site-packages/sklearn/linear_model/_logistic.py:1135: FutureWarning: 'penalty' was deprecated in version 1.8 and will be removed in 1.10. To avoid this warning, leave 'penalty' set to its default value and use 'l1_ratio' or 'C' instead. Use l1_ratio=0 instead of penalty='l2', l1_ratio=1 instead of penalty='l1', and C=np.inf instead of penalty=None.
  warnings.warn(

[2026-01-27T13:17:25.967+0000] {logging_and_warnings.py:73} WARNING - /home/***/.local/lib/python3.12/site-packages/sklearn/linear_model/_logistic.py:1160: UserWarning: Inconsistent values: penalty=l2 with l1_ratio=1.0. penalty is deprecated. Please use l1_ratio only.
  warnings.warn(

[2026-01-27T13:17:26.278+0000] {logging_and_warnings.py:73} WARNING - /home/***/.local/lib/python3.12/site-packages/sklearn/linear_model/_logistic.py:1135: FutureWarning: 'penalty' was deprecated in version 1.8 and will be removed in 1.10. To avoid this warning, leave 'penalty' set to its default value and use 'l1_ratio' or 'C' instead. Use l1_ratio=0 instead of penalty='l2', l1_ratio=1 instead of penalty='l1', and C=np.inf instead of penalty=None.
  warnings.warn(

[2026-01-27T13:17:26.656+0000] {logging_and_warnings.py:73} WARNING - /home/***/.local/lib/python3.12/site-packages/sklearn/linear_model/_logistic.py:1135: FutureWarning: 'penalty' was deprecated in version 1.8 and will be removed in 1.10. To avoid this warning, leave 'penalty' set to its default value and use 'l1_ratio' or 'C' instead. Use l1_ratio=0 instead of penalty='l2', l1_ratio=1 instead of penalty='l1', and C=np.inf instead of penalty=None.
  warnings.warn(

[2026-01-27T13:17:26.797+0000] {logging_and_warnings.py:73} WARNING - /home/***/.local/lib/python3.12/site-packages/sklearn/linear_model/_logistic.py:1135: FutureWarning: 'penalty' was deprecated in version 1.8 and will be removed in 1.10. To avoid this warning, leave 'penalty' set to its default value and use 'l1_ratio' or 'C' instead. Use l1_ratio=0 instead of penalty='l2', l1_ratio=1 instead of penalty='l1', and C=np.inf instead of penalty=None.
  warnings.warn(

[2026-01-27T13:17:26.985+0000] {logging_and_warnings.py:73} WARNING - /home/***/.local/lib/python3.12/site-packages/sklearn/linear_model/_logistic.py:1135: FutureWarning: 'penalty' was deprecated in version 1.8 and will be removed in 1.10. To avoid this warning, leave 'penalty' set to its default value and use 'l1_ratio' or 'C' instead. Use l1_ratio=0 instead of penalty='l2', l1_ratio=1 instead of penalty='l1', and C=np.inf instead of penalty=None.
  warnings.warn(

[2026-01-27T13:17:27.098+0000] {logging_and_warnings.py:73} WARNING - /home/***/.local/lib/python3.12/site-packages/sklearn/linear_model/_logistic.py:1135: FutureWarning: 'penalty' was deprecated in version 1.8 and will be removed in 1.10. To avoid this warning, leave 'penalty' set to its default value and use 'l1_ratio' or 'C' instead. Use l1_ratio=0 instead of penalty='l2', l1_ratio=1 instead of penalty='l1', and C=np.inf instead of penalty=None.
  warnings.warn(

[2026-01-27T13:17:27.172+0000] {logging_and_warnings.py:73} WARNING - /home/***/.local/lib/python3.12/site-packages/sklearn/linear_model/_logistic.py:1135: FutureWarning: 'penalty' was deprecated in version 1.8 and will be removed in 1.10. To avoid this warning, leave 'penalty' set to its default value and use 'l1_ratio' or 'C' instead. Use l1_ratio=0 instead of penalty='l2', l1_ratio=1 instead of penalty='l1', and C=np.inf instead of penalty=None.
  warnings.warn(

[2026-01-27T13:17:27.384+0000] {logging_and_warnings.py:73} WARNING - /home/***/.local/lib/python3.12/site-packages/sklearn/linear_model/_logistic.py:1135: FutureWarning: 'penalty' was deprecated in version 1.8 and will be removed in 1.10. To avoid this warning, leave 'penalty' set to its default value and use 'l1_ratio' or 'C' instead. Use l1_ratio=0 instead of penalty='l2', l1_ratio=1 instead of penalty='l1', and C=np.inf instead of penalty=None.
  warnings.warn(

[2026-01-27T13:17:27.506+0000] {logging_and_warnings.py:73} WARNING - /home/***/.local/lib/python3.12/site-packages/sklearn/linear_model/_logistic.py:1135: FutureWarning: 'penalty' was deprecated in version 1.8 and will be removed in 1.10. To avoid this warning, leave 'penalty' set to its default value and use 'l1_ratio' or 'C' instead. Use l1_ratio=0 instead of penalty='l2', l1_ratio=1 instead of penalty='l1', and C=np.inf instead of penalty=None.
  warnings.warn(

[2026-01-27T13:17:27.614+0000] {logging_and_warnings.py:73} WARNING - /home/***/.local/lib/python3.12/site-packages/sklearn/linear_model/_logistic.py:1135: FutureWarning: 'penalty' was deprecated in version 1.8 and will be removed in 1.10. To avoid this warning, leave 'penalty' set to its default value and use 'l1_ratio' or 'C' instead. Use l1_ratio=0 instead of penalty='l2', l1_ratio=1 instead of penalty='l1', and C=np.inf instead of penalty=None.
  warnings.warn(

[2026-01-27T13:17:27.723+0000] {logging_and_warnings.py:73} WARNING - /home/***/.local/lib/python3.12/site-packages/sklearn/linear_model/_logistic.py:1135: FutureWarning: 'penalty' was deprecated in version 1.8 and will be removed in 1.10. To avoid this warning, leave 'penalty' set to its default value and use 'l1_ratio' or 'C' instead. Use l1_ratio=0 instead of penalty='l2', l1_ratio=1 instead of penalty='l1', and C=np.inf instead of penalty=None.
  warnings.warn(

[2026-01-27T13:17:27.806+0000] {logging_and_warnings.py:73} WARNING - /home/***/.local/lib/python3.12/site-packages/sklearn/linear_model/_logistic.py:1135: FutureWarning: 'penalty' was deprecated in version 1.8 and will be removed in 1.10. To avoid this warning, leave 'penalty' set to its default value and use 'l1_ratio' or 'C' instead. Use l1_ratio=0 instead of penalty='l2', l1_ratio=1 instead of penalty='l1', and C=np.inf instead of penalty=None.
  warnings.warn(

[2026-01-27T13:17:27.807+0000] {logging_and_warnings.py:73} WARNING - /home/***/.local/lib/python3.12/site-packages/sklearn/linear_model/_logistic.py:1160: UserWarning: Inconsistent values: penalty=l2 with l1_ratio=1.0. penalty is deprecated. Please use l1_ratio only.
  warnings.warn(

[2026-01-27T13:17:27.899+0000] {logging_and_warnings.py:73} WARNING - /home/***/.local/lib/python3.12/site-packages/sklearn/linear_model/_logistic.py:1135: FutureWarning: 'penalty' was deprecated in version 1.8 and will be removed in 1.10. To avoid this warning, leave 'penalty' set to its default value and use 'l1_ratio' or 'C' instead. Use l1_ratio=0 instead of penalty='l2', l1_ratio=1 instead of penalty='l1', and C=np.inf instead of penalty=None.
  warnings.warn(

[2026-01-27T13:17:27.900+0000] {logging_and_warnings.py:73} WARNING - /home/***/.local/lib/python3.12/site-packages/sklearn/linear_model/_logistic.py:1160: UserWarning: Inconsistent values: penalty=l2 with l1_ratio=1.0. penalty is deprecated. Please use l1_ratio only.
  warnings.warn(

[2026-01-27T13:17:28.065+0000] {logging_and_warnings.py:73} WARNING - /home/***/.local/lib/python3.12/site-packages/sklearn/linear_model/_logistic.py:1135: FutureWarning: 'penalty' was deprecated in version 1.8 and will be removed in 1.10. To avoid this warning, leave 'penalty' set to its default value and use 'l1_ratio' or 'C' instead. Use l1_ratio=0 instead of penalty='l2', l1_ratio=1 instead of penalty='l1', and C=np.inf instead of penalty=None.
  warnings.warn(

[2026-01-27T13:17:28.067+0000] {logging_and_warnings.py:73} WARNING - /home/***/.local/lib/python3.12/site-packages/sklearn/linear_model/_logistic.py:1160: UserWarning: Inconsistent values: penalty=l2 with l1_ratio=1.0. penalty is deprecated. Please use l1_ratio only.
  warnings.warn(

[2026-01-27T13:17:28.228+0000] {logging_and_warnings.py:73} WARNING - /home/***/.local/lib/python3.12/site-packages/sklearn/linear_model/_logistic.py:1135: FutureWarning: 'penalty' was deprecated in version 1.8 and will be removed in 1.10. To avoid this warning, leave 'penalty' set to its default value and use 'l1_ratio' or 'C' instead. Use l1_ratio=0 instead of penalty='l2', l1_ratio=1 instead of penalty='l1', and C=np.inf instead of penalty=None.
  warnings.warn(

[2026-01-27T13:17:28.233+0000] {logging_and_warnings.py:73} WARNING - /home/***/.local/lib/python3.12/site-packages/sklearn/linear_model/_logistic.py:1160: UserWarning: Inconsistent values: penalty=l2 with l1_ratio=1.0. penalty is deprecated. Please use l1_ratio only.
  warnings.warn(

[2026-01-27T13:17:28.455+0000] {logging_and_warnings.py:73} WARNING - /home/***/.local/lib/python3.12/site-packages/sklearn/linear_model/_logistic.py:1135: FutureWarning: 'penalty' was deprecated in version 1.8 and will be removed in 1.10. To avoid this warning, leave 'penalty' set to its default value and use 'l1_ratio' or 'C' instead. Use l1_ratio=0 instead of penalty='l2', l1_ratio=1 instead of penalty='l1', and C=np.inf instead of penalty=None.
  warnings.warn(

[2026-01-27T13:17:28.457+0000] {logging_and_warnings.py:73} WARNING - /home/***/.local/lib/python3.12/site-packages/sklearn/linear_model/_logistic.py:1160: UserWarning: Inconsistent values: penalty=l2 with l1_ratio=1.0. penalty is deprecated. Please use l1_ratio only.
  warnings.warn(

[2026-01-27T13:17:28.627+0000] {logging_and_warnings.py:73} WARNING - /home/***/.local/lib/python3.12/site-packages/sklearn/linear_model/_logistic.py:1135: FutureWarning: 'penalty' was deprecated in version 1.8 and will be removed in 1.10. To avoid this warning, leave 'penalty' set to its default value and use 'l1_ratio' or 'C' instead. Use l1_ratio=0 instead of penalty='l2', l1_ratio=1 instead of penalty='l1', and C=np.inf instead of penalty=None.
  warnings.warn(

[2026-01-27T13:17:28.628+0000] {logging_and_warnings.py:73} WARNING - /home/***/.local/lib/python3.12/site-packages/sklearn/linear_model/_logistic.py:1160: UserWarning: Inconsistent values: penalty=l2 with l1_ratio=1.0. penalty is deprecated. Please use l1_ratio only.
  warnings.warn(

[2026-01-27T13:17:28.770+0000] {logging_and_warnings.py:73} WARNING - /home/***/.local/lib/python3.12/site-packages/sklearn/linear_model/_logistic.py:1135: FutureWarning: 'penalty' was deprecated in version 1.8 and will be removed in 1.10. To avoid this warning, leave 'penalty' set to its default value and use 'l1_ratio' or 'C' instead. Use l1_ratio=0 instead of penalty='l2', l1_ratio=1 instead of penalty='l1', and C=np.inf instead of penalty=None.
  warnings.warn(

[2026-01-27T13:17:28.771+0000] {logging_and_warnings.py:73} WARNING - /home/***/.local/lib/python3.12/site-packages/sklearn/linear_model/_logistic.py:1160: UserWarning: Inconsistent values: penalty=l2 with l1_ratio=1.0. penalty is deprecated. Please use l1_ratio only.
  warnings.warn(

[2026-01-27T13:17:28.964+0000] {logging_and_warnings.py:73} WARNING - /home/***/.local/lib/python3.12/site-packages/sklearn/linear_model/_logistic.py:1135: FutureWarning: 'penalty' was deprecated in version 1.8 and will be removed in 1.10. To avoid this warning, leave 'penalty' set to its default value and use 'l1_ratio' or 'C' instead. Use l1_ratio=0 instead of penalty='l2', l1_ratio=1 instead of penalty='l1', and C=np.inf instead of penalty=None.
  warnings.warn(

[2026-01-27T13:17:28.965+0000] {logging_and_warnings.py:73} WARNING - /home/***/.local/lib/python3.12/site-packages/sklearn/linear_model/_logistic.py:1160: UserWarning: Inconsistent values: penalty=l2 with l1_ratio=1.0. penalty is deprecated. Please use l1_ratio only.
  warnings.warn(

[2026-01-27T13:17:29.093+0000] {logging_and_warnings.py:73} WARNING - /home/***/.local/lib/python3.12/site-packages/sklearn/linear_model/_logistic.py:1135: FutureWarning: 'penalty' was deprecated in version 1.8 and will be removed in 1.10. To avoid this warning, leave 'penalty' set to its default value and use 'l1_ratio' or 'C' instead. Use l1_ratio=0 instead of penalty='l2', l1_ratio=1 instead of penalty='l1', and C=np.inf instead of penalty=None.
  warnings.warn(

[2026-01-27T13:17:29.098+0000] {logging_and_warnings.py:73} WARNING - /home/***/.local/lib/python3.12/site-packages/sklearn/linear_model/_logistic.py:1160: UserWarning: Inconsistent values: penalty=l2 with l1_ratio=1.0. penalty is deprecated. Please use l1_ratio only.
  warnings.warn(

[2026-01-27T13:17:29.273+0000] {logging_and_warnings.py:73} WARNING - /home/***/.local/lib/python3.12/site-packages/sklearn/linear_model/_logistic.py:1135: FutureWarning: 'penalty' was deprecated in version 1.8 and will be removed in 1.10. To avoid this warning, leave 'penalty' set to its default value and use 'l1_ratio' or 'C' instead. Use l1_ratio=0 instead of penalty='l2', l1_ratio=1 instead of penalty='l1', and C=np.inf instead of penalty=None.
  warnings.warn(

[2026-01-27T13:17:29.275+0000] {logging_and_warnings.py:73} WARNING - /home/***/.local/lib/python3.12/site-packages/sklearn/linear_model/_logistic.py:1160: UserWarning: Inconsistent values: penalty=l2 with l1_ratio=1.0. penalty is deprecated. Please use l1_ratio only.
  warnings.warn(

[2026-01-27T13:17:29.377+0000] {logging_and_warnings.py:73} WARNING - /home/***/.local/lib/python3.12/site-packages/sklearn/linear_model/_logistic.py:1135: FutureWarning: 'penalty' was deprecated in version 1.8 and will be removed in 1.10. To avoid this warning, leave 'penalty' set to its default value and use 'l1_ratio' or 'C' instead. Use l1_ratio=0 instead of penalty='l2', l1_ratio=1 instead of penalty='l1', and C=np.inf instead of penalty=None.
  warnings.warn(

[2026-01-27T13:17:29.412+0000] {logging_mixin.py:188} WARNING - 2026/01/27 13:17:29 WARNING mlflow.utils.autologging_utils: MLflow autologging encountered a warning: "/home/***/.local/lib/python3.12/site-packages/mlflow/types/utils.py:452: UserWarning: Hint: Inferred schema contains integer column(s). Integer columns in Python cannot represent missing values. If your input data contains missing values at inference time, it will be encoded as floats and will cause a schema enforcement error. The best way to avoid this problem is to infer the model schema based on a realistic data sample (training dataset) that includes missing values. Alternatively, you can declare integer columns as doubles (float64) whenever these columns may have missing values. See `Handling Integers With Missing Values <https://www.mlflow.org/docs/latest/models.html#handling-integers-with-missing-values>`_ for more details."
[2026-01-27T13:17:38.568+0000] {logging_and_warnings.py:73} WARNING - /home/***/.local/lib/python3.12/site-packages/sklearn/metrics/_classification.py:1833: UndefinedMetricWarning: Precision is ill-defined and being set to 0.0 in labels with no predicted samples. Use `zero_division` parameter to control this behavior.
  _warn_prf(average, modifier, f"{metric.capitalize()} is", result.shape[0])

[2026-01-27T13:17:53.933+0000] {logging_mixin.py:188} WARNING - 2026/01/27 13:17:53 INFO mlflow.sklearn.utils: Logging the 5 best runs, 11 runs will be omitted.
[2026-01-27T13:17:54.038+0000] {logging_mixin.py:188} WARNING - 2026/01/27 13:17:54 WARNING mlflow.utils.autologging_utils: MLflow autologging encountered a warning: "/home/***/.local/lib/python3.12/site-packages/mlflow/types/utils.py:452: UserWarning: Hint: Inferred schema contains integer column(s). Integer columns in Python cannot represent missing values. If your input data contains missing values at inference time, it will be encoded as floats and will cause a schema enforcement error. The best way to avoid this problem is to infer the model schema based on a realistic data sample (training dataset) that includes missing values. Alternatively, you can declare integer columns as doubles (float64) whenever these columns may have missing values. See `Handling Integers With Missing Values <https://www.mlflow.org/docs/latest/models.html#handling-integers-with-missing-values>`_ for more details."
[2026-01-27T13:17:55.036+0000] {logging_mixin.py:188} INFO - 🏃 View run overjoyed-snail-368 at: http://mlflow:5000/#/experiments/1/runs/cf3f592380da4eb9825a2fb8f566b514
[2026-01-27T13:17:55.037+0000] {logging_mixin.py:188} INFO - 🧪 View experiment at: http://mlflow:5000/#/experiments/1
[2026-01-27T13:17:55.454+0000] {logging_mixin.py:188} INFO - 🏃 View run righteous-moth-818 at: http://mlflow:5000/#/experiments/1/runs/c92a483f0f3848dfa4f2a8a53ad0e203
[2026-01-27T13:17:55.457+0000] {logging_mixin.py:188} INFO - 🧪 View experiment at: http://mlflow:5000/#/experiments/1
[2026-01-27T13:17:55.587+0000] {logging_mixin.py:188} INFO - 🏃 View run painted-trout-496 at: http://mlflow:5000/#/experiments/1/runs/2d65f61366e14452bcb0c6b1df159d8f
[2026-01-27T13:17:55.594+0000] {logging_mixin.py:188} INFO - 🧪 View experiment at: http://mlflow:5000/#/experiments/1
[2026-01-27T13:17:55.720+0000] {logging_mixin.py:188} INFO - 🏃 View run abundant-fly-257 at: http://mlflow:5000/#/experiments/1/runs/f2889141c63d456da9212d46a85c29b2
[2026-01-27T13:17:55.721+0000] {logging_mixin.py:188} INFO - 🧪 View experiment at: http://mlflow:5000/#/experiments/1
[2026-01-27T13:17:55.842+0000] {logging_mixin.py:188} INFO - 🏃 View run lyrical-skink-885 at: http://mlflow:5000/#/experiments/1/runs/ded87f2a8ff5481082737cd6b2fa2d11
[2026-01-27T13:17:55.843+0000] {logging_mixin.py:188} INFO - 🧪 View experiment at: http://mlflow:5000/#/experiments/1
[2026-01-27T13:17:56.075+0000] {logging_mixin.py:188} WARNING - Registered model 'churn_model' already exists. Creating a new version of this model...
[2026-01-27T13:17:56.551+0000] {logging_mixin.py:188} WARNING - 2026/01/27 13:17:56 WARNING mlflow.tracking._model_registry.fluent: Run with id 46b17847323f431785a6ff4f2796af38 has no artifacts at artifact path 'model', registering model based on models:/m-b89bc336797048979dffbac8c9e92d57 instead
[2026-01-27T13:17:56.859+0000] {logging_mixin.py:188} WARNING - 2026/01/27 13:17:56 INFO mlflow.store.model_registry.abstract_store: Waiting up to 300 seconds for model version to finish creation. Model name: churn_model, version 10
[2026-01-27T13:17:56.863+0000] {logging_mixin.py:188} WARNING - Created version '10' of model 'churn_model'.
[2026-01-27T13:17:57.154+0000] {logging_mixin.py:188} INFO - 🏃 View run grid_search_tuning at: http://mlflow:5000/#/experiments/1/runs/46b17847323f431785a6ff4f2796af38
[2026-01-27T13:17:57.154+0000] {logging_mixin.py:188} INFO - 🧪 View experiment at: http://mlflow:5000/#/experiments/1
[2026-01-27T13:17:57.312+0000] {python.py:237} INFO - Done. Returned value was: None
[2026-01-27T13:17:57.312+0000] {taskinstance.py:441} INFO - ::group::Post task execution logs
[2026-01-27T13:17:57.326+0000] {taskinstance.py:1205} INFO - Marking task as SUCCESS. dag_id=ml_retraining_pipeline, task_id=model_retraining_task, execution_date=20260127T131710, start_date=20260127T131715, end_date=20260127T131757
[2026-01-27T13:17:57.404+0000] {local_task_job_runner.py:240} INFO - Task exited with return code 0
[2026-01-27T13:17:57.430+0000] {taskinstance.py:3482} INFO - 1 downstream tasks scheduled from follow-on schedule check
[2026-01-27T13:17:57.433+0000] {local_task_job_runner.py:222} INFO - ::endgroup::
