[2026-01-27T11:59:43.786+0000] {local_task_job_runner.py:120} INFO - ::group::Pre task execution logs
[2026-01-27T11:59:43.817+0000] {taskinstance.py:2073} INFO - Dependencies all met for dep_context=non-requeueable deps ti=<TaskInstance: ml_retraining_pipeline.model_retraining_task manual__2026-01-27T11:59:39.516263+00:00 [queued]>
[2026-01-27T11:59:43.830+0000] {taskinstance.py:2073} INFO - Dependencies all met for dep_context=requeueable deps ti=<TaskInstance: ml_retraining_pipeline.model_retraining_task manual__2026-01-27T11:59:39.516263+00:00 [queued]>
[2026-01-27T11:59:43.833+0000] {taskinstance.py:2303} INFO - Starting attempt 1 of 1
[2026-01-27T11:59:43.852+0000] {taskinstance.py:2327} INFO - Executing <Task(PythonOperator): model_retraining_task> on 2026-01-27 11:59:39.516263+00:00
[2026-01-27T11:59:43.868+0000] {warnings.py:110} WARNING - /home/***/.local/lib/python3.12/site-packages/***/task/task_runner/standard_task_runner.py:61: DeprecationWarning: This process (pid=70) is multi-threaded, use of fork() may lead to deadlocks in the child.
  pid = os.fork()

[2026-01-27T11:59:43.870+0000] {standard_task_runner.py:63} INFO - Started process 80 to run task
[2026-01-27T11:59:43.870+0000] {standard_task_runner.py:90} INFO - Running: ['***', 'tasks', 'run', 'ml_retraining_pipeline', 'model_retraining_task', 'manual__2026-01-27T11:59:39.516263+00:00', '--job-id', '365', '--raw', '--subdir', 'DAGS_FOLDER/retraining.py', '--cfg-path', '/tmp/tmpbmxoqc4o']
[2026-01-27T11:59:43.873+0000] {standard_task_runner.py:91} INFO - Job 365: Subtask model_retraining_task
[2026-01-27T11:59:43.926+0000] {task_command.py:426} INFO - Running <TaskInstance: ml_retraining_pipeline.model_retraining_task manual__2026-01-27T11:59:39.516263+00:00 [running]> on host 406e58cacf5a
[2026-01-27T11:59:44.047+0000] {taskinstance.py:2644} INFO - Exporting env vars: AIRFLOW_CTX_DAG_OWNER='***' AIRFLOW_CTX_DAG_ID='ml_retraining_pipeline' AIRFLOW_CTX_TASK_ID='model_retraining_task' AIRFLOW_CTX_EXECUTION_DATE='2026-01-27T11:59:39.516263+00:00' AIRFLOW_CTX_TRY_NUMBER='1' AIRFLOW_CTX_DAG_RUN_ID='manual__2026-01-27T11:59:39.516263+00:00'
[2026-01-27T11:59:44.049+0000] {taskinstance.py:430} INFO - ::endgroup::
[2026-01-27T11:59:44.066+0000] {logging_mixin.py:188} INFO - Connexion à RDS en cours...
[2026-01-27T11:59:45.185+0000] {logging_mixin.py:188} INFO - Extraction réussie : 5834 lignes de réf
[2026-01-27T11:59:45.213+0000] {warnings.py:110} WARNING - /opt/***/src/train_finetune.py:89: SettingWithCopyWarning: 
A value is trying to be set on a copy of a slice from a DataFrame

See the caveats in the documentation: https://pandas.pydata.org/pandas-docs/stable/user_guide/indexing.html#returning-a-view-versus-a-copy
  new_customers.drop(columns=["ct_Last_training"], inplace=True)

[2026-01-27T11:59:45.217+0000] {warnings.py:110} WARNING - /opt/***/src/train_finetune.py:90: SettingWithCopyWarning: 
A value is trying to be set on a copy of a slice from a DataFrame

See the caveats in the documentation: https://pandas.pydata.org/pandas-docs/stable/user_guide/indexing.html#returning-a-view-versus-a-copy
  old_customers.drop(columns=["ct_Last_training"], inplace=True)

[2026-01-27T11:59:45.268+0000] {python.py:237} INFO - Done. Returned value was: None
[2026-01-27T11:59:45.269+0000] {taskinstance.py:441} INFO - ::group::Post task execution logs
[2026-01-27T11:59:45.279+0000] {taskinstance.py:1205} INFO - Marking task as SUCCESS. dag_id=ml_retraining_pipeline, task_id=model_retraining_task, execution_date=20260127T115939, start_date=20260127T115943, end_date=20260127T115945
[2026-01-27T11:59:45.330+0000] {local_task_job_runner.py:240} INFO - Task exited with return code 0
[2026-01-27T11:59:45.356+0000] {taskinstance.py:3482} INFO - 1 downstream tasks scheduled from follow-on schedule check
[2026-01-27T11:59:45.360+0000] {local_task_job_runner.py:222} INFO - ::endgroup::
