[2026-01-27T12:01:28.028+0000] {local_task_job_runner.py:120} INFO - ::group::Pre task execution logs
[2026-01-27T12:01:28.121+0000] {taskinstance.py:2073} INFO - Dependencies all met for dep_context=non-requeueable deps ti=<TaskInstance: ml_retraining_pipeline.model_retraining_task manual__2026-01-27T12:01:08.446514+00:00 [queued]>
[2026-01-27T12:01:28.160+0000] {taskinstance.py:2073} INFO - Dependencies all met for dep_context=requeueable deps ti=<TaskInstance: ml_retraining_pipeline.model_retraining_task manual__2026-01-27T12:01:08.446514+00:00 [queued]>
[2026-01-27T12:01:28.161+0000] {taskinstance.py:2303} INFO - Starting attempt 1 of 1
[2026-01-27T12:01:28.194+0000] {taskinstance.py:2327} INFO - Executing <Task(PythonOperator): model_retraining_task> on 2026-01-27 12:01:08.446514+00:00
[2026-01-27T12:01:28.230+0000] {warnings.py:110} WARNING - /home/***/.local/lib/python3.12/site-packages/***/task/task_runner/standard_task_runner.py:61: DeprecationWarning: This process (pid=147) is multi-threaded, use of fork() may lead to deadlocks in the child.
  pid = os.fork()

[2026-01-27T12:01:28.242+0000] {standard_task_runner.py:63} INFO - Started process 167 to run task
[2026-01-27T12:01:28.242+0000] {standard_task_runner.py:90} INFO - Running: ['***', 'tasks', 'run', 'ml_retraining_pipeline', 'model_retraining_task', 'manual__2026-01-27T12:01:08.446514+00:00', '--job-id', '372', '--raw', '--subdir', 'DAGS_FOLDER/retraining.py', '--cfg-path', '/tmp/tmpvm3ytgh6']
[2026-01-27T12:01:28.259+0000] {standard_task_runner.py:91} INFO - Job 372: Subtask model_retraining_task
[2026-01-27T12:01:28.559+0000] {task_command.py:426} INFO - Running <TaskInstance: ml_retraining_pipeline.model_retraining_task manual__2026-01-27T12:01:08.446514+00:00 [running]> on host 406e58cacf5a
[2026-01-27T12:01:29.324+0000] {taskinstance.py:2644} INFO - Exporting env vars: AIRFLOW_CTX_DAG_OWNER='***' AIRFLOW_CTX_DAG_ID='ml_retraining_pipeline' AIRFLOW_CTX_TASK_ID='model_retraining_task' AIRFLOW_CTX_EXECUTION_DATE='2026-01-27T12:01:08.446514+00:00' AIRFLOW_CTX_TRY_NUMBER='1' AIRFLOW_CTX_DAG_RUN_ID='manual__2026-01-27T12:01:08.446514+00:00'
[2026-01-27T12:01:29.336+0000] {taskinstance.py:430} INFO - ::endgroup::
[2026-01-27T12:01:29.401+0000] {logging_mixin.py:188} INFO - Connexion à RDS en cours...
[2026-01-27T12:01:31.383+0000] {logging_mixin.py:188} INFO - Extraction réussie : 5834 lignes de réf
[2026-01-27T12:01:31.628+0000] {warnings.py:110} WARNING - /opt/***/src/train_finetune.py:89: SettingWithCopyWarning: 
A value is trying to be set on a copy of a slice from a DataFrame

See the caveats in the documentation: https://pandas.pydata.org/pandas-docs/stable/user_guide/indexing.html#returning-a-view-versus-a-copy
  new_customers.drop(columns=["ct_Last_training"], inplace=True)

[2026-01-27T12:01:31.659+0000] {warnings.py:110} WARNING - /opt/***/src/train_finetune.py:90: SettingWithCopyWarning: 
A value is trying to be set on a copy of a slice from a DataFrame

See the caveats in the documentation: https://pandas.pydata.org/pandas-docs/stable/user_guide/indexing.html#returning-a-view-versus-a-copy
  old_customers.drop(columns=["ct_Last_training"], inplace=True)

[2026-01-27T12:01:32.033+0000] {python.py:237} INFO - Done. Returned value was: None
[2026-01-27T12:01:32.039+0000] {taskinstance.py:441} INFO - ::group::Post task execution logs
[2026-01-27T12:01:32.090+0000] {taskinstance.py:1205} INFO - Marking task as SUCCESS. dag_id=ml_retraining_pipeline, task_id=model_retraining_task, execution_date=20260127T120108, start_date=20260127T120128, end_date=20260127T120132
[2026-01-27T12:01:32.179+0000] {local_task_job_runner.py:240} INFO - Task exited with return code 0
[2026-01-27T12:01:32.242+0000] {taskinstance.py:3482} INFO - 1 downstream tasks scheduled from follow-on schedule check
[2026-01-27T12:01:32.250+0000] {local_task_job_runner.py:222} INFO - ::endgroup::
