[2026-01-27T11:59:19.165+0000] {local_task_job_runner.py:120} INFO - ::group::Pre task execution logs
[2026-01-27T11:59:19.206+0000] {taskinstance.py:2073} INFO - Dependencies all met for dep_context=non-requeueable deps ti=<TaskInstance: ml_retraining_pipeline.model_retraining_task manual__2026-01-27T11:59:05.767444+00:00 [queued]>
[2026-01-27T11:59:19.218+0000] {taskinstance.py:2073} INFO - Dependencies all met for dep_context=requeueable deps ti=<TaskInstance: ml_retraining_pipeline.model_retraining_task manual__2026-01-27T11:59:05.767444+00:00 [queued]>
[2026-01-27T11:59:19.219+0000] {taskinstance.py:2303} INFO - Starting attempt 1 of 1
[2026-01-27T11:59:19.240+0000] {taskinstance.py:2327} INFO - Executing <Task(PythonOperator): model_retraining_task> on 2026-01-27 11:59:05.767444+00:00
[2026-01-27T11:59:19.259+0000] {warnings.py:110} WARNING - /home/***/.local/lib/python3.12/site-packages/***/task/task_runner/standard_task_runner.py:61: DeprecationWarning: This process (pid=48) is multi-threaded, use of fork() may lead to deadlocks in the child.
  pid = os.fork()

[2026-01-27T11:59:19.262+0000] {standard_task_runner.py:63} INFO - Started process 58 to run task
[2026-01-27T11:59:19.262+0000] {standard_task_runner.py:90} INFO - Running: ['***', 'tasks', 'run', 'ml_retraining_pipeline', 'model_retraining_task', 'manual__2026-01-27T11:59:05.767444+00:00', '--job-id', '363', '--raw', '--subdir', 'DAGS_FOLDER/retraining.py', '--cfg-path', '/tmp/tmp9mqdprh6']
[2026-01-27T11:59:19.266+0000] {standard_task_runner.py:91} INFO - Job 363: Subtask model_retraining_task
[2026-01-27T11:59:19.342+0000] {task_command.py:426} INFO - Running <TaskInstance: ml_retraining_pipeline.model_retraining_task manual__2026-01-27T11:59:05.767444+00:00 [running]> on host 406e58cacf5a
[2026-01-27T11:59:19.505+0000] {taskinstance.py:2644} INFO - Exporting env vars: AIRFLOW_CTX_DAG_OWNER='***' AIRFLOW_CTX_DAG_ID='ml_retraining_pipeline' AIRFLOW_CTX_TASK_ID='model_retraining_task' AIRFLOW_CTX_EXECUTION_DATE='2026-01-27T11:59:05.767444+00:00' AIRFLOW_CTX_TRY_NUMBER='1' AIRFLOW_CTX_DAG_RUN_ID='manual__2026-01-27T11:59:05.767444+00:00'
[2026-01-27T11:59:19.507+0000] {taskinstance.py:430} INFO - ::endgroup::
[2026-01-27T11:59:19.567+0000] {logging_mixin.py:188} INFO - Connexion à RDS en cours...
[2026-01-27T11:59:20.834+0000] {logging_mixin.py:188} INFO - Extraction réussie : 5834 lignes de réf
[2026-01-27T11:59:20.887+0000] {warnings.py:110} WARNING - /opt/***/src/train_finetune.py:89: SettingWithCopyWarning: 
A value is trying to be set on a copy of a slice from a DataFrame

See the caveats in the documentation: https://pandas.pydata.org/pandas-docs/stable/user_guide/indexing.html#returning-a-view-versus-a-copy
  new_customers.drop(columns=["ct_Last_training"], inplace=True)

[2026-01-27T11:59:20.892+0000] {warnings.py:110} WARNING - /opt/***/src/train_finetune.py:90: SettingWithCopyWarning: 
A value is trying to be set on a copy of a slice from a DataFrame

See the caveats in the documentation: https://pandas.pydata.org/pandas-docs/stable/user_guide/indexing.html#returning-a-view-versus-a-copy
  old_customers.drop(columns=["ct_Last_training"], inplace=True)

[2026-01-27T11:59:21.200+0000] {python.py:237} INFO - Done. Returned value was: None
[2026-01-27T11:59:21.201+0000] {taskinstance.py:441} INFO - ::group::Post task execution logs
[2026-01-27T11:59:21.213+0000] {taskinstance.py:1205} INFO - Marking task as SUCCESS. dag_id=ml_retraining_pipeline, task_id=model_retraining_task, execution_date=20260127T115905, start_date=20260127T115919, end_date=20260127T115921
[2026-01-27T11:59:21.285+0000] {local_task_job_runner.py:240} INFO - Task exited with return code 0
[2026-01-27T11:59:21.316+0000] {taskinstance.py:3482} INFO - 1 downstream tasks scheduled from follow-on schedule check
[2026-01-27T11:59:21.323+0000] {local_task_job_runner.py:222} INFO - ::endgroup::
